This file contains any messages produced by compilers while
running configure, to aid debugging if configure makes a mistake.

It was created by configure, which was
generated by GNU Autoconf 2.57.  Invocation command line was

  $ ./configure 

## --------- ##
## Platform. ##
## --------- ##

hostname = bioinfo.csie.ncu.edu.tw
uname -m = i686
uname -r = 2.4.20-8smp
uname -s = Linux
uname -v = #1 SMP Thu Mar 13 17:45:54 EST 2003

/usr/bin/uname -p = unknown
/bin/uname -X     = unknown

/bin/arch              = i686
/usr/bin/arch -k       = unknown
/usr/convex/getsysinfo = unknown
hostinfo               = unknown
/bin/machine           = unknown
/usr/bin/oslevel       = unknown
/bin/universe          = unknown

PATH: /usr/java/jdk1.5.0_09/bin
PATH: /usr/kerberos/sbin
PATH: /usr/kerberos/bin
PATH: /usr/local/sbin
PATH: /usr/bin
PATH: /bin
PATH: /usr/sbin
PATH: /sbin
PATH: /usr/local/bin
PATH: /usr/X11R6/bin
PATH: /root/bin
PATH: /home/mooncat/TOOL/rnamotif-3.0.0/src
PATH: /home/mooncat/TOOL/mfold-3.1.2/bin


## ----------- ##
## Core tests. ##
## ----------- ##

configure:1306: checking for a BSD-compatible install
configure:1360: result: /usr/bin/install -c
configure:1371: checking whether build environment is sane
configure:1414: result: yes
configure:1447: checking for gawk
configure:1463: found /usr/bin/gawk
configure:1473: result: gawk
configure:1483: checking whether make sets $(MAKE)
configure:1503: result: yes
configure:1663: checking build system type
configure:1681: result: i686-pc-linux-gnu
configure:1689: checking host system type
configure:1703: result: i686-pc-linux-gnu
configure:1757: checking for gcc
configure:1773: found /usr/bin/gcc
configure:1783: result: gcc
configure:2027: checking for C compiler version
configure:2030: gcc --version </dev/null >&5
gcc (GCC) 3.2.2 20030222 (Red Hat Linux 3.2.2-5)
Copyright (C) 2002 Free Software Foundation, Inc.
This is free software; see the source for copying conditions.  There is NO
warranty; not even for MERCHANTABILITY or FITNESS FOR A PARTICULAR PURPOSE.

configure:2033: $? = 0
configure:2035: gcc -v </dev/null >&5
Reading specs from /usr/lib/gcc-lib/i386-redhat-linux/3.2.2/specs
Configured with: ../configure --prefix=/usr --mandir=/usr/share/man --infodir=/usr/share/info --enable-shared --enable-threads=posix --disable-checking --with-system-zlib --enable-__cxa_atexit --host=i386-redhat-linux
Thread model: posix
gcc version 3.2.2 20030222 (Red Hat Linux 3.2.2-5)
configure:2038: $? = 0
configure:2040: gcc -V </dev/null >&5
gcc: argument to `-V' is missing
configure:2043: $? = 1
configure:2067: checking for C compiler default output
configure:2070: gcc    conftest.c  >&5
configure:2073: $? = 0
configure:2119: result: a.out
configure:2124: checking whether the C compiler works
configure:2130: ./a.out
configure:2133: $? = 0
configure:2150: result: yes
configure:2157: checking whether we are cross compiling
configure:2159: result: no
configure:2162: checking for suffix of executables
configure:2164: gcc -o conftest    conftest.c  >&5
configure:2167: $? = 0
configure:2192: result: 
configure:2198: checking for suffix of object files
configure:2220: gcc -c   conftest.c >&5
configure:2223: $? = 0
configure:2245: result: o
configure:2249: checking whether we are using the GNU C compiler
configure:2274: gcc -c   conftest.c >&5
configure:2277: $? = 0
configure:2280: test -s conftest.o
configure:2283: $? = 0
configure:2296: result: yes
configure:2302: checking whether gcc accepts -g
configure:2324: gcc -c -g  conftest.c >&5
configure:2327: $? = 0
configure:2330: test -s conftest.o
configure:2333: $? = 0
configure:2344: result: yes
configure:2361: checking for gcc option to accept ANSI C
configure:2422: gcc  -c -g -O2  conftest.c >&5
configure:2425: $? = 0
configure:2428: test -s conftest.o
configure:2431: $? = 0
configure:2449: result: none needed
configure:2467: gcc -c -g -O2  conftest.c >&5
conftest.c:2: parse error before "me"
configure:2470: $? = 1
configure: failed program was:
| #ifndef __cplusplus
|   choke me
| #endif
configure:2598: checking for style of include used by make
configure:2626: result: GNU
configure:2654: checking dependency style of gcc
configure:2716: result: gcc3
configure:2746: checking for a BSD-compatible install
configure:2800: result: /usr/bin/install -c
configure:2852: checking for ranlib
configure:2868: found /usr/bin/ranlib
configure:2879: result: ranlib
configure:2897: checking how to run the C preprocessor
configure:2933: gcc -E  conftest.c
configure:2939: $? = 0
configure:2971: gcc -E  conftest.c
configure:2973:28: ac_nonexistent.h: No such file or directory
configure:2977: $? = 1
configure: failed program was:
| #line 2962 "configure"
| /* confdefs.h.  */
| 
| #define PACKAGE_NAME ""
| #define PACKAGE_TARNAME ""
| #define PACKAGE_VERSION ""
| #define PACKAGE_STRING ""
| #define PACKAGE_BUGREPORT ""
| #define PACKAGE "miRanda"
| #define VERSION "3.0"
| #define UNUSED __attribute__ ((unused))
| /* end confdefs.h.  */
| #include <ac_nonexistent.h>
configure:3015: result: gcc -E
configure:3040: gcc -E  conftest.c
configure:3046: $? = 0
configure:3078: gcc -E  conftest.c
configure:3080:28: ac_nonexistent.h: No such file or directory
configure:3084: $? = 1
configure: failed program was:
| #line 3069 "configure"
| /* confdefs.h.  */
| 
| #define PACKAGE_NAME ""
| #define PACKAGE_TARNAME ""
| #define PACKAGE_VERSION ""
| #define PACKAGE_STRING ""
| #define PACKAGE_BUGREPORT ""
| #define PACKAGE "miRanda"
| #define VERSION "3.0"
| #define UNUSED __attribute__ ((unused))
| /* end confdefs.h.  */
| #include <ac_nonexistent.h>
configure:3127: checking for egrep
configure:3137: result: grep -E
configure:3142: checking for ANSI C header files
configure:3168: gcc -c -g -O2  conftest.c >&5
configure:3171: $? = 0
configure:3174: test -s conftest.o
configure:3177: $? = 0
configure:3266: gcc -o conftest -g -O2   conftest.c  >&5
configure:3269: $? = 0
configure:3271: ./conftest
configure:3274: $? = 0
configure:3289: result: yes
configure:3313: checking for sys/types.h
configure:3330: gcc -c -g -O2  conftest.c >&5
configure:3333: $? = 0
configure:3336: test -s conftest.o
configure:3339: $? = 0
configure:3350: result: yes
configure:3313: checking for sys/stat.h
configure:3330: gcc -c -g -O2  conftest.c >&5
configure:3333: $? = 0
configure:3336: test -s conftest.o
configure:3339: $? = 0
configure:3350: result: yes
configure:3313: checking for stdlib.h
configure:3330: gcc -c -g -O2  conftest.c >&5
configure:3333: $? = 0
configure:3336: test -s conftest.o
configure:3339: $? = 0
configure:3350: result: yes
configure:3313: checking for string.h
configure:3330: gcc -c -g -O2  conftest.c >&5
configure:3333: $? = 0
configure:3336: test -s conftest.o
configure:3339: $? = 0
configure:3350: result: yes
configure:3313: checking for memory.h
configure:3330: gcc -c -g -O2  conftest.c >&5
configure:3333: $? = 0
configure:3336: test -s conftest.o
configure:3339: $? = 0
configure:3350: result: yes
configure:3313: checking for strings.h
configure:3330: gcc -c -g -O2  conftest.c >&5
configure:3333: $? = 0
configure:3336: test -s conftest.o
configure:3339: $? = 0
configure:3350: result: yes
configure:3313: checking for inttypes.h
configure:3330: gcc -c -g -O2  conftest.c >&5
configure:3333: $? = 0
configure:3336: test -s conftest.o
configure:3339: $? = 0
configure:3350: result: yes
configure:3313: checking for stdint.h
configure:3330: gcc -c -g -O2  conftest.c >&5
configure:3333: $? = 0
configure:3336: test -s conftest.o
configure:3339: $? = 0
configure:3350: result: yes
configure:3313: checking for unistd.h
configure:3330: gcc -c -g -O2  conftest.c >&5
configure:3333: $? = 0
configure:3336: test -s conftest.o
configure:3339: $? = 0
configure:3350: result: yes
configure:3378: checking malloc.h usability
configure:3391: gcc -c -g -O2  conftest.c >&5
configure:3394: $? = 0
configure:3397: test -s conftest.o
configure:3400: $? = 0
configure:3410: result: yes
configure:3414: checking malloc.h presence
configure:3425: gcc -E  conftest.c
configure:3431: $? = 0
configure:3450: result: yes
configure:3486: checking for malloc.h
configure:3493: result: yes
configure:3369: checking for strings.h
configure:3374: result: yes
configure:3369: checking for unistd.h
configure:3374: result: yes
configure:3516: checking for strdup
configure:3566: gcc -o conftest -g -O2   conftest.c  >&5
configure:3569: $? = 0
configure:3572: test -s conftest
configure:3575: $? = 0
configure:3586: result: yes
configure:3516: checking for strstr
configure:3566: gcc -o conftest -g -O2   conftest.c  >&5
configure:3562: warning: conflicting types for built-in function `strstr'
configure:3569: $? = 0
configure:3572: test -s conftest
configure:3575: $? = 0
configure:3586: result: yes
configure:3516: checking for strchr
configure:3566: gcc -o conftest -g -O2   conftest.c  >&5
configure:3563: warning: conflicting types for built-in function `strchr'
configure:3569: $? = 0
configure:3572: test -s conftest
configure:3575: $? = 0
configure:3586: result: yes
configure:3516: checking for erand48
configure:3566: gcc -o conftest -g -O2   conftest.c  >&5
configure:3569: $? = 0
configure:3572: test -s conftest
configure:3575: $? = 0
configure:3586: result: yes
configure:3516: checking for memset
configure:3566: gcc -o conftest -g -O2   conftest.c  >&5
configure:3565: warning: conflicting types for built-in function `memset'
configure:3569: $? = 0
configure:3572: test -s conftest
configure:3575: $? = 0
configure:3586: result: yes
configure:3516: checking for srand48
configure:3566: gcc -o conftest -g -O2   conftest.c  >&5
configure:3569: $? = 0
configure:3572: test -s conftest
configure:3575: $? = 0
configure:3586: result: yes
configure:3516: checking for lrand48
configure:3566: gcc -o conftest -g -O2   conftest.c  >&5
configure:3569: $? = 0
configure:3572: test -s conftest
configure:3575: $? = 0
configure:3586: result: yes
configure:3699: creating ./config.status

## ---------------------- ##
## Running config.status. ##
## ---------------------- ##

This file was extended by config.status, which was
generated by GNU Autoconf 2.57.  Invocation command line was

  CONFIG_FILES    = 
  CONFIG_HEADERS  = 
  CONFIG_LINKS    = 
  CONFIG_COMMANDS = 
  $ ./config.status 

on bioinfo.csie.ncu.edu.tw

config.status:663: creating Makefile
config.status:663: creating RNAlib/Makefile
config.status:663: creating RNAlib/H/Makefile
config.status:663: creating src/Makefile
config.status:663: creating man/Makefile
config.status:767: creating config.h
config.status:894: config.h is unchanged
config.status:1000: executing depfiles commands

## ---------------- ##
## Cache variables. ##
## ---------------- ##

ac_cv_build=i686-pc-linux-gnu
ac_cv_build_alias=i686-pc-linux-gnu
ac_cv_c_compiler_gnu=yes
ac_cv_env_CC_set=
ac_cv_env_CC_value=
ac_cv_env_CFLAGS_set=
ac_cv_env_CFLAGS_value=
ac_cv_env_CPPFLAGS_set=
ac_cv_env_CPPFLAGS_value=
ac_cv_env_CPP_set=
ac_cv_env_CPP_value=
ac_cv_env_LDFLAGS_set=
ac_cv_env_LDFLAGS_value=
ac_cv_env_build_alias_set=
ac_cv_env_build_alias_value=
ac_cv_env_host_alias_set=
ac_cv_env_host_alias_value=
ac_cv_env_target_alias_set=
ac_cv_env_target_alias_value=
ac_cv_exeext=
ac_cv_func_erand48=yes
ac_cv_func_lrand48=yes
ac_cv_func_memset=yes
ac_cv_func_srand48=yes
ac_cv_func_strchr=yes
ac_cv_func_strdup=yes
ac_cv_func_strstr=yes
ac_cv_header_inttypes_h=yes
ac_cv_header_malloc_h=yes
ac_cv_header_memory_h=yes
ac_cv_header_stdc=yes
ac_cv_header_stdint_h=yes
ac_cv_header_stdlib_h=yes
ac_cv_header_string_h=yes
ac_cv_header_strings_h=yes
ac_cv_header_sys_stat_h=yes
ac_cv_header_sys_types_h=yes
ac_cv_header_unistd_h=yes
ac_cv_host=i686-pc-linux-gnu
ac_cv_host_alias=i686-pc-linux-gnu
ac_cv_objext=o
ac_cv_path_install='/usr/bin/install -c'
ac_cv_prog_AWK=gawk
ac_cv_prog_CPP='gcc -E'
ac_cv_prog_ac_ct_CC=gcc
ac_cv_prog_ac_ct_RANLIB=ranlib
ac_cv_prog_cc_g=yes
ac_cv_prog_cc_stdc=
ac_cv_prog_egrep='grep -E'
ac_cv_prog_make_make_set=yes
am_cv_CC_dependencies_compiler_type=gcc3

## ----------------- ##
## Output variables. ##
## ----------------- ##

ACLOCAL='${SHELL} /home/mooncat/RNAcisFinder/miRanda/miranda/missing --run aclocal-1.6'
AMDEPBACKSLASH='\'
AMDEP_FALSE='#'
AMDEP_TRUE=''
AMTAR='${SHELL} /home/mooncat/RNAcisFinder/miRanda/miranda/missing --run tar'
AUTOCONF='${SHELL} /home/mooncat/RNAcisFinder/miRanda/miranda/missing --run autoconf'
AUTOHEADER='${SHELL} /home/mooncat/RNAcisFinder/miRanda/miranda/missing --run autoheader'
AUTOMAKE='${SHELL} /home/mooncat/RNAcisFinder/miRanda/miranda/missing --run automake-1.6'
AWK='gawk'
CC='gcc'
CCDEPMODE='depmode=gcc3'
CFLAGS='-g -O2'
CPP='gcc -E'
CPPFLAGS=''
DEFS='-DHAVE_CONFIG_H'
DEPDIR='.deps'
ECHO_C=''
ECHO_N='-n'
ECHO_T=''
EGREP='grep -E'
EXEEXT=''
INSTALL_DATA='${INSTALL} -m 644'
INSTALL_PROGRAM='${INSTALL}'
INSTALL_SCRIPT='${INSTALL}'
INSTALL_STRIP_PROGRAM='${SHELL} $(install_sh) -c -s'
ISODATE='2009-05-24'
LDFLAGS=''
LIBOBJS=''
LIBS=''
LTLIBOBJS=''
MAKEINFO='${SHELL} /home/mooncat/RNAcisFinder/miRanda/miranda/missing --run makeinfo'
OBJEXT='o'
PACKAGE='miRanda'
PACKAGE_BUGREPORT=''
PACKAGE_NAME=''
PACKAGE_STRING=''
PACKAGE_TARNAME=''
PACKAGE_VERSION=''
PATH_SEPARATOR=':'
RANLIB='ranlib'
SET_MAKE=''
SHELL='/bin/sh'
STRIP=''
VERSION='3.0'
ac_ct_CC='gcc'
ac_ct_RANLIB='ranlib'
ac_ct_STRIP=''
am__include='include'
am__quote=''
bindir='${exec_prefix}/bin'
build='i686-pc-linux-gnu'
build_alias=''
build_cpu='i686'
build_os='linux-gnu'
build_vendor='pc'
datadir='${prefix}/share'
exec_prefix='${prefix}'
host='i686-pc-linux-gnu'
host_alias=''
host_cpu='i686'
host_os='linux-gnu'
host_vendor='pc'
includedir='${prefix}/include'
infodir='${prefix}/info'
install_sh='/home/mooncat/RNAcisFinder/miRanda/miranda/install-sh'
libdir='${exec_prefix}/lib'
libexecdir='${exec_prefix}/libexec'
localstatedir='${prefix}/var'
mandir='${prefix}/man'
oldincludedir='/usr/include'
prefix='/usr/local'
program_transform_name='s,x,x,'
sbindir='${exec_prefix}/sbin'
sharedstatedir='${prefix}/com'
sysconfdir='${prefix}/etc'
target_alias=''

## ----------- ##
## confdefs.h. ##
## ----------- ##

#define HAVE_ERAND48 1
#define HAVE_INTTYPES_H 1
#define HAVE_LRAND48 1
#define HAVE_MALLOC_H 1
#define HAVE_MEMORY_H 1
#define HAVE_MEMSET 1
#define HAVE_SRAND48 1
#define HAVE_STDINT_H 1
#define HAVE_STDLIB_H 1
#define HAVE_STRCHR 1
#define HAVE_STRDUP 1
#define HAVE_STRINGS_H 1
#define HAVE_STRINGS_H 1
#define HAVE_STRING_H 1
#define HAVE_STRSTR 1
#define HAVE_SYS_STAT_H 1
#define HAVE_SYS_TYPES_H 1
#define HAVE_UNISTD_H 1
#define HAVE_UNISTD_H 1
#define PACKAGE "miRanda"
#define PACKAGE_BUGREPORT ""
#define PACKAGE_NAME ""
#define PACKAGE_STRING ""
#define PACKAGE_TARNAME ""
#define PACKAGE_VERSION ""
#define STDC_HEADERS 1
#define UNUSED __attribute__ ((unused))
#define VERSION "3.0"

configure: exit 0
