This file contains any messages produced by compilers while
running configure, to aid debugging if configure makes a mistake.

It was created by Infernal configure 1.1.4, which was
generated by GNU Autoconf 2.69.  Invocation command line was

  $ ./configure --prefix=/home/RegRNA/public_html/program/infernal-1.1.4

## --------- ##
## Platform. ##
## --------- ##

hostname = Web01
uname -m = x86_64
uname -r = 3.10.0-1160.66.1.el7.x86_64
uname -s = Linux
uname -v = #1 SMP Wed May 18 16:02:34 UTC 2022

/usr/bin/uname -p = x86_64
/bin/uname -X     = unknown

/bin/arch              = x86_64
/usr/bin/arch -k       = unknown
/usr/convex/getsysinfo = unknown
/usr/bin/hostinfo      = unknown
/bin/machine           = unknown
/usr/bin/oslevel       = unknown
/bin/universe          = unknown

PATH: /opt/anaconda3/bin
PATH: /opt/anaconda3/condabin
PATH: /usr/local/bin
PATH: /usr/bin
PATH: /usr/local/sbin
PATH: /usr/sbin
PATH: /home/RegRNA/public_html/program/
PATH: /home/RegRNA/public_html/program/blast-2.2.20/bin/
PATH: /home/RegRNA/.local/bin
PATH: /home/RegRNA/bin


## ----------- ##
## Core tests. ##
## ----------- ##

configure:2291: Configuring Infernal for your system.
configure:2490: checking build system type
configure:2504: result: x86_64-pc-linux-gnu
configure:2524: checking host system type
configure:2537: result: x86_64-pc-linux-gnu
configure:2687: checking whether to compile using MPI
configure:2694: result: no
configure:2851: checking for gcc
configure:2867: found /usr/bin/gcc
configure:2878: result: gcc
configure:3107: checking for C compiler version
configure:3116: gcc --version >&5
gcc (GCC) 8.3.1 20190311 (Red Hat 8.3.1-3)
Copyright (C) 2018 Free Software Foundation, Inc.
This is free software; see the source for copying conditions.  There is NO
warranty; not even for MERCHANTABILITY or FITNESS FOR A PARTICULAR PURPOSE.

configure:3127: $? = 0
configure:3116: gcc -v >&5
Using built-in specs.
COLLECT_GCC=gcc
COLLECT_LTO_WRAPPER=/opt/rh/devtoolset-8/root/usr/libexec/gcc/x86_64-redhat-linux/8/lto-wrapper
Target: x86_64-redhat-linux
Configured with: ../configure --enable-bootstrap --enable-languages=c,c++,fortran,lto --prefix=/opt/rh/devtoolset-8/root/usr --mandir=/opt/rh/devtoolset-8/root/usr/share/man --infodir=/opt/rh/devtoolset-8/root/usr/share/info --with-bugurl=http://bugzilla.redhat.com/bugzilla --enable-shared --enable-threads=posix --enable-checking=release --enable-multilib --with-system-zlib --enable-__cxa_atexit --disable-libunwind-exceptions --enable-gnu-unique-object --enable-linker-build-id --with-gcc-major-version-only --with-linker-hash-style=gnu --with-default-libstdcxx-abi=gcc4-compatible --enable-plugin --enable-initfini-array --with-isl=/builddir/build/BUILD/gcc-8.3.1-20190311/obj-x86_64-redhat-linux/isl-install --disable-libmpx --enable-gnu-indirect-function --with-tune=generic --with-arch_32=x86-64 --build=x86_64-redhat-linux
Thread model: posix
gcc version 8.3.1 20190311 (Red Hat 8.3.1-3) (GCC) 
configure:3127: $? = 0
configure:3116: gcc -V >&5
gcc: error: unrecognized command line option '-V'
gcc: fatal error: no input files
compilation terminated.
configure:3127: $? = 1
configure:3116: gcc -qversion >&5
gcc: error: unrecognized command line option '-qversion'; did you mean '--version'?
gcc: fatal error: no input files
compilation terminated.
configure:3127: $? = 1
configure:3147: checking whether the C compiler works
configure:3169: gcc    conftest.c  >&5
configure:3173: $? = 0
configure:3221: result: yes
configure:3224: checking for C compiler default output file name
configure:3226: result: a.out
configure:3232: checking for suffix of executables
configure:3239: gcc -o conftest    conftest.c  >&5
configure:3243: $? = 0
configure:3265: result: 
configure:3287: checking whether we are cross compiling
configure:3295: gcc -o conftest    conftest.c  >&5
configure:3299: $? = 0
configure:3306: ./conftest
configure:3310: $? = 0
configure:3325: result: no
configure:3330: checking for suffix of object files
configure:3352: gcc -c   conftest.c >&5
configure:3356: $? = 0
configure:3377: result: o
configure:3381: checking whether we are using the GNU C compiler
configure:3400: gcc -c   conftest.c >&5
configure:3400: $? = 0
configure:3409: result: yes
configure:3418: checking whether gcc accepts -g
configure:3438: gcc -c -g  conftest.c >&5
configure:3438: $? = 0
configure:3479: result: yes
configure:3496: checking for gcc option to accept ISO C89
configure:3559: gcc  -c -g -O2  conftest.c >&5
configure:3559: $? = 0
configure:3572: result: none needed
configure:3725: checking for gcc option to accept ISO C99
configure:3874: gcc  -c -g -O2  conftest.c >&5
configure:3874: $? = 0
configure:3887: result: none needed
configure:3995: checking for gcc option to accept ISO Standard C
configure:4006: result: none needed
configure:4018: checking how to run the C preprocessor
configure:4049: gcc -E  conftest.c
configure:4049: $? = 0
configure:4063: gcc -E  conftest.c
conftest.c:25:10: fatal error: ac_nonexistent.h: No such file or directory
 #include <ac_nonexistent.h>
          ^~~~~~~~~~~~~~~~~~
compilation terminated.
configure:4063: $? = 1
configure: failed program was:
| /* confdefs.h */
| #define PACKAGE_NAME "Infernal"
| #define PACKAGE_TARNAME "infernal"
| #define PACKAGE_VERSION "1.1.4"
| #define PACKAGE_STRING "Infernal 1.1.4"
| #define PACKAGE_BUGREPORT "eric.nawrocki@nih.gov"
| #define PACKAGE_URL ""
| #define INFERNAL_DATE "Dec 2020"
| #define INFERNAL_COPYRIGHT "Copyright (C) 2020 Howard Hughes Medical Institute."
| #define INFERNAL_LICENSE "Freely distributed under the BSD open source license."
| #define INFERNAL_VERSION "1.1.4"
| #define INFERNAL_URL "http://eddylab.org/infernal/"
| #define HMMER_DATE "Nov 2020"
| #define HMMER_COPYRIGHT "Copyright (C) 2020 Howard Hughes Medical Institute."
| #define HMMER_LICENSE "Freely distributed under the BSD open source license."
| #define HMMER_VERSION "3.3.2"
| #define HMMER_URL "http://hmmer.org/"
| #define EASEL_DATE "Nov 2020"
| #define EASEL_COPYRIGHT "Copyright (C) 2020 Howard Hughes Medical Institute."
| #define EASEL_LICENSE "Freely distributed under the BSD open source license."
| #define EASEL_VERSION "0.48"
| #define EASEL_URL "http://bioeasel.org/"
| #define eslDEBUGLEVEL 0
| /* end confdefs.h.  */
| #include <ac_nonexistent.h>
configure:4088: result: gcc -E
configure:4108: gcc -E  conftest.c
configure:4108: $? = 0
configure:4122: gcc -E  conftest.c
conftest.c:25:10: fatal error: ac_nonexistent.h: No such file or directory
 #include <ac_nonexistent.h>
          ^~~~~~~~~~~~~~~~~~
compilation terminated.
configure:4122: $? = 1
configure: failed program was:
| /* confdefs.h */
| #define PACKAGE_NAME "Infernal"
| #define PACKAGE_TARNAME "infernal"
| #define PACKAGE_VERSION "1.1.4"
| #define PACKAGE_STRING "Infernal 1.1.4"
| #define PACKAGE_BUGREPORT "eric.nawrocki@nih.gov"
| #define PACKAGE_URL ""
| #define INFERNAL_DATE "Dec 2020"
| #define INFERNAL_COPYRIGHT "Copyright (C) 2020 Howard Hughes Medical Institute."
| #define INFERNAL_LICENSE "Freely distributed under the BSD open source license."
| #define INFERNAL_VERSION "1.1.4"
| #define INFERNAL_URL "http://eddylab.org/infernal/"
| #define HMMER_DATE "Nov 2020"
| #define HMMER_COPYRIGHT "Copyright (C) 2020 Howard Hughes Medical Institute."
| #define HMMER_LICENSE "Freely distributed under the BSD open source license."
| #define HMMER_VERSION "3.3.2"
| #define HMMER_URL "http://hmmer.org/"
| #define EASEL_DATE "Nov 2020"
| #define EASEL_COPYRIGHT "Copyright (C) 2020 Howard Hughes Medical Institute."
| #define EASEL_LICENSE "Freely distributed under the BSD open source license."
| #define EASEL_VERSION "0.48"
| #define EASEL_URL "http://bioeasel.org/"
| #define eslDEBUGLEVEL 0
| /* end confdefs.h.  */
| #include <ac_nonexistent.h>
configure:4164: checking for a BSD-compatible install
configure:4232: result: /usr/bin/install -c
configure:4286: checking for ranlib
configure:4302: found /usr/bin/ranlib
configure:4313: result: ranlib
configure:4337: checking for ar
configure:4356: found /usr/bin/ar
configure:4369: result: /usr/bin/ar
configure:4377: checking whether ln -s works
configure:4381: result: yes
configure:4524: checking for a sed that does not truncate output
configure:4588: result: /usr/bin/sed
configure:4594: checking for grep that handles long lines and -e
configure:4652: result: /usr/bin/grep
configure:4657: checking for egrep
configure:4719: result: /usr/bin/grep -E
configure:4907: checking whether gcc is Clang
configure:4932: result: no
configure:5055: checking whether pthreads work with -pthread
configure:5149: gcc -o conftest -O3 -pthread   conftest.c   >&5
configure:5149: $? = 0
configure:5158: result: yes
configure:5177: checking for joinable pthread attribute
configure:5195: gcc -o conftest -O3 -pthread   conftest.c   >&5
configure:5195: $? = 0
configure:5203: result: PTHREAD_CREATE_JOINABLE
configure:5217: checking whether more special flags are required for pthreads
configure:5230: result: no
configure:5238: checking for PTHREAD_PRIO_INHERIT
configure:5254: gcc -o conftest -O3 -pthread   conftest.c   >&5
configure:5254: $? = 0
configure:5263: result: yes
configure:5403: checking whether gcc can compile our Altivec/VMX code
configure:5435: gcc -o conftest -O3   conftest.c  >&5
conftest.c:29:10: fatal error: altivec.h: No such file or directory
 #include <altivec.h>
          ^~~~~~~~~~~
compilation terminated.
configure:5435: $? = 1
configure: failed program was:
| /* confdefs.h */
| #define PACKAGE_NAME "Infernal"
| #define PACKAGE_TARNAME "infernal"
| #define PACKAGE_VERSION "1.1.4"
| #define PACKAGE_STRING "Infernal 1.1.4"
| #define PACKAGE_BUGREPORT "eric.nawrocki@nih.gov"
| #define PACKAGE_URL ""
| #define INFERNAL_DATE "Dec 2020"
| #define INFERNAL_COPYRIGHT "Copyright (C) 2020 Howard Hughes Medical Institute."
| #define INFERNAL_LICENSE "Freely distributed under the BSD open source license."
| #define INFERNAL_VERSION "1.1.4"
| #define INFERNAL_URL "http://eddylab.org/infernal/"
| #define HMMER_DATE "Nov 2020"
| #define HMMER_COPYRIGHT "Copyright (C) 2020 Howard Hughes Medical Institute."
| #define HMMER_LICENSE "Freely distributed under the BSD open source license."
| #define HMMER_VERSION "3.3.2"
| #define HMMER_URL "http://hmmer.org/"
| #define EASEL_DATE "Nov 2020"
| #define EASEL_COPYRIGHT "Copyright (C) 2020 Howard Hughes Medical Institute."
| #define EASEL_LICENSE "Freely distributed under the BSD open source license."
| #define EASEL_VERSION "0.48"
| #define EASEL_URL "http://bioeasel.org/"
| #define eslDEBUGLEVEL 0
| #define HAVE_PTHREAD_PRIO_INHERIT 1
| #define HAVE_PTHREAD 1
| #define HMMER_THREADS 1
| /* end confdefs.h.  */
| 
| #include <altivec.h>
| #include <stdint.h>
| int stub_vmx(void) {
| vector signed int v1,v2;
| union { vector signed int v; int32_t x[4]; } v3;
| v1   = vec_splat_s32(6);
| v2   = vec_splat_s32(12);
| v3.v = vec_add(v1,v2);
| return (int) v3.x[0];}
| int main(void) { if (stub_vmx() != 18) return 1; else return 0; }
| 
configure:5435: gcc -o conftest -O3 -maltivec   conftest.c  >&5
gcc: error: unrecognized command line option '-maltivec'; did you mean '-mglibc'?
configure:5435: $? = 1
configure: failed program was:
| /* confdefs.h */
| #define PACKAGE_NAME "Infernal"
| #define PACKAGE_TARNAME "infernal"
| #define PACKAGE_VERSION "1.1.4"
| #define PACKAGE_STRING "Infernal 1.1.4"
| #define PACKAGE_BUGREPORT "eric.nawrocki@nih.gov"
| #define PACKAGE_URL ""
| #define INFERNAL_DATE "Dec 2020"
| #define INFERNAL_COPYRIGHT "Copyright (C) 2020 Howard Hughes Medical Institute."
| #define INFERNAL_LICENSE "Freely distributed under the BSD open source license."
| #define INFERNAL_VERSION "1.1.4"
| #define INFERNAL_URL "http://eddylab.org/infernal/"
| #define HMMER_DATE "Nov 2020"
| #define HMMER_COPYRIGHT "Copyright (C) 2020 Howard Hughes Medical Institute."
| #define HMMER_LICENSE "Freely distributed under the BSD open source license."
| #define HMMER_VERSION "3.3.2"
| #define HMMER_URL "http://hmmer.org/"
| #define EASEL_DATE "Nov 2020"
| #define EASEL_COPYRIGHT "Copyright (C) 2020 Howard Hughes Medical Institute."
| #define EASEL_LICENSE "Freely distributed under the BSD open source license."
| #define EASEL_VERSION "0.48"
| #define EASEL_URL "http://bioeasel.org/"
| #define eslDEBUGLEVEL 0
| #define HAVE_PTHREAD_PRIO_INHERIT 1
| #define HAVE_PTHREAD 1
| #define HMMER_THREADS 1
| /* end confdefs.h.  */
| 
| #include <altivec.h>
| #include <stdint.h>
| int stub_vmx(void) {
| vector signed int v1,v2;
| union { vector signed int v; int32_t x[4]; } v3;
| v1   = vec_splat_s32(6);
| v2   = vec_splat_s32(12);
| v3.v = vec_add(v1,v2);
| return (int) v3.x[0];}
| int main(void) { if (stub_vmx() != 18) return 1; else return 0; }
| 
configure:5435: gcc -o conftest -O3 -faltivec   conftest.c  >&5
gcc: error: unrecognized command line option '-faltivec'
configure:5435: $? = 1
configure: failed program was:
| /* confdefs.h */
| #define PACKAGE_NAME "Infernal"
| #define PACKAGE_TARNAME "infernal"
| #define PACKAGE_VERSION "1.1.4"
| #define PACKAGE_STRING "Infernal 1.1.4"
| #define PACKAGE_BUGREPORT "eric.nawrocki@nih.gov"
| #define PACKAGE_URL ""
| #define INFERNAL_DATE "Dec 2020"
| #define INFERNAL_COPYRIGHT "Copyright (C) 2020 Howard Hughes Medical Institute."
| #define INFERNAL_LICENSE "Freely distributed under the BSD open source license."
| #define INFERNAL_VERSION "1.1.4"
| #define INFERNAL_URL "http://eddylab.org/infernal/"
| #define HMMER_DATE "Nov 2020"
| #define HMMER_COPYRIGHT "Copyright (C) 2020 Howard Hughes Medical Institute."
| #define HMMER_LICENSE "Freely distributed under the BSD open source license."
| #define HMMER_VERSION "3.3.2"
| #define HMMER_URL "http://hmmer.org/"
| #define EASEL_DATE "Nov 2020"
| #define EASEL_COPYRIGHT "Copyright (C) 2020 Howard Hughes Medical Institute."
| #define EASEL_LICENSE "Freely distributed under the BSD open source license."
| #define EASEL_VERSION "0.48"
| #define EASEL_URL "http://bioeasel.org/"
| #define eslDEBUGLEVEL 0
| #define HAVE_PTHREAD_PRIO_INHERIT 1
| #define HAVE_PTHREAD 1
| #define HMMER_THREADS 1
| /* end confdefs.h.  */
| 
| #include <altivec.h>
| #include <stdint.h>
| int stub_vmx(void) {
| vector signed int v1,v2;
| union { vector signed int v; int32_t x[4]; } v3;
| v1   = vec_splat_s32(6);
| v2   = vec_splat_s32(12);
| v3.v = vec_add(v1,v2);
| return (int) v3.x[0];}
| int main(void) { if (stub_vmx() != 18) return 1; else return 0; }
| 
configure:5444: result: no
configure:5486: checking whether gcc can compile our SSE code
configure:5518: gcc -o conftest -O3   conftest.c  >&5
configure:5518: $? = 0
configure:5532: result: yes
configure:5569: Activating Intel/AMD SSE vector DP implementation
configure:5603: checking whether _MM_SET_FLUSH_ZERO_MODE is supported
configure:5619: gcc -c -O3   conftest.c >&5
configure:5619: $? = 0
configure:5620: result: yes
configure:5638: checking compiler support --start-group
configure:5653: gcc -o conftest -O3  -Wl,--start-group -Wl,--end-group  conftest.c  >&5
configure:5653: $? = 0
configure:5654: result: yes
configure:5676: checking for gzip
configure:5694: found /usr/bin/gzip
configure:5707: result: /usr/bin/gzip
configure:5732: checking for python3
configure:5750: found /opt/anaconda3/bin/python3
configure:5762: result: /opt/anaconda3/bin/python3
configure:5787: checking for library containing clock_gettime
configure:5818: gcc -o conftest -O3   conftest.c  >&5
configure:5818: $? = 0
configure:5835: result: none required
configure:5850: checking for ANSI C header files
configure:5870: gcc -c -O3  conftest.c >&5
configure:5870: $? = 0
configure:5943: gcc -o conftest -O3   conftest.c  >&5
configure:5943: $? = 0
configure:5943: ./conftest
configure:5943: $? = 0
configure:5954: result: yes
configure:5967: checking for sys/types.h
configure:5967: gcc -c -O3  conftest.c >&5
configure:5967: $? = 0
configure:5967: result: yes
configure:5967: checking for sys/stat.h
configure:5967: gcc -c -O3  conftest.c >&5
configure:5967: $? = 0
configure:5967: result: yes
configure:5967: checking for stdlib.h
configure:5967: gcc -c -O3  conftest.c >&5
configure:5967: $? = 0
configure:5967: result: yes
configure:5967: checking for string.h
configure:5967: gcc -c -O3  conftest.c >&5
configure:5967: $? = 0
configure:5967: result: yes
configure:5967: checking for memory.h
configure:5967: gcc -c -O3  conftest.c >&5
configure:5967: $? = 0
configure:5967: result: yes
configure:5967: checking for strings.h
configure:5967: gcc -c -O3  conftest.c >&5
configure:5967: $? = 0
configure:5967: result: yes
configure:5967: checking for inttypes.h
configure:5967: gcc -c -O3  conftest.c >&5
configure:5967: $? = 0
configure:5967: result: yes
configure:5967: checking for stdint.h
configure:5967: gcc -c -O3  conftest.c >&5
configure:5967: $? = 0
configure:5967: result: yes
configure:5967: checking for unistd.h
configure:5967: gcc -c -O3  conftest.c >&5
configure:5967: $? = 0
configure:5967: result: yes
configure:5989: checking endian.h usability
configure:5989: gcc -c -O3  conftest.c >&5
configure:5989: $? = 0
configure:5989: result: yes
configure:5989: checking endian.h presence
configure:5989: gcc -E  conftest.c
configure:5989: $? = 0
configure:5989: result: yes
configure:5989: checking for endian.h
configure:5989: result: yes
configure:5989: checking for inttypes.h
configure:5989: result: yes
configure:5989: checking for stdint.h
configure:5989: result: yes
configure:5989: checking for unistd.h
configure:5989: result: yes
configure:5989: checking for sys/types.h
configure:5989: result: yes
configure:5989: checking netinet/in.h usability
configure:5989: gcc -c -O3  conftest.c >&5
configure:5989: $? = 0
configure:5989: result: yes
configure:5989: checking netinet/in.h presence
configure:5989: gcc -E  conftest.c
configure:5989: $? = 0
configure:5989: result: yes
configure:5989: checking for netinet/in.h
configure:5989: result: yes
configure:6005: checking sys/param.h usability
configure:6005: gcc -c -O3  conftest.c >&5
configure:6005: $? = 0
configure:6005: result: yes
configure:6005: checking sys/param.h presence
configure:6005: gcc -E  conftest.c
configure:6005: $? = 0
configure:6005: result: yes
configure:6005: checking for sys/param.h
configure:6005: result: yes
configure:6017: checking for sys/sysctl.h
configure:6017: gcc -c -O3  conftest.c >&5
configure:6017: $? = 0
configure:6017: result: yes
configure:6059: checking for uint8_t
configure:6059: gcc -c -O3  conftest.c >&5
configure:6059: $? = 0
configure:6059: result: yes
configure:6073: checking for uint16_t
configure:6073: gcc -c -O3  conftest.c >&5
configure:6073: $? = 0
configure:6073: result: yes
configure:6085: checking for uint32_t
configure:6085: gcc -c -O3  conftest.c >&5
configure:6085: $? = 0
configure:6085: result: yes
configure:6099: checking for uint64_t
configure:6099: gcc -c -O3  conftest.c >&5
configure:6099: $? = 0
configure:6099: result: yes
configure:6113: checking for off_t
configure:6113: gcc -c -O3  conftest.c >&5
configure:6113: $? = 0
configure:6113: gcc -c -O3  conftest.c >&5
conftest.c: In function 'main':
conftest.c:85:20: error: expected expression before ')' token
 if (sizeof ((off_t)))
                    ^
configure:6113: $? = 1
configure: failed program was:
| /* confdefs.h */
| #define PACKAGE_NAME "Infernal"
| #define PACKAGE_TARNAME "infernal"
| #define PACKAGE_VERSION "1.1.4"
| #define PACKAGE_STRING "Infernal 1.1.4"
| #define PACKAGE_BUGREPORT "eric.nawrocki@nih.gov"
| #define PACKAGE_URL ""
| #define INFERNAL_DATE "Dec 2020"
| #define INFERNAL_COPYRIGHT "Copyright (C) 2020 Howard Hughes Medical Institute."
| #define INFERNAL_LICENSE "Freely distributed under the BSD open source license."
| #define INFERNAL_VERSION "1.1.4"
| #define INFERNAL_URL "http://eddylab.org/infernal/"
| #define HMMER_DATE "Nov 2020"
| #define HMMER_COPYRIGHT "Copyright (C) 2020 Howard Hughes Medical Institute."
| #define HMMER_LICENSE "Freely distributed under the BSD open source license."
| #define HMMER_VERSION "3.3.2"
| #define HMMER_URL "http://hmmer.org/"
| #define EASEL_DATE "Nov 2020"
| #define EASEL_COPYRIGHT "Copyright (C) 2020 Howard Hughes Medical Institute."
| #define EASEL_LICENSE "Freely distributed under the BSD open source license."
| #define EASEL_VERSION "0.48"
| #define EASEL_URL "http://bioeasel.org/"
| #define eslDEBUGLEVEL 0
| #define HAVE_PTHREAD_PRIO_INHERIT 1
| #define HAVE_PTHREAD 1
| #define HMMER_THREADS 1
| #define eslENABLE_SSE 1
| #define HAVE_FLUSH_ZERO_MODE 1
| #define HAVE_GZIP 1
| #define STDC_HEADERS 1
| #define HAVE_SYS_TYPES_H 1
| #define HAVE_SYS_STAT_H 1
| #define HAVE_STDLIB_H 1
| #define HAVE_STRING_H 1
| #define HAVE_MEMORY_H 1
| #define HAVE_STRINGS_H 1
| #define HAVE_INTTYPES_H 1
| #define HAVE_STDINT_H 1
| #define HAVE_UNISTD_H 1
| #define HAVE_ENDIAN_H 1
| #define HAVE_INTTYPES_H 1
| #define HAVE_STDINT_H 1
| #define HAVE_UNISTD_H 1
| #define HAVE_SYS_TYPES_H 1
| #define HAVE_NETINET_IN_H 1
| #define HAVE_SYS_PARAM_H 1
| #define HAVE_SYS_SYSCTL_H 1
| /* end confdefs.h.  */
| #include <stdio.h>
| #ifdef HAVE_SYS_TYPES_H
| # include <sys/types.h>
| #endif
| #ifdef HAVE_SYS_STAT_H
| # include <sys/stat.h>
| #endif
| #ifdef STDC_HEADERS
| # include <stdlib.h>
| # include <stddef.h>
| #else
| # ifdef HAVE_STDLIB_H
| #  include <stdlib.h>
| # endif
| #endif
| #ifdef HAVE_STRING_H
| # if !defined STDC_HEADERS && defined HAVE_MEMORY_H
| #  include <memory.h>
| # endif
| # include <string.h>
| #endif
| #ifdef HAVE_STRINGS_H
| # include <strings.h>
| #endif
| #ifdef HAVE_INTTYPES_H
| # include <inttypes.h>
| #endif
| #ifdef HAVE_STDINT_H
| # include <stdint.h>
| #endif
| #ifdef HAVE_UNISTD_H
| # include <unistd.h>
| #endif
| int
| main ()
| {
| if (sizeof ((off_t)))
| 	    return 0;
|   ;
|   return 0;
| }
configure:6113: result: yes
configure:6138: checking whether byte ordering is bigendian
configure:6153: gcc -c -O3  conftest.c >&5
conftest.c:50:9: error: unknown type name 'not'
         not a universal capable compiler
         ^~~
conftest.c:50:15: error: expected '=', ',', ';', 'asm' or '__attribute__' before 'universal'
         not a universal capable compiler
               ^~~~~~~~~
conftest.c:50:15: error: unknown type name 'universal'
configure:6153: $? = 1
configure: failed program was:
| /* confdefs.h */
| #define PACKAGE_NAME "Infernal"
| #define PACKAGE_TARNAME "infernal"
| #define PACKAGE_VERSION "1.1.4"
| #define PACKAGE_STRING "Infernal 1.1.4"
| #define PACKAGE_BUGREPORT "eric.nawrocki@nih.gov"
| #define PACKAGE_URL ""
| #define INFERNAL_DATE "Dec 2020"
| #define INFERNAL_COPYRIGHT "Copyright (C) 2020 Howard Hughes Medical Institute."
| #define INFERNAL_LICENSE "Freely distributed under the BSD open source license."
| #define INFERNAL_VERSION "1.1.4"
| #define INFERNAL_URL "http://eddylab.org/infernal/"
| #define HMMER_DATE "Nov 2020"
| #define HMMER_COPYRIGHT "Copyright (C) 2020 Howard Hughes Medical Institute."
| #define HMMER_LICENSE "Freely distributed under the BSD open source license."
| #define HMMER_VERSION "3.3.2"
| #define HMMER_URL "http://hmmer.org/"
| #define EASEL_DATE "Nov 2020"
| #define EASEL_COPYRIGHT "Copyright (C) 2020 Howard Hughes Medical Institute."
| #define EASEL_LICENSE "Freely distributed under the BSD open source license."
| #define EASEL_VERSION "0.48"
| #define EASEL_URL "http://bioeasel.org/"
| #define eslDEBUGLEVEL 0
| #define HAVE_PTHREAD_PRIO_INHERIT 1
| #define HAVE_PTHREAD 1
| #define HMMER_THREADS 1
| #define eslENABLE_SSE 1
| #define HAVE_FLUSH_ZERO_MODE 1
| #define HAVE_GZIP 1
| #define STDC_HEADERS 1
| #define HAVE_SYS_TYPES_H 1
| #define HAVE_SYS_STAT_H 1
| #define HAVE_STDLIB_H 1
| #define HAVE_STRING_H 1
| #define HAVE_MEMORY_H 1
| #define HAVE_STRINGS_H 1
| #define HAVE_INTTYPES_H 1
| #define HAVE_STDINT_H 1
| #define HAVE_UNISTD_H 1
| #define HAVE_ENDIAN_H 1
| #define HAVE_INTTYPES_H 1
| #define HAVE_STDINT_H 1
| #define HAVE_UNISTD_H 1
| #define HAVE_SYS_TYPES_H 1
| #define HAVE_NETINET_IN_H 1
| #define HAVE_SYS_PARAM_H 1
| #define HAVE_SYS_SYSCTL_H 1
| /* end confdefs.h.  */
| #ifndef __APPLE_CC__
| 	       not a universal capable compiler
| 	     #endif
| 	     typedef int dummy;
| 
configure:6198: gcc -c -O3  conftest.c >&5
configure:6198: $? = 0
configure:6216: gcc -c -O3  conftest.c >&5
conftest.c: In function 'main':
conftest.c:56:4: error: unknown type name 'not'; did you mean 'ino_t'?
    not big endian
    ^~~
    ino_t
conftest.c:56:12: error: expected '=', ',', ';', 'asm' or '__attribute__' before 'endian'
    not big endian
            ^~~~~~
configure:6216: $? = 1
configure: failed program was:
| /* confdefs.h */
| #define PACKAGE_NAME "Infernal"
| #define PACKAGE_TARNAME "infernal"
| #define PACKAGE_VERSION "1.1.4"
| #define PACKAGE_STRING "Infernal 1.1.4"
| #define PACKAGE_BUGREPORT "eric.nawrocki@nih.gov"
| #define PACKAGE_URL ""
| #define INFERNAL_DATE "Dec 2020"
| #define INFERNAL_COPYRIGHT "Copyright (C) 2020 Howard Hughes Medical Institute."
| #define INFERNAL_LICENSE "Freely distributed under the BSD open source license."
| #define INFERNAL_VERSION "1.1.4"
| #define INFERNAL_URL "http://eddylab.org/infernal/"
| #define HMMER_DATE "Nov 2020"
| #define HMMER_COPYRIGHT "Copyright (C) 2020 Howard Hughes Medical Institute."
| #define HMMER_LICENSE "Freely distributed under the BSD open source license."
| #define HMMER_VERSION "3.3.2"
| #define HMMER_URL "http://hmmer.org/"
| #define EASEL_DATE "Nov 2020"
| #define EASEL_COPYRIGHT "Copyright (C) 2020 Howard Hughes Medical Institute."
| #define EASEL_LICENSE "Freely distributed under the BSD open source license."
| #define EASEL_VERSION "0.48"
| #define EASEL_URL "http://bioeasel.org/"
| #define eslDEBUGLEVEL 0
| #define HAVE_PTHREAD_PRIO_INHERIT 1
| #define HAVE_PTHREAD 1
| #define HMMER_THREADS 1
| #define eslENABLE_SSE 1
| #define HAVE_FLUSH_ZERO_MODE 1
| #define HAVE_GZIP 1
| #define STDC_HEADERS 1
| #define HAVE_SYS_TYPES_H 1
| #define HAVE_SYS_STAT_H 1
| #define HAVE_STDLIB_H 1
| #define HAVE_STRING_H 1
| #define HAVE_MEMORY_H 1
| #define HAVE_STRINGS_H 1
| #define HAVE_INTTYPES_H 1
| #define HAVE_STDINT_H 1
| #define HAVE_UNISTD_H 1
| #define HAVE_ENDIAN_H 1
| #define HAVE_INTTYPES_H 1
| #define HAVE_STDINT_H 1
| #define HAVE_UNISTD_H 1
| #define HAVE_SYS_TYPES_H 1
| #define HAVE_NETINET_IN_H 1
| #define HAVE_SYS_PARAM_H 1
| #define HAVE_SYS_SYSCTL_H 1
| /* end confdefs.h.  */
| #include <sys/types.h>
| 		#include <sys/param.h>
| 
| int
| main ()
| {
| #if BYTE_ORDER != BIG_ENDIAN
| 		 not big endian
| 		#endif
| 
|   ;
|   return 0;
| }
configure:6344: result: no
configure:6396: checking for __attribute__((noreturn))
configure:6417: gcc -o conftest -O3   conftest.c  >&5
configure:6417: $? = 0
configure:6430: result: yes
configure:6462: checking for __attribute__((format))
configure:6483: gcc -o conftest -O3   conftest.c  >&5
configure:6483: $? = 0
configure:6496: result: yes
configure:6517: checking for mkstemp
configure:6517: gcc -o conftest -O3   conftest.c  >&5
configure:6517: $? = 0
configure:6517: result: yes
configure:6528: checking for popen
configure:6528: gcc -o conftest -O3   conftest.c  >&5
configure:6528: $? = 0
configure:6528: result: yes
configure:6539: checking for putenv
configure:6539: gcc -o conftest -O3   conftest.c  >&5
configure:6539: $? = 0
configure:6539: result: yes
configure:6550: checking for strcasecmp
configure:6550: gcc -o conftest -O3   conftest.c  >&5
conftest.c:77:6: warning: conflicting types for built-in function 'strcasecmp' [-Wbuiltin-declaration-mismatch]
 char strcasecmp ();
      ^~~~~~~~~~
configure:6550: $? = 0
configure:6550: result: yes
configure:6561: checking for strsep
configure:6561: gcc -o conftest -O3   conftest.c  >&5
configure:6561: $? = 0
configure:6561: result: yes
configure:6572: checking for times
configure:6572: gcc -o conftest -O3   conftest.c  >&5
configure:6572: $? = 0
configure:6572: result: yes
configure:6583: checking for getpid
configure:6583: gcc -o conftest -O3   conftest.c  >&5
configure:6583: $? = 0
configure:6583: result: yes
configure:6594: checking for sysctl
configure:6594: gcc -o conftest -O3   conftest.c  >&5
configure:6594: $? = 0
configure:6594: result: yes
configure:6605: checking for sysconf
configure:6605: gcc -o conftest -O3   conftest.c  >&5
configure:6605: $? = 0
configure:6605: result: yes
configure:6616: checking for getcwd
configure:6616: gcc -o conftest -O3   conftest.c  >&5
configure:6616: $? = 0
configure:6616: result: yes
configure:6627: checking for chmod
configure:6627: gcc -o conftest -O3   conftest.c  >&5
configure:6627: $? = 0
configure:6627: result: yes
configure:6638: checking for stat
configure:6638: gcc -o conftest -O3   conftest.c  >&5
configure:6638: $? = 0
configure:6638: result: yes
configure:6649: checking for fstat
configure:6649: gcc -o conftest -O3   conftest.c  >&5
configure:6649: $? = 0
configure:6649: result: yes
configure:6660: checking for erfc
configure:6660: gcc -o conftest -O3   conftest.c  >&5
conftest.c:87:6: warning: conflicting types for built-in function 'erfc' [-Wbuiltin-declaration-mismatch]
 char erfc ();
      ^~~~
/tmp/ccHJQQ6Q.o: In function `main':
conftest.c:(.text.startup+0x7): undefined reference to `erfc'
collect2: error: ld returned 1 exit status
configure:6660: $? = 1
configure: failed program was:
| /* confdefs.h */
| #define PACKAGE_NAME "Infernal"
| #define PACKAGE_TARNAME "infernal"
| #define PACKAGE_VERSION "1.1.4"
| #define PACKAGE_STRING "Infernal 1.1.4"
| #define PACKAGE_BUGREPORT "eric.nawrocki@nih.gov"
| #define PACKAGE_URL ""
| #define INFERNAL_DATE "Dec 2020"
| #define INFERNAL_COPYRIGHT "Copyright (C) 2020 Howard Hughes Medical Institute."
| #define INFERNAL_LICENSE "Freely distributed under the BSD open source license."
| #define INFERNAL_VERSION "1.1.4"
| #define INFERNAL_URL "http://eddylab.org/infernal/"
| #define HMMER_DATE "Nov 2020"
| #define HMMER_COPYRIGHT "Copyright (C) 2020 Howard Hughes Medical Institute."
| #define HMMER_LICENSE "Freely distributed under the BSD open source license."
| #define HMMER_VERSION "3.3.2"
| #define HMMER_URL "http://hmmer.org/"
| #define EASEL_DATE "Nov 2020"
| #define EASEL_COPYRIGHT "Copyright (C) 2020 Howard Hughes Medical Institute."
| #define EASEL_LICENSE "Freely distributed under the BSD open source license."
| #define EASEL_VERSION "0.48"
| #define EASEL_URL "http://bioeasel.org/"
| #define eslDEBUGLEVEL 0
| #define HAVE_PTHREAD_PRIO_INHERIT 1
| #define HAVE_PTHREAD 1
| #define HMMER_THREADS 1
| #define eslENABLE_SSE 1
| #define HAVE_FLUSH_ZERO_MODE 1
| #define HAVE_GZIP 1
| #define STDC_HEADERS 1
| #define HAVE_SYS_TYPES_H 1
| #define HAVE_SYS_STAT_H 1
| #define HAVE_STDLIB_H 1
| #define HAVE_STRING_H 1
| #define HAVE_MEMORY_H 1
| #define HAVE_STRINGS_H 1
| #define HAVE_INTTYPES_H 1
| #define HAVE_STDINT_H 1
| #define HAVE_UNISTD_H 1
| #define HAVE_ENDIAN_H 1
| #define HAVE_INTTYPES_H 1
| #define HAVE_STDINT_H 1
| #define HAVE_UNISTD_H 1
| #define HAVE_SYS_TYPES_H 1
| #define HAVE_NETINET_IN_H 1
| #define HAVE_SYS_PARAM_H 1
| #define HAVE_SYS_SYSCTL_H 1
| #define HAVE_FUNC_ATTRIBUTE_NORETURN 1
| #define HAVE_FUNC_ATTRIBUTE_FORMAT 1
| #define HAVE_MKSTEMP 1
| #define HAVE_POPEN 1
| #define HAVE_PUTENV 1
| #define HAVE_STRCASECMP 1
| #define HAVE_STRSEP 1
| #define HAVE_TIMES 1
| #define HAVE_GETPID 1
| #define HAVE_SYSCTL 1
| #define HAVE_SYSCONF 1
| #define HAVE_GETCWD 1
| #define HAVE_CHMOD 1
| #define HAVE_STAT 1
| #define HAVE_FSTAT 1
| /* end confdefs.h.  */
| /* Define erfc to an innocuous variant, in case <limits.h> declares erfc.
|    For example, HP-UX 11i <limits.h> declares gettimeofday.  */
| #define erfc innocuous_erfc
| 
| /* System header to define __stub macros and hopefully few prototypes,
|     which can conflict with char erfc (); below.
|     Prefer <limits.h> to <assert.h> if __STDC__ is defined, since
|     <limits.h> exists even on freestanding compilers.  */
| 
| #ifdef __STDC__
| # include <limits.h>
| #else
| # include <assert.h>
| #endif
| 
| #undef erfc
| 
| /* Override any GCC internal prototype to avoid an error.
|    Use char because int might match the return type of a GCC
|    builtin and then its argument prototype would still apply.  */
| #ifdef __cplusplus
| extern "C"
| #endif
| char erfc ();
| /* The GNU C library defines this for functions which it implements
|     to always fail with ENOSYS.  Some functions are actually named
|     something starting with __ and the normal name is an alias.  */
| #if defined __stub_erfc || defined __stub___erfc
| choke me
| #endif
| 
| int
| main ()
| {
| return erfc ();
|   ;
|   return 0;
| }
configure:6660: result: no
configure:6672: checking for ntohs
configure:6672: gcc -o conftest -O3   conftest.c  >&5
configure:6672: $? = 0
configure:6672: result: yes
configure:6729: checking for ntohl
configure:6729: gcc -o conftest -O3   conftest.c  >&5
configure:6729: $? = 0
configure:6729: result: yes
configure:6786: checking for htons
configure:6786: gcc -o conftest -O3   conftest.c  >&5
configure:6786: $? = 0
configure:6786: result: yes
configure:6843: checking for htonl
configure:6843: gcc -o conftest -O3   conftest.c  >&5
configure:6843: $? = 0
configure:6843: result: yes
configure:6898: checking for library containing socket
configure:6929: gcc -o conftest -O3   conftest.c  >&5
configure:6929: $? = 0
configure:6946: result: none required
configure:6954: checking for library containing inet_pton
configure:6985: gcc -o conftest -O3   conftest.c  >&5
configure:6985: $? = 0
configure:7002: result: none required
configure:7011: checking for _LARGEFILE_SOURCE value needed for large files
configure:7030: gcc -o conftest -O3   conftest.c  >&5
configure:7030: $? = 0
configure:7058: result: no
configure:7090: checking for special C compiler options needed for large files
configure:7135: result: no
configure:7141: checking for _FILE_OFFSET_BITS value needed for large files
configure:7166: gcc -c -O3  conftest.c >&5
configure:7166: $? = 0
configure:7198: result: no
configure:7461: creating ./config.status

## ---------------------- ##
## Running config.status. ##
## ---------------------- ##

This file was extended by Infernal config.status 1.1.4, which was
generated by GNU Autoconf 2.69.  Invocation command line was

  CONFIG_FILES    = 
  CONFIG_HEADERS  = 
  CONFIG_LINKS    = 
  CONFIG_COMMANDS = 
  $ ./config.status 

on Web01

config.status:991: creating Makefile
config.status:991: creating src/Makefile
config.status:991: creating testsuite/Makefile
config.status:991: creating rmark/Makefile
config.status:991: creating documentation/Makefile
config.status:991: creating documentation/man/Makefile
config.status:991: creating documentation/userguide/Makefile
config.status:991: creating src/impl_sse/Makefile
config.status:991: creating documentation/userguide/titlepage.tex
config.status:991: creating documentation/userguide/copyright.tex
config.status:991: creating documentation/man/cmalign.man
config.status:991: creating documentation/man/cmbuild.man
config.status:991: creating documentation/man/cmcalibrate.man
config.status:991: creating documentation/man/cmconvert.man
config.status:991: creating documentation/man/cmemit.man
config.status:991: creating documentation/man/cmfetch.man
config.status:991: creating documentation/man/cmpress.man
config.status:991: creating documentation/man/cmscan.man
config.status:991: creating documentation/man/cmsearch.man
config.status:991: creating documentation/man/cmsearch_dual.man
config.status:991: creating documentation/man/cmstat.man
config.status:991: creating documentation/man/infernal.man
config.status:991: creating documentation/man/sse_cmsearch.man
config.status:991: creating hmmer/Makefile
config.status:991: creating hmmer/src/Makefile
config.status:991: creating hmmer/testsuite/Makefile
config.status:991: creating hmmer/profmark/Makefile
config.status:991: creating hmmer/src/impl_sse/Makefile
config.status:991: creating hmmer/documentation/Makefile
config.status:991: creating hmmer/documentation/man/Makefile
config.status:991: creating hmmer/documentation/userguide/Makefile
config.status:991: creating hmmer/documentation/userguide/inclusions/Makefile
config.status:991: creating hmmer/libdivsufsort/Makefile
config.status:991: creating easel/Makefile
config.status:991: creating easel/miniapps/Makefile
config.status:991: creating easel/testsuite/Makefile
config.status:991: creating easel/documentation/Makefile
config.status:991: creating hmmer/documentation/userguide/titlepage.tex
config.status:991: creating hmmer/documentation/userguide/titlepage_daemon.tex
config.status:991: creating hmmer/documentation/userguide/copyright.tex
config.status:991: creating hmmer/documentation/man/alimask.man
config.status:991: creating hmmer/documentation/man/hmmalign.man
config.status:991: creating hmmer/documentation/man/hmmbuild.man
config.status:991: creating hmmer/documentation/man/hmmc2.man
config.status:991: creating hmmer/documentation/man/hmmconvert.man
config.status:991: creating hmmer/documentation/man/hmmemit.man
config.status:991: creating hmmer/documentation/man/hmmer.man
config.status:991: creating hmmer/documentation/man/hmmfetch.man
config.status:991: creating hmmer/documentation/man/hmmlogo.man
config.status:991: creating hmmer/documentation/man/hmmpgmd.man
config.status:991: creating hmmer/documentation/man/hmmpgmd_shard.man
config.status:991: creating hmmer/documentation/man/hmmpress.man
config.status:991: creating hmmer/documentation/man/hmmscan.man
config.status:991: creating hmmer/documentation/man/hmmsearch.man
config.status:991: creating hmmer/documentation/man/hmmsim.man
config.status:991: creating hmmer/documentation/man/hmmstat.man
config.status:991: creating hmmer/documentation/man/jackhmmer.man
config.status:991: creating hmmer/documentation/man/makehmmerdb.man
config.status:991: creating hmmer/documentation/man/nhmmer.man
config.status:991: creating hmmer/documentation/man/nhmmscan.man
config.status:991: creating hmmer/documentation/man/phmmer.man
config.status:991: creating easel/miniapps/esl-afetch.man
config.status:991: creating easel/miniapps/esl-alimanip.man
config.status:991: creating easel/miniapps/esl-alimap.man
config.status:991: creating easel/miniapps/esl-alimask.man
config.status:991: creating easel/miniapps/esl-alimerge.man
config.status:991: creating easel/miniapps/esl-alipid.man
config.status:991: creating easel/miniapps/esl-alirev.man
config.status:991: creating easel/miniapps/esl-alistat.man
config.status:991: creating easel/miniapps/esl-compalign.man
config.status:991: creating easel/miniapps/esl-compstruct.man
config.status:991: creating easel/miniapps/esl-construct.man
config.status:991: creating easel/miniapps/esl-histplot.man
config.status:991: creating easel/miniapps/esl-mask.man
config.status:991: creating easel/miniapps/esl-mixdchlet.man
config.status:991: creating easel/miniapps/esl-reformat.man
config.status:991: creating easel/miniapps/esl-selectn.man
config.status:991: creating easel/miniapps/esl-seqrange.man
config.status:991: creating easel/miniapps/esl-seqstat.man
config.status:991: creating easel/miniapps/esl-sfetch.man
config.status:991: creating easel/miniapps/esl-shuffle.man
config.status:991: creating easel/miniapps/esl-ssdraw.man
config.status:991: creating easel/miniapps/esl-translate.man
config.status:991: creating easel/miniapps/esl-weight.man
config.status:991: creating easel/decoy_config.h
config.status:991: creating src/config.h
config.status:991: creating hmmer/src/p7_config.h
config.status:991: creating easel/esl_config.h
config.status:991: creating hmmer/libdivsufsort/divsufsort.h

## ---------------- ##
## Cache variables. ##
## ---------------- ##

ac_cv_build=x86_64-pc-linux-gnu
ac_cv_c_bigendian=no
ac_cv_c_compiler_gnu=yes
ac_cv_c_uint16_t=yes
ac_cv_c_uint32_t=yes
ac_cv_c_uint64_t=yes
ac_cv_c_uint8_t=yes
ac_cv_env_CC_set=
ac_cv_env_CC_value=
ac_cv_env_CFLAGS_set=
ac_cv_env_CFLAGS_value=
ac_cv_env_CPPFLAGS_set=
ac_cv_env_CPPFLAGS_value=
ac_cv_env_CPP_set=
ac_cv_env_CPP_value=
ac_cv_env_LDFLAGS_set=
ac_cv_env_LDFLAGS_value=
ac_cv_env_LIBS_set=
ac_cv_env_LIBS_value=
ac_cv_env_MPICC_set=
ac_cv_env_MPICC_value=
ac_cv_env_PIC_CFLAGS_set=
ac_cv_env_PIC_CFLAGS_value=
ac_cv_env_build_alias_set=
ac_cv_env_build_alias_value=
ac_cv_env_host_alias_set=
ac_cv_env_host_alias_value=
ac_cv_env_target_alias_set=
ac_cv_env_target_alias_value=
ac_cv_func_chmod=yes
ac_cv_func_erfc=no
ac_cv_func_fstat=yes
ac_cv_func_getcwd=yes
ac_cv_func_getpid=yes
ac_cv_func_htonl=yes
ac_cv_func_htons=yes
ac_cv_func_mkstemp=yes
ac_cv_func_ntohl=yes
ac_cv_func_ntohs=yes
ac_cv_func_popen=yes
ac_cv_func_putenv=yes
ac_cv_func_stat=yes
ac_cv_func_strcasecmp=yes
ac_cv_func_strsep=yes
ac_cv_func_sysconf=yes
ac_cv_func_sysctl=yes
ac_cv_func_times=yes
ac_cv_header_endian_h=yes
ac_cv_header_inttypes_h=yes
ac_cv_header_memory_h=yes
ac_cv_header_netinet_in_h=yes
ac_cv_header_stdc=yes
ac_cv_header_stdint_h=yes
ac_cv_header_stdlib_h=yes
ac_cv_header_string_h=yes
ac_cv_header_strings_h=yes
ac_cv_header_sys_param_h=yes
ac_cv_header_sys_stat_h=yes
ac_cv_header_sys_sysctl_h=yes
ac_cv_header_sys_types_h=yes
ac_cv_header_unistd_h=yes
ac_cv_host=x86_64-pc-linux-gnu
ac_cv_objext=o
ac_cv_path_AR=/usr/bin/ar
ac_cv_path_EGREP='/usr/bin/grep -E'
ac_cv_path_GREP=/usr/bin/grep
ac_cv_path_HAVE_GZIP=/usr/bin/gzip
ac_cv_path_PYTHON3=/opt/anaconda3/bin/python3
ac_cv_path_SED=/usr/bin/sed
ac_cv_path_install='/usr/bin/install -c'
ac_cv_prog_CPP='gcc -E'
ac_cv_prog_ac_ct_CC=gcc
ac_cv_prog_ac_ct_RANLIB=ranlib
ac_cv_prog_cc_c89=
ac_cv_prog_cc_c99=
ac_cv_prog_cc_g=yes
ac_cv_prog_cc_stdc=
ac_cv_search_clock_gettime='none required'
ac_cv_search_inet_pton='none required'
ac_cv_search_socket='none required'
ac_cv_sys_file_offset_bits=no
ac_cv_sys_largefile_CC=no
ac_cv_sys_largefile_source=no
ac_cv_type_off_t=yes
ax_cv_PTHREAD_CLANG=no
ax_cv_PTHREAD_JOINABLE_ATTR=PTHREAD_CREATE_JOINABLE
ax_cv_PTHREAD_PRIO_INHERIT=yes
ax_cv_PTHREAD_SPECIAL_FLAGS=no
ax_cv_have_func_attribute_format=yes
ax_cv_have_func_attribute_noreturn=yes

## ----------------- ##
## Output variables. ##
## ----------------- ##

AR='/usr/bin/ar'
AVX512_CFLAGS=''
AVX_CFLAGS=''
CC='gcc'
CFLAGS='-O3'
CPP='gcc -E'
CPPFLAGS=''
DEFS='-DHAVE_CONFIG_H'
EASEL_COPYRIGHT='Copyright (C) 2020 Howard Hughes Medical Institute.'
EASEL_DATE='Nov 2020'
EASEL_LICENSE='Freely distributed under the BSD open source license.'
EASEL_URL='http://bioeasel.org/'
EASEL_VERSION='0.48'
ECHO_C=''
ECHO_N='-n'
ECHO_T=''
EGREP='/usr/bin/grep -E'
EXEEXT=''
GREP='/usr/bin/grep'
GROUPHMMERLIBS='-Wl,--start-group -lhmmer -lhmmerimpl -Wl,--end-group'
HAVE_GZIP='/usr/bin/gzip'
HMMERIMPLLIB='impl_sse/libhmmerimpl.a'
HMMER_COPYRIGHT='Copyright (C) 2020 Howard Hughes Medical Institute.'
HMMER_DATE='Nov 2020'
HMMER_ESLDIR='../easel'
HMMER_LICENSE='Freely distributed under the BSD open source license.'
HMMER_SADIR='libdivsufsort'
HMMER_URL='http://hmmer.org/'
HMMER_VERSION='3.3.2'
IMPL_CHOICE='sse'
INFERNAL_COPYRIGHT='Copyright (C) 2020 Howard Hughes Medical Institute.'
INFERNAL_DATE='Dec 2020'
INFERNAL_ESLDIR='easel'
INFERNAL_HMMERDIR='hmmer'
INFERNAL_IMPLDIR='impl_sse'
INFERNAL_LICENSE='Freely distributed under the BSD open source license.'
INFERNAL_SADIR='hmmer/libdivsufsort'
INFERNAL_URL='http://eddylab.org/infernal/'
INFERNAL_VERSION='1.1.4'
INSTALL_DATA='${INSTALL} -m 644'
INSTALL_PROGRAM='${INSTALL}'
INSTALL_SCRIPT='${INSTALL}'
LDFLAGS=''
LIBGSL=''
LIBOBJS=''
LIBS=''
LN_S='ln -s'
LTLIBOBJS=''
MPICC=''
MPI_BENCHMARKS=''
MPI_UTESTS=''
NEON_CFLAGS=''
OBJEXT='o'
PACKAGE_BUGREPORT='eric.nawrocki@nih.gov'
PACKAGE_NAME='Infernal'
PACKAGE_STRING='Infernal 1.1.4'
PACKAGE_TARNAME='infernal'
PACKAGE_URL=''
PACKAGE_VERSION='1.1.4'
PATH_SEPARATOR=':'
PIC_CFLAGS=''
PTHREAD_CC='gcc'
PTHREAD_CFLAGS='-pthread'
PTHREAD_LIBS=''
PYTHON3='/opt/anaconda3/bin/python3'
RANLIB='ranlib'
SED='/usr/bin/sed'
SHELL='/bin/sh'
SSE4_CFLAGS=''
SSE_CFLAGS=''
VMX_CFLAGS=''
ac_ct_CC='gcc'
ax_pthread_config=''
bindir='${exec_prefix}/bin'
build='x86_64-pc-linux-gnu'
build_alias=''
build_cpu='x86_64'
build_os='linux-gnu'
build_vendor='pc'
datadir='${datarootdir}'
datarootdir='${prefix}/share'
docdir='${datarootdir}/doc/${PACKAGE_TARNAME}'
dvidir='${docdir}'
exec_prefix='${prefix}'
host='x86_64-pc-linux-gnu'
host_alias=''
host_cpu='x86_64'
host_os='linux-gnu'
host_vendor='pc'
htmldir='${docdir}'
includedir='${prefix}/include'
infodir='${datarootdir}/info'
libdir='${exec_prefix}/lib'
libexecdir='${exec_prefix}/libexec'
localedir='${datarootdir}/locale'
localstatedir='${prefix}/var'
mandir='${datarootdir}/man'
oldincludedir='/usr/include'
pdfdir='${docdir}'
prefix='/home/RegRNA/public_html/program/infernal-1.1.4'
program_transform_name='s,x,x,'
psdir='${docdir}'
sbindir='${exec_prefix}/sbin'
sharedstatedir='${prefix}/com'
sysconfdir='${prefix}/etc'
target_alias=''

## ----------- ##
## confdefs.h. ##
## ----------- ##

/* confdefs.h */
#define PACKAGE_NAME "Infernal"
#define PACKAGE_TARNAME "infernal"
#define PACKAGE_VERSION "1.1.4"
#define PACKAGE_STRING "Infernal 1.1.4"
#define PACKAGE_BUGREPORT "eric.nawrocki@nih.gov"
#define PACKAGE_URL ""
#define INFERNAL_DATE "Dec 2020"
#define INFERNAL_COPYRIGHT "Copyright (C) 2020 Howard Hughes Medical Institute."
#define INFERNAL_LICENSE "Freely distributed under the BSD open source license."
#define INFERNAL_VERSION "1.1.4"
#define INFERNAL_URL "http://eddylab.org/infernal/"
#define HMMER_DATE "Nov 2020"
#define HMMER_COPYRIGHT "Copyright (C) 2020 Howard Hughes Medical Institute."
#define HMMER_LICENSE "Freely distributed under the BSD open source license."
#define HMMER_VERSION "3.3.2"
#define HMMER_URL "http://hmmer.org/"
#define EASEL_DATE "Nov 2020"
#define EASEL_COPYRIGHT "Copyright (C) 2020 Howard Hughes Medical Institute."
#define EASEL_LICENSE "Freely distributed under the BSD open source license."
#define EASEL_VERSION "0.48"
#define EASEL_URL "http://bioeasel.org/"
#define eslDEBUGLEVEL 0
#define HAVE_PTHREAD_PRIO_INHERIT 1
#define HAVE_PTHREAD 1
#define HMMER_THREADS 1
#define eslENABLE_SSE 1
#define HAVE_FLUSH_ZERO_MODE 1
#define HAVE_GZIP 1
#define STDC_HEADERS 1
#define HAVE_SYS_TYPES_H 1
#define HAVE_SYS_STAT_H 1
#define HAVE_STDLIB_H 1
#define HAVE_STRING_H 1
#define HAVE_MEMORY_H 1
#define HAVE_STRINGS_H 1
#define HAVE_INTTYPES_H 1
#define HAVE_STDINT_H 1
#define HAVE_UNISTD_H 1
#define HAVE_ENDIAN_H 1
#define HAVE_INTTYPES_H 1
#define HAVE_STDINT_H 1
#define HAVE_UNISTD_H 1
#define HAVE_SYS_TYPES_H 1
#define HAVE_NETINET_IN_H 1
#define HAVE_SYS_PARAM_H 1
#define HAVE_SYS_SYSCTL_H 1
#define HAVE_FUNC_ATTRIBUTE_NORETURN 1
#define HAVE_FUNC_ATTRIBUTE_FORMAT 1
#define HAVE_MKSTEMP 1
#define HAVE_POPEN 1
#define HAVE_PUTENV 1
#define HAVE_STRCASECMP 1
#define HAVE_STRSEP 1
#define HAVE_TIMES 1
#define HAVE_GETPID 1
#define HAVE_SYSCTL 1
#define HAVE_SYSCONF 1
#define HAVE_GETCWD 1
#define HAVE_CHMOD 1
#define HAVE_STAT 1
#define HAVE_FSTAT 1
#define HAVE_NTOHS 1
#define HAVE_NTOHL 1
#define HAVE_HTONS 1
#define HAVE_HTONL 1
#define HAVE_FSEEKO 1

configure: exit 0
