This file contains any messages produced by compilers while
running configure, to aid debugging if configure makes a mistake.

It was created by Easel configure 0.1, which was
generated by GNU Autoconf 2.60.  Invocation command line was

  $ ./configure --prefix=/usr/local --cache-file=/dev/null --srcdir=.

## --------- ##
## Platform. ##
## --------- ##

hostname = bioinfo.csie.ncu.edu.tw
uname -m = i686
uname -r = 2.4.20-8smp
uname -s = Linux
uname -v = #1 SMP Thu Mar 13 17:45:54 EST 2003

/usr/bin/uname -p = unknown
/bin/uname -X     = unknown

/bin/arch              = i686
/usr/bin/arch -k       = unknown
/usr/convex/getsysinfo = unknown
/usr/bin/hostinfo      = unknown
/bin/machine           = unknown
/usr/bin/oslevel       = unknown
/bin/universe          = unknown

PATH: /usr/java/jdk1.5.0_09/bin
PATH: /usr/kerberos/sbin
PATH: /usr/kerberos/bin
PATH: /usr/local/sbin
PATH: /usr/bin
PATH: /bin
PATH: /usr/sbin
PATH: /sbin
PATH: /usr/local/bin
PATH: /usr/X11R6/bin
PATH: /root/bin
PATH: /home/mooncat/TOOL/rnamotif-3.0.0/src
PATH: /home/mooncat/TOOL/mfold-3.1.2/bin


## ----------- ##
## Core tests. ##
## ----------- ##

configure:1692: Configuring the Easel library for your system.
configure:1756: Compiling the full Easel library, with all augmentations.
configure:1955: checking for ranlib
configure:1971: found /usr/bin/ranlib
configure:1982: result: ranlib
configure:2012: checking for ar
configure:2031: found /usr/bin/ar
configure:2044: result: /usr/bin/ar
configure:2073: checking whether your make is GNU make
configure:2081: result: yes, it is.
configure:2139: checking for gcc
configure:2155: found /usr/bin/gcc
configure:2166: result: gcc
configure:2404: checking for C compiler version
configure:2411: gcc --version >&5
gcc (GCC) 3.2.2 20030222 (Red Hat Linux 3.2.2-5)
Copyright (C) 2002 Free Software Foundation, Inc.
This is free software; see the source for copying conditions.  There is NO
warranty; not even for MERCHANTABILITY or FITNESS FOR A PARTICULAR PURPOSE.

configure:2414: $? = 0
configure:2421: gcc -v >&5
Reading specs from /usr/lib/gcc-lib/i386-redhat-linux/3.2.2/specs
Configured with: ../configure --prefix=/usr --mandir=/usr/share/man --infodir=/usr/share/info --enable-shared --enable-threads=posix --disable-checking --with-system-zlib --enable-__cxa_atexit --host=i386-redhat-linux
Thread model: posix
gcc version 3.2.2 20030222 (Red Hat Linux 3.2.2-5)
configure:2424: $? = 0
configure:2431: gcc -V >&5
gcc: argument to `-V' is missing
configure:2434: $? = 1
configure:2457: checking for C compiler default output file name
configure:2484: gcc    conftest.c  >&5
configure:2487: $? = 0
configure:2533: result: a.out
configure:2538: checking whether the C compiler works
configure:2548: ./a.out
configure:2551: $? = 0
configure:2568: result: yes
configure:2575: checking whether we are cross compiling
configure:2577: result: no
configure:2580: checking for suffix of executables
configure:2587: gcc -o conftest    conftest.c  >&5
configure:2590: $? = 0
configure:2614: result: 
configure:2620: checking for suffix of object files
configure:2646: gcc -c   conftest.c >&5
configure:2649: $? = 0
configure:2672: result: o
configure:2676: checking whether we are using the GNU C compiler
configure:2705: gcc -c   conftest.c >&5
configure:2711: $? = 0
configure:2718: test -z "$ac_c_werror_flag" || test ! -s conftest.err
configure:2721: $? = 0
configure:2728: test -s conftest.o
configure:2731: $? = 0
configure:2745: result: yes
configure:2750: checking whether gcc accepts -g
configure:2780: gcc -c -g  conftest.c >&5
configure:2786: $? = 0
configure:2793: test -z "$ac_c_werror_flag" || test ! -s conftest.err
configure:2796: $? = 0
configure:2803: test -s conftest.o
configure:2806: $? = 0
configure:2936: result: yes
configure:2953: checking for gcc option to accept ISO C89
configure:3027: gcc  -c -g -O2  conftest.c >&5
configure:3033: $? = 0
configure:3040: test -z "$ac_c_werror_flag" || test ! -s conftest.err
configure:3043: $? = 0
configure:3050: test -s conftest.o
configure:3053: $? = 0
configure:3073: result: none needed
configure:3201: checking how to run the C preprocessor
configure:3241: gcc -E  conftest.c
configure:3247: $? = 0
configure:3285: gcc -E  conftest.c
conftest.c:25:28: ac_nonexistent.h: No such file or directory
configure:3291: $? = 1
configure: failed program was:
| /* confdefs.h.  */
| #define PACKAGE_NAME "Easel"
| #define PACKAGE_TARNAME "easel"
| #define PACKAGE_VERSION "0.1"
| #define PACKAGE_STRING "Easel 0.1"
| #define PACKAGE_BUGREPORT "eddys@janelia.hhmi.org"
| #define EASEL_DATE "March 2007"
| #define EASEL_COPYRIGHT "Copyright (C) 2004-2007 HHMI Janelia Farm Research Campus"
| #define EASEL_LICENSE "Freely distributed under the Janelia Software License."
| #define EASEL_VERSION "0.1"
| #define eslAUGMENT_ALPHABET 1
| #define eslAUGMENT_DMATRIX 1
| #define eslAUGMENT_FILEPARSER 1
| #define eslAUGMENT_GEV 1
| #define eslAUGMENT_GUMBEL 1
| #define eslAUGMENT_HISTOGRAM 1
| #define eslAUGMENT_KEYHASH 1
| #define eslAUGMENT_MINIMIZER 1
| #define eslAUGMENT_MSA 1
| #define eslAUGMENT_RANDOM 1
| #define eslAUGMENT_SSI 1
| #define eslAUGMENT_STATS 1
| #define eslLIBRARY 1
| /* end confdefs.h.  */
| #include <ac_nonexistent.h>
configure:3331: result: gcc -E
configure:3360: gcc -E  conftest.c
configure:3366: $? = 0
configure:3404: gcc -E  conftest.c
conftest.c:25:28: ac_nonexistent.h: No such file or directory
configure:3410: $? = 1
configure: failed program was:
| /* confdefs.h.  */
| #define PACKAGE_NAME "Easel"
| #define PACKAGE_TARNAME "easel"
| #define PACKAGE_VERSION "0.1"
| #define PACKAGE_STRING "Easel 0.1"
| #define PACKAGE_BUGREPORT "eddys@janelia.hhmi.org"
| #define EASEL_DATE "March 2007"
| #define EASEL_COPYRIGHT "Copyright (C) 2004-2007 HHMI Janelia Farm Research Campus"
| #define EASEL_LICENSE "Freely distributed under the Janelia Software License."
| #define EASEL_VERSION "0.1"
| #define eslAUGMENT_ALPHABET 1
| #define eslAUGMENT_DMATRIX 1
| #define eslAUGMENT_FILEPARSER 1
| #define eslAUGMENT_GEV 1
| #define eslAUGMENT_GUMBEL 1
| #define eslAUGMENT_HISTOGRAM 1
| #define eslAUGMENT_KEYHASH 1
| #define eslAUGMENT_MINIMIZER 1
| #define eslAUGMENT_MSA 1
| #define eslAUGMENT_RANDOM 1
| #define eslAUGMENT_SSI 1
| #define eslAUGMENT_STATS 1
| #define eslLIBRARY 1
| /* end confdefs.h.  */
| #include <ac_nonexistent.h>
configure:3455: checking for grep that handles long lines and -e
configure:3529: result: /bin/grep
configure:3534: checking for egrep
configure:3612: result: /bin/grep -E
configure:3617: checking for ANSI C header files
configure:3647: gcc -c -g -O2  conftest.c >&5
configure:3653: $? = 0
configure:3660: test -z "$ac_c_werror_flag" || test ! -s conftest.err
configure:3663: $? = 0
configure:3670: test -s conftest.o
configure:3673: $? = 0
configure:3766: gcc -o conftest -g -O2   conftest.c  >&5
configure:3769: $? = 0
configure:3775: ./conftest
configure:3778: $? = 0
configure:3795: result: yes
configure:3819: checking for sys/types.h
configure:3840: gcc -c -g -O2  conftest.c >&5
configure:3846: $? = 0
configure:3853: test -z "$ac_c_werror_flag" || test ! -s conftest.err
configure:3856: $? = 0
configure:3863: test -s conftest.o
configure:3866: $? = 0
configure:3879: result: yes
configure:3819: checking for sys/stat.h
configure:3840: gcc -c -g -O2  conftest.c >&5
configure:3846: $? = 0
configure:3853: test -z "$ac_c_werror_flag" || test ! -s conftest.err
configure:3856: $? = 0
configure:3863: test -s conftest.o
configure:3866: $? = 0
configure:3879: result: yes
configure:3819: checking for stdlib.h
configure:3840: gcc -c -g -O2  conftest.c >&5
configure:3846: $? = 0
configure:3853: test -z "$ac_c_werror_flag" || test ! -s conftest.err
configure:3856: $? = 0
configure:3863: test -s conftest.o
configure:3866: $? = 0
configure:3879: result: yes
configure:3819: checking for string.h
configure:3840: gcc -c -g -O2  conftest.c >&5
configure:3846: $? = 0
configure:3853: test -z "$ac_c_werror_flag" || test ! -s conftest.err
configure:3856: $? = 0
configure:3863: test -s conftest.o
configure:3866: $? = 0
configure:3879: result: yes
configure:3819: checking for memory.h
configure:3840: gcc -c -g -O2  conftest.c >&5
configure:3846: $? = 0
configure:3853: test -z "$ac_c_werror_flag" || test ! -s conftest.err
configure:3856: $? = 0
configure:3863: test -s conftest.o
configure:3866: $? = 0
configure:3879: result: yes
configure:3819: checking for strings.h
configure:3840: gcc -c -g -O2  conftest.c >&5
configure:3846: $? = 0
configure:3853: test -z "$ac_c_werror_flag" || test ! -s conftest.err
configure:3856: $? = 0
configure:3863: test -s conftest.o
configure:3866: $? = 0
configure:3879: result: yes
configure:3819: checking for inttypes.h
configure:3840: gcc -c -g -O2  conftest.c >&5
configure:3846: $? = 0
configure:3853: test -z "$ac_c_werror_flag" || test ! -s conftest.err
configure:3856: $? = 0
configure:3863: test -s conftest.o
configure:3866: $? = 0
configure:3879: result: yes
configure:3819: checking for stdint.h
configure:3840: gcc -c -g -O2  conftest.c >&5
configure:3846: $? = 0
configure:3853: test -z "$ac_c_werror_flag" || test ! -s conftest.err
configure:3856: $? = 0
configure:3863: test -s conftest.o
configure:3866: $? = 0
configure:3879: result: yes
configure:3819: checking for unistd.h
configure:3840: gcc -c -g -O2  conftest.c >&5
configure:3846: $? = 0
configure:3853: test -z "$ac_c_werror_flag" || test ! -s conftest.err
configure:3856: $? = 0
configure:3863: test -s conftest.o
configure:3866: $? = 0
configure:3879: result: yes
configure:3896: checking for sys/types.h
configure:3902: result: yes
configure:4065: checking for unistd.h
configure:4071: result: yes
configure:4234: checking for stdint.h
configure:4240: result: yes
configure:4403: checking for inttypes.h
configure:4409: result: yes
configure:4576: checking whether byte ordering is bigendian
configure:4608: gcc -c -g -O2  conftest.c >&5
configure:4614: $? = 0
configure:4621: test -z "$ac_c_werror_flag" || test ! -s conftest.err
configure:4624: $? = 0
configure:4631: test -s conftest.o
configure:4634: $? = 0
configure:4663: gcc -c -g -O2  conftest.c >&5
conftest.c: In function `main':
conftest.c:46: `not' undeclared (first use in this function)
conftest.c:46: (Each undeclared identifier is reported only once
conftest.c:46: for each function it appears in.)
conftest.c:46: parse error before "big"
configure:4669: $? = 1
configure: failed program was:
| /* confdefs.h.  */
| #define PACKAGE_NAME "Easel"
| #define PACKAGE_TARNAME "easel"
| #define PACKAGE_VERSION "0.1"
| #define PACKAGE_STRING "Easel 0.1"
| #define PACKAGE_BUGREPORT "eddys@janelia.hhmi.org"
| #define EASEL_DATE "March 2007"
| #define EASEL_COPYRIGHT "Copyright (C) 2004-2007 HHMI Janelia Farm Research Campus"
| #define EASEL_LICENSE "Freely distributed under the Janelia Software License."
| #define EASEL_VERSION "0.1"
| #define eslAUGMENT_ALPHABET 1
| #define eslAUGMENT_DMATRIX 1
| #define eslAUGMENT_FILEPARSER 1
| #define eslAUGMENT_GEV 1
| #define eslAUGMENT_GUMBEL 1
| #define eslAUGMENT_HISTOGRAM 1
| #define eslAUGMENT_KEYHASH 1
| #define eslAUGMENT_MINIMIZER 1
| #define eslAUGMENT_MSA 1
| #define eslAUGMENT_RANDOM 1
| #define eslAUGMENT_SSI 1
| #define eslAUGMENT_STATS 1
| #define eslLIBRARY 1
| #define STDC_HEADERS 1
| #define HAVE_SYS_TYPES_H 1
| #define HAVE_SYS_STAT_H 1
| #define HAVE_STDLIB_H 1
| #define HAVE_STRING_H 1
| #define HAVE_MEMORY_H 1
| #define HAVE_STRINGS_H 1
| #define HAVE_INTTYPES_H 1
| #define HAVE_STDINT_H 1
| #define HAVE_UNISTD_H 1
| #define HAVE_SYS_TYPES_H 1
| #define HAVE_UNISTD_H 1
| #define HAVE_STDINT_H 1
| #define HAVE_INTTYPES_H 1
| /* end confdefs.h.  */
| #include <sys/types.h>
| #include <sys/param.h>
| 
| int
| main ()
| {
| #if BYTE_ORDER != BIG_ENDIAN
|  not big endian
| #endif
| 
|   ;
|   return 0;
| }
configure:4843: result: no
configure:4863: checking for uint8_t
configure:4894: gcc -c -g -O2  conftest.c >&5
configure:4900: $? = 0
configure:4907: test -z "$ac_c_werror_flag" || test ! -s conftest.err
configure:4910: $? = 0
configure:4917: test -s conftest.o
configure:4920: $? = 0
configure:4938: result: yes
configure:4956: checking for uint16_t
configure:4987: gcc -c -g -O2  conftest.c >&5
configure:4993: $? = 0
configure:5000: test -z "$ac_c_werror_flag" || test ! -s conftest.err
configure:5003: $? = 0
configure:5010: test -s conftest.o
configure:5013: $? = 0
configure:5031: result: yes
configure:5045: checking for uint32_t
configure:5076: gcc -c -g -O2  conftest.c >&5
configure:5082: $? = 0
configure:5089: test -z "$ac_c_werror_flag" || test ! -s conftest.err
configure:5092: $? = 0
configure:5099: test -s conftest.o
configure:5102: $? = 0
configure:5120: result: yes
configure:5138: checking for uint64_t
configure:5169: gcc -c -g -O2  conftest.c >&5
configure:5175: $? = 0
configure:5182: test -z "$ac_c_werror_flag" || test ! -s conftest.err
configure:5185: $? = 0
configure:5192: test -s conftest.o
configure:5195: $? = 0
configure:5213: result: yes
configure:5230: checking for off_t
configure:5260: gcc -c -g -O2  conftest.c >&5
configure:5266: $? = 0
configure:5273: test -z "$ac_c_werror_flag" || test ! -s conftest.err
configure:5276: $? = 0
configure:5283: test -s conftest.o
configure:5286: $? = 0
configure:5298: result: yes
configure:5369: checking for gcc
configure:5396: result: gcc
configure:5634: checking for C compiler version
configure:5641: gcc --version >&5
gcc (GCC) 3.2.2 20030222 (Red Hat Linux 3.2.2-5)
Copyright (C) 2002 Free Software Foundation, Inc.
This is free software; see the source for copying conditions.  There is NO
warranty; not even for MERCHANTABILITY or FITNESS FOR A PARTICULAR PURPOSE.

configure:5644: $? = 0
configure:5651: gcc -v >&5
Reading specs from /usr/lib/gcc-lib/i386-redhat-linux/3.2.2/specs
Configured with: ../configure --prefix=/usr --mandir=/usr/share/man --infodir=/usr/share/info --enable-shared --enable-threads=posix --disable-checking --with-system-zlib --enable-__cxa_atexit --host=i386-redhat-linux
Thread model: posix
gcc version 3.2.2 20030222 (Red Hat Linux 3.2.2-5)
configure:5654: $? = 0
configure:5661: gcc -V >&5
gcc: argument to `-V' is missing
configure:5664: $? = 1
configure:5667: checking whether we are using the GNU C compiler
configure:5736: result: yes
configure:5741: checking whether gcc accepts -g
configure:5927: result: yes
configure:5944: checking for gcc option to accept ISO C89
configure:6064: result: none needed
configure:6097: checking for mkstemp
configure:6153: gcc -o conftest -g -O2   conftest.c  >&5
configure:6159: $? = 0
configure:6166: test -z "$ac_c_werror_flag" || test ! -s conftest.err
configure:6169: $? = 0
configure:6176: test -s conftest
configure:6179: $? = 0
configure:6193: result: yes
configure:6207: checking for popen
configure:6263: gcc -o conftest -g -O2   conftest.c  >&5
configure:6269: $? = 0
configure:6276: test -z "$ac_c_werror_flag" || test ! -s conftest.err
configure:6279: $? = 0
configure:6286: test -s conftest
configure:6289: $? = 0
configure:6303: result: yes
configure:6317: checking for strcasecmp
configure:6373: gcc -o conftest -g -O2   conftest.c  >&5
configure:6379: $? = 0
configure:6386: test -z "$ac_c_werror_flag" || test ! -s conftest.err
configure:6389: $? = 0
configure:6396: test -s conftest
configure:6399: $? = 0
configure:6413: result: yes
configure:6427: checking for times
configure:6483: gcc -o conftest -g -O2   conftest.c  >&5
configure:6489: $? = 0
configure:6496: test -z "$ac_c_werror_flag" || test ! -s conftest.err
configure:6499: $? = 0
configure:6506: test -s conftest
configure:6509: $? = 0
configure:6523: result: yes
configure:6533: checking for _LARGEFILE_SOURCE value needed for large files
configure:6561: gcc -c -g -O2  conftest.c >&5
conftest.c: In function `main':
conftest.c:47: `fseeko' undeclared (first use in this function)
conftest.c:47: (Each undeclared identifier is reported only once
conftest.c:47: for each function it appears in.)
configure:6567: $? = 1
configure: failed program was:
| /* confdefs.h.  */
| #define PACKAGE_NAME "Easel"
| #define PACKAGE_TARNAME "easel"
| #define PACKAGE_VERSION "0.1"
| #define PACKAGE_STRING "Easel 0.1"
| #define PACKAGE_BUGREPORT "eddys@janelia.hhmi.org"
| #define EASEL_DATE "March 2007"
| #define EASEL_COPYRIGHT "Copyright (C) 2004-2007 HHMI Janelia Farm Research Campus"
| #define EASEL_LICENSE "Freely distributed under the Janelia Software License."
| #define EASEL_VERSION "0.1"
| #define eslAUGMENT_ALPHABET 1
| #define eslAUGMENT_DMATRIX 1
| #define eslAUGMENT_FILEPARSER 1
| #define eslAUGMENT_GEV 1
| #define eslAUGMENT_GUMBEL 1
| #define eslAUGMENT_HISTOGRAM 1
| #define eslAUGMENT_KEYHASH 1
| #define eslAUGMENT_MINIMIZER 1
| #define eslAUGMENT_MSA 1
| #define eslAUGMENT_RANDOM 1
| #define eslAUGMENT_SSI 1
| #define eslAUGMENT_STATS 1
| #define eslLIBRARY 1
| #define STDC_HEADERS 1
| #define HAVE_SYS_TYPES_H 1
| #define HAVE_SYS_STAT_H 1
| #define HAVE_STDLIB_H 1
| #define HAVE_STRING_H 1
| #define HAVE_MEMORY_H 1
| #define HAVE_STRINGS_H 1
| #define HAVE_INTTYPES_H 1
| #define HAVE_STDINT_H 1
| #define HAVE_UNISTD_H 1
| #define HAVE_SYS_TYPES_H 1
| #define HAVE_UNISTD_H 1
| #define HAVE_STDINT_H 1
| #define HAVE_INTTYPES_H 1
| #define HAVE_MKSTEMP 1
| #define HAVE_POPEN 1
| #define HAVE_STRCASECMP 1
| #define HAVE_TIMES 1
| /* end confdefs.h.  */
| #include <stdio.h>
| int
| main ()
| {
| return !fseeko;
|   ;
|   return 0;
| }
configure:6620: gcc -c -g -O2  conftest.c >&5
configure:6626: $? = 0
configure:6633: test -z "$ac_c_werror_flag" || test ! -s conftest.err
configure:6636: $? = 0
configure:6643: test -s conftest.o
configure:6646: $? = 0
configure:6660: result: 1
configure:6674: checking for fseeko
configure:6700: gcc -o conftest -g -O2   conftest.c  >&5
configure:6706: $? = 0
configure:6713: test -z "$ac_c_werror_flag" || test ! -s conftest.err
configure:6716: $? = 0
configure:6723: test -s conftest
configure:6726: $? = 0
configure:6739: result: yes
configure:6760: checking for special C compiler options needed for large files
configure:6887: result: no
configure:6893: checking for _FILE_OFFSET_BITS value needed for large files
configure:6929: gcc -c -g -O2  conftest.c >&5
conftest.c:51: warning: left shift count >= width of type
conftest.c:51: warning: left shift count >= width of type
conftest.c:53: size of array `off_t_is_large' is negative
configure:6935: $? = 1
configure: failed program was:
| /* confdefs.h.  */
| #define PACKAGE_NAME "Easel"
| #define PACKAGE_TARNAME "easel"
| #define PACKAGE_VERSION "0.1"
| #define PACKAGE_STRING "Easel 0.1"
| #define PACKAGE_BUGREPORT "eddys@janelia.hhmi.org"
| #define EASEL_DATE "March 2007"
| #define EASEL_COPYRIGHT "Copyright (C) 2004-2007 HHMI Janelia Farm Research Campus"
| #define EASEL_LICENSE "Freely distributed under the Janelia Software License."
| #define EASEL_VERSION "0.1"
| #define eslAUGMENT_ALPHABET 1
| #define eslAUGMENT_DMATRIX 1
| #define eslAUGMENT_FILEPARSER 1
| #define eslAUGMENT_GEV 1
| #define eslAUGMENT_GUMBEL 1
| #define eslAUGMENT_HISTOGRAM 1
| #define eslAUGMENT_KEYHASH 1
| #define eslAUGMENT_MINIMIZER 1
| #define eslAUGMENT_MSA 1
| #define eslAUGMENT_RANDOM 1
| #define eslAUGMENT_SSI 1
| #define eslAUGMENT_STATS 1
| #define eslLIBRARY 1
| #define STDC_HEADERS 1
| #define HAVE_SYS_TYPES_H 1
| #define HAVE_SYS_STAT_H 1
| #define HAVE_STDLIB_H 1
| #define HAVE_STRING_H 1
| #define HAVE_MEMORY_H 1
| #define HAVE_STRINGS_H 1
| #define HAVE_INTTYPES_H 1
| #define HAVE_STDINT_H 1
| #define HAVE_UNISTD_H 1
| #define HAVE_SYS_TYPES_H 1
| #define HAVE_UNISTD_H 1
| #define HAVE_STDINT_H 1
| #define HAVE_INTTYPES_H 1
| #define HAVE_MKSTEMP 1
| #define HAVE_POPEN 1
| #define HAVE_STRCASECMP 1
| #define HAVE_TIMES 1
| #define _LARGEFILE_SOURCE 1
| #define HAVE_FSEEKO 1
| /* end confdefs.h.  */
| #include <sys/types.h>
|  /* Check that off_t can represent 2**63 - 1 correctly.
|     We can't simply define LARGE_OFF_T to be 9223372036854775807,
|     since some C++ compilers masquerading as C compilers
|     incorrectly reject 9223372036854775807.  */
| #define LARGE_OFF_T (((off_t) 1 << 62) - 1 + ((off_t) 1 << 62))
|   int off_t_is_large[(LARGE_OFF_T % 2147483629 == 721
| 		       && LARGE_OFF_T % 2147483647 == 1)
| 		      ? 1 : -1];
| int
| main ()
| {
| 
|   ;
|   return 0;
| }
configure:6996: gcc -c -g -O2  conftest.c >&5
configure:7002: $? = 0
configure:7009: test -z "$ac_c_werror_flag" || test ! -s conftest.err
configure:7012: $? = 0
configure:7019: test -s conftest.o
configure:7022: $? = 0
configure:7036: result: 64
configure:7046: checking for _LARGE_FILES value needed for large files
configure:7082: gcc -c -g -O2  conftest.c >&5
configure:7088: $? = 0
configure:7095: test -z "$ac_c_werror_flag" || test ! -s conftest.err
configure:7098: $? = 0
configure:7105: test -s conftest.o
configure:7108: $? = 0
configure:7189: result: no
configure:7315: creating ./config.status

## ---------------------- ##
## Running config.status. ##
## ---------------------- ##

This file was extended by Easel config.status 0.1, which was
generated by GNU Autoconf 2.60.  Invocation command line was

  CONFIG_FILES    = 
  CONFIG_HEADERS  = 
  CONFIG_LINKS    = 
  CONFIG_COMMANDS = 
  $ ./config.status 

on bioinfo.csie.ncu.edu.tw

config.status:590: creating miniapps/Makefile
config.status:590: creating Makefile
config.status:590: creating esl_config.h

## ---------------- ##
## Cache variables. ##
## ---------------- ##

ac_cv_c_bigendian=no
ac_cv_c_compiler_gnu=yes
ac_cv_c_uint16_t=yes
ac_cv_c_uint32_t=yes
ac_cv_c_uint64_t=yes
ac_cv_c_uint8_t=yes
ac_cv_env_CC_set=
ac_cv_env_CC_value=
ac_cv_env_CFLAGS_set=
ac_cv_env_CFLAGS_value=
ac_cv_env_CPPFLAGS_set=
ac_cv_env_CPPFLAGS_value=
ac_cv_env_CPP_set=
ac_cv_env_CPP_value=
ac_cv_env_LDFLAGS_set=
ac_cv_env_LDFLAGS_value=
ac_cv_env_build_alias_set=
ac_cv_env_build_alias_value=
ac_cv_env_host_alias_set=
ac_cv_env_host_alias_value=
ac_cv_env_target_alias_set=
ac_cv_env_target_alias_value=
ac_cv_func_fseeko=yes
ac_cv_func_mkstemp=yes
ac_cv_func_popen=yes
ac_cv_func_strcasecmp=yes
ac_cv_func_times=yes
ac_cv_header_inttypes_h=yes
ac_cv_header_memory_h=yes
ac_cv_header_stdc=yes
ac_cv_header_stdint_h=yes
ac_cv_header_stdlib_h=yes
ac_cv_header_string_h=yes
ac_cv_header_strings_h=yes
ac_cv_header_sys_stat_h=yes
ac_cv_header_sys_types_h=yes
ac_cv_header_unistd_h=yes
ac_cv_objext=o
ac_cv_path_AR=/usr/bin/ar
ac_cv_path_EGREP='/bin/grep -E'
ac_cv_path_GREP=/bin/grep
ac_cv_prog_CPP='gcc -E'
ac_cv_prog_ac_ct_CC=gcc
ac_cv_prog_ac_ct_RANLIB=ranlib
ac_cv_prog_cc_c89=
ac_cv_prog_cc_g=yes
ac_cv_sys_file_offset_bits=64
ac_cv_sys_large_files=no
ac_cv_sys_largefile_CC=no
ac_cv_sys_largefile_source=1
ac_cv_type_off_t=yes

## ----------------- ##
## Output variables. ##
## ----------------- ##

AR='/usr/bin/ar'
CC='gcc'
CFLAGS='-g -O2'
CPP='gcc -E'
CPPFLAGS=''
DEFS='-DHAVE_CONFIG_H'
EASEL_COPYRIGHT='Copyright (C) 2004-2007 HHMI Janelia Farm Research Campus'
EASEL_DATE='March 2007'
EASEL_LICENSE='Freely distributed under the Janelia Software License.'
EASEL_LICENSETAG='jsl'
EASEL_RELCODE='easel0_1'
EASEL_URL='http://easel.janelia.org/'
EASEL_VERSION='0.1'
ECHO_C=''
ECHO_N='-n'
ECHO_T=''
EGREP='/bin/grep -E'
EXEC_DEPENDENCY='%: %.o'
EXEEXT=''
GREP='/bin/grep'
LDFLAGS=''
LIBGSL=''
LIBOBJS=''
LIBS=''
LTLIBOBJS=''
OBJEXT='o'
PACKAGE_BUGREPORT='eddys@janelia.hhmi.org'
PACKAGE_NAME='Easel'
PACKAGE_STRING='Easel 0.1'
PACKAGE_TARNAME='easel'
PACKAGE_VERSION='0.1'
PATH_SEPARATOR=':'
RANLIB='ranlib'
SHELL='/bin/sh'
ac_ct_CC='gcc'
bindir='${exec_prefix}/bin'
build_alias=''
datadir='${datarootdir}'
datarootdir='${prefix}/share'
docdir='${datarootdir}/doc/${PACKAGE_TARNAME}'
dvidir='${docdir}'
exec_prefix='${prefix}'
host_alias=''
htmldir='${docdir}'
includedir='${prefix}/include'
infodir='${datarootdir}/info'
libdir='${exec_prefix}/lib'
libexecdir='${exec_prefix}/libexec'
localedir='${datarootdir}/locale'
localstatedir='${prefix}/var'
mandir='${datarootdir}/man'
oldincludedir='/usr/include'
pdfdir='${docdir}'
prefix='/usr/local'
program_transform_name='s,x,x,'
psdir='${docdir}'
sbindir='${exec_prefix}/sbin'
sharedstatedir='${prefix}/com'
sysconfdir='${prefix}/etc'
target_alias=''

## ----------- ##
## confdefs.h. ##
## ----------- ##

#define PACKAGE_NAME "Easel"
#define PACKAGE_TARNAME "easel"
#define PACKAGE_VERSION "0.1"
#define PACKAGE_STRING "Easel 0.1"
#define PACKAGE_BUGREPORT "eddys@janelia.hhmi.org"
#define EASEL_DATE "March 2007"
#define EASEL_COPYRIGHT "Copyright (C) 2004-2007 HHMI Janelia Farm Research Campus"
#define EASEL_LICENSE "Freely distributed under the Janelia Software License."
#define EASEL_VERSION "0.1"
#define eslAUGMENT_ALPHABET 1
#define eslAUGMENT_DMATRIX 1
#define eslAUGMENT_FILEPARSER 1
#define eslAUGMENT_GEV 1
#define eslAUGMENT_GUMBEL 1
#define eslAUGMENT_HISTOGRAM 1
#define eslAUGMENT_KEYHASH 1
#define eslAUGMENT_MINIMIZER 1
#define eslAUGMENT_MSA 1
#define eslAUGMENT_RANDOM 1
#define eslAUGMENT_SSI 1
#define eslAUGMENT_STATS 1
#define eslLIBRARY 1
#define STDC_HEADERS 1
#define HAVE_SYS_TYPES_H 1
#define HAVE_SYS_STAT_H 1
#define HAVE_STDLIB_H 1
#define HAVE_STRING_H 1
#define HAVE_MEMORY_H 1
#define HAVE_STRINGS_H 1
#define HAVE_INTTYPES_H 1
#define HAVE_STDINT_H 1
#define HAVE_UNISTD_H 1
#define HAVE_SYS_TYPES_H 1
#define HAVE_UNISTD_H 1
#define HAVE_STDINT_H 1
#define HAVE_INTTYPES_H 1
#define HAVE_MKSTEMP 1
#define HAVE_POPEN 1
#define HAVE_STRCASECMP 1
#define HAVE_TIMES 1
#define _LARGEFILE_SOURCE 1
#define HAVE_FSEEKO 1
#define _FILE_OFFSET_BITS 64

configure: exit 0
