I: (U,G) G (C,G) A;I: (U,G) A (U,A) A;O[C@H]([C@@H](O)[C@H](N)C[C@@H]1N)[C@@H]1O[C@@H]2[C@H](N)[C@@H](O)[C@H](O)[C@@H](CNC(CCCC#C)=O)O2;MI000000;52
I: (U,G) G (C,G) A;I: (U,G) A (U,A) A;O=C(NCCCN=[N+]=[N-])CCCOC1=CC=CC(C2=NC(C=C3)=C(N2)C=C3C4=NC(C=C5)=C(N4)C=C5N6CCN(C)CC6)=C1;MI000000;52
I: (U,G) G (C,G) A;I: (G,C) C (C,G) A;O[C@H]1[C@H](O)[C@@H](O)[C@@H](O[C@H]2C(O)[C@@H](O[C@@H]3O[C@@H](CO)[C@H](O)C(N)[C@@H]3O)[C@H](N)C[C@@H]2N)O[C@@H]1CNC(CCCC#C)=O;MI000000;41
I: (U,G) G (C,G) A;I: (C,G) A (U,A) A;N=C(N)NC[C@H]1O[C@H](O[C@H]2[C@H](O[C@@H]3O[C@H](CN=[N+]=[N-])[C@H](O[C@@H]4[C@H](NC(N)=N)[C@@H](O)[C@H](O)C(CNC(N)=N)O4)[C@@H]3O)[C@@H](O)[C@H](NC(N)=N)C[C@@H]2NC(N)=N)[C@H](NC(N)=N)[C@@H](O)[C@@H]1O;MI000000;24
I: (U,G) G (C,G) A;I: (A,U) A (U,A) A;O=C(NCCCN=[N+]=[N-])CCCOC1=CC=CC(C2=NC(C=C3)=C(N2)C=C3C4=NC(C=C5)=C(N4)C=C5N6CCN(C)CC6)=C1;MI000000;6
I: (U,G) G (C,G) A;I: (C,G) A (C,G) A;O=C(NCCCN=[N+]=[N-])CCCOC1=CC=CC(C2=NC(C=C3)=C(N2)C=C3C4=NC(C=C5)=C(N4)C=C5N6CCN(C)CC6)=C1;MI000000;58
I: (U,G) G (C,G) A;I: (U,A) G (A,U) A;CN1CCN(C2=CC(NC(C3=CC(C(C)(C)C)=C(OCCCC(NCCCN=[N+]=[N-])=O)C(C(C)(C)C)=C3)=N4)=C4C=C2)CC1;MI000000;41
I: (U,G) G (C,G) A;I: (G,C) G (C,G) G;O[C@H]1C[C@@H](N)[C@@H](O[C@H]2C(O)[C@@H](O[C@@H]3O[C@@H](CN=[N+]=[N-])[C@H](O)C(N)[C@@H]3O)[C@H](N)C[C@@H]2N)O[C@@H]1CN;MI000000;38
I: (U,G) G (C,G) A;I: (C,G) C (C,G) C;O=C(NCCCN=[N+]=[N-])CCCOC1=CC=CC(C2=NC(C=C3)=C(N2)C=C3C4=NC(C=C5)=C(N4)C=C5N6CCN(C)CC6)=C1;MI000000;10
I: (U,G) G (C,G) A;I: (G,C) C (U,A) A;O[C@H]1[C@H](O)[C@@H](O)[C@@H](O[C@H]2C(O)[C@@H](O[C@@H]3O[C@@H](CO)[C@H](O)C(N)[C@@H]3O)[C@H](N)C[C@@H]2N)O[C@@H]1CNC(CCCC#C)=O;MI000000;7
I: (U,G) G (C,G) A;I: (U,A) A (C,G) A;N=C(N)NC[C@H]1O[C@H](O[C@H]2[C@H](O[C@@H]3O[C@H](CN=[N+]=[N-])[C@H](O[C@@H]4[C@H](NC(N)=N)[C@@H](O)[C@H](O)C(CNC(N)=N)O4)[C@@H]3O)[C@@H](O)[C@H](NC(N)=N)C[C@@H]2NC(N)=N)[C@H](NC(N)=N)[C@@H](O)[C@@H]1O;MI000000;56
I: (U,G) G (C,G) A;I: (C,G) U (C,G) U;O[C@H]1[C@H](O)[C@@H](N)[C@@H](O[C@H]2[C@H](O[C@@H]3O[C@H](CN=[N+]=[N-])[C@@H](O[C@H]4O[C@H](CN)[C@@H](O)[C@H](O)[C@H]4N)[C@H]3O)[C@@H](O)[C@H](N)C[C@@H]2N)O[C@@H]1CN;MI000000;18
I: (U,G) G (C,G) A;I: (G,C) U (C,G) C;O[C@H]1[C@H](O)[C@@H](N)[C@@H](O[C@H]2[C@H](OCCN=[N+]=[N-])[C@@H](O)[C@H](N)C[C@@H]2N)O[C@@H]1CN;MI000000;5
I: (U,G) G (C,G) A;I: (U,A) G (U,A) A;CN[C@@H]1[C@@H](O)[C@H](O)[C@@H](CO)O[C@@H]1OC2C(O[C@@H]3[C@H](O)[C@@H](O)[C@@H](NC(N)=N)[C@@H](O)[C@@H]3NC(N)=N)OC(C)C2(CNCCCN=[N+]=[N-])O;MI000000;49
I: (U,G) G (C,G) A;I: (U,A) A (A,U) A;CN1CCN(C2=CC(NC(C3=CC(C(C)(C)C)=C(OCCCC(NCCCN=[N+]=[N-])=O)C(C(C)(C)C)=C3)=N4)=C4C=C2)CC1;MI000000;14
I: (U,G) G (C,G) A;I: (U,A) A (A,U) A;NC(C=C1)=CC=C1C2=CC3=CC=C(C4=NCCN4)C=C3N2;MI000000;14
I: (U,G) G (C,G) A;I: (U,A) C (C,G) A;O[C@H]1[C@H](O)[C@@H](O)[C@@H](O[C@H]2C(O)[C@@H](O[C@@H]3O[C@@H](CO)[C@H](O)C(N)[C@@H]3O)[C@H](N)C[C@@H]2N)O[C@@H]1CNC(CCCC#C)=O;MI000000;49
I: (U,G) G (C,G) A;I: (U,A) C (C,G) A;N=C(N)NC[C@H]1O[C@H](O[C@H]2[C@H](O[C@@H]3O[C@H](CN=[N+]=[N-])[C@H](O[C@@H]4[C@H](NC(N)=N)[C@@H](O)[C@H](O)C(CNC(N)=N)O4)[C@@H]3O)[C@@H](O)[C@H](NC(N)=N)C[C@@H]2NC(N)=N)[C@H](NC(N)=N)[C@@H](O)[C@@H]1O;MI000000;49
I: (U,G) G (C,G) A;I: (U,A) G (A,U) G;O[C@H]1[C@H](O)[C@@H](N)[C@@H](O[C@H]2[C@H](O[C@@H]3O[C@H](CN=[N+]=[N-])[C@@H](O[C@H]4O[C@H](CN)[C@@H](O)[C@H](O)[C@H]4N)[C@H]3O)[C@@H](O)[C@H](N)C[C@@H]2N)O[C@@H]1CN;MI000000;4
I: (U,G) G (C,G) A;I: (U,A) G (A,U) G;O[C@H]([C@@H](O)[C@H](N)C[C@@H]1N)[C@@H]1O[C@@H]2[C@H](N)[C@@H](O)[C@H](O)[C@@H](CNC(CCCC#C)=O)O2;MI000000;4
I: (U,G) G (C,G) A;I: (U,A) G (A,U) G;O[C@H]1[C@H](O)[C@@H](O)[C@@H](O[C@H]2C(O)[C@@H](O[C@@H]3O[C@@H](CN=[N+]=[N-])[C@H](O)C(NC(N)=N)[C@@H]3O)[C@H](NC(N)=N)C[C@@H]2NC(N)=N)O[C@@H]1CNC(N)=N;MI000000;4
I: (U,G) G (C,G) A;I: (U,A) G (A,U) G;N[C@H]1[C@H](O)[C@@H](O)[C@@H](O[C@H]2O[C@@H](C[C@@H](N)[C@@H](O[C@H]3[C@H](O)[C@@H](O)[C@H](N)C[C@@H]3N)O4)[C@H]4[C@@H](O)[C@@H]2NC)O[C@@H]1CN=[N+]=[N-];MI000000;4
I: (U,G) G (C,G) A;I: (C,G) C (C,G) U;O[C@H]1[C@H](O)[C@@H](N)[C@@H](O[C@H]2[C@H](O[C@@H]3O[C@H](CN=[N+]=[N-])[C@@H](O[C@H]4O[C@H](CN)[C@@H](O)[C@H](O)[C@H]4N)[C@H]3O)[C@@H](O)[C@H](N)C[C@@H]2N)O[C@@H]1CN;MI000000;13
I: (U,G) G (C,G) A;I: (C,G) C (G,C) A;O[C@H]1[C@H](O)[C@@H](O)[C@@H](O[C@H]2C(O)[C@@H](O[C@@H]3O[C@@H](CO)[C@H](O)C(N)[C@@H]3O)[C@H](N)C[C@@H]2N)O[C@@H]1CNC(CCCC#C)=O;MI000000;18
I: (U,G) G (C,G) A;I: (G,C) A (C,G) C;O[C@H]1C[C@@H](N)[C@@H](O[C@H]2C(O)[C@@H](O[C@@H]3O[C@@H](CN=[N+]=[N-])[C@H](O)C(N)[C@@H]3O)[C@H](N)C[C@@H]2N)O[C@@H]1CN;MI000000;7
I: (U,G) G (C,G) A;I: (G,C) A (C,G) C;O[C@H]1[C@H](O)[C@@H](N)[C@@H](O[C@H]2[C@H](OCCN=[N+]=[N-])[C@@H](O)[C@H](N)C[C@@H]2N)O[C@@H]1CN;MI000000;7
I: (U,G) G (C,G) A;I: (U,A) A (C,G) C;O[C@H]([C@@H](O)[C@H](N)C[C@@H]1N)[C@@H]1O[C@@H]2[C@H](N)[C@@H](O)[C@H](O)[C@@H](CNC(CCCC#C)=O)O2;MI000000;15
I: (U,G) G (C,G) A;I: (U,G) U (U,A) U;O[C@H]1C[C@@H](N)[C@@H](O[C@H]2C(O)[C@@H](O[C@@H]3O[C@@H](CN=[N+]=[N-])[C@H](O)C(N)[C@@H]3O)[C@H](N)C[C@@H]2N)O[C@@H]1CN;MI000000;12
I: (U,G) G (C,G) A;I: (U,G) U (U,A) U;CN1CCN(C2=CC(NC(C3=CC(NC(C4=CC(C(C)(C)C)=C(OCCCC(NCCCN=[N+]=[N-])=O)C(C(C)(C)C)=C4)=N5)=C5C=C3)=N6)=C6C=C2)CC1;MI000000;12
I: (U,G) G (C,G) A;I: (U,G) U (U,A) U;CN1CCN(C2=CC(NC(C3=CC(C(C)(C)C)=C(OCCCC(NCCCN=[N+]=[N-])=O)C(C(C)(C)C)=C3)=N4)=C4C=C2)CC1;MI000000;12
I: (U,G) G (C,G) A;I: (U,G) U (U,A) U;N[C@H]1[C@H](O)[C@@H](O)[C@@H](O[C@H]2O[C@@H](C[C@@H](N)[C@@H](O[C@H]3[C@H](O)[C@@H](O)[C@H](N)C[C@@H]3N)O4)[C@H]4[C@@H](O)[C@@H]2NC)O[C@@H]1CN=[N+]=[N-];MI000000;12
I: (U,G) G (C,G) A;I: (G,U) G (C,G) G;O[C@H]1C[C@@H](N)[C@@H](O[C@H]2C(O)[C@@H](O[C@@H]3O[C@@H](CN=[N+]=[N-])[C@H](O)C(N)[C@@H]3O)[C@H](N)C[C@@H]2N)O[C@@H]1CN;MI000000;25
I: (U,G) G (C,G) A;I: (G,U) G (C,G) G;O[C@H]1[C@H](O)[C@@H](N)[C@@H](O[C@H]2[C@H](OCCN=[N+]=[N-])[C@@H](O)[C@H](N)C[C@@H]2N)O[C@@H]1CN;MI000000;25
I: (U,G) G (C,G) A;I: (G,U) G (C,G) G;O[C@H]1[C@H](O)[C@@H](N)[C@@H](O[C@H]2[C@H](O[C@@H]3O[C@H](CN=[N+]=[N-])[C@@H](O[C@H]4O[C@H](CN)[C@@H](O)[C@H](O)[C@H]4N)[C@H]3O)[C@@H](O)[C@H](N)C[C@@H]2N)O[C@@H]1CN;MI000000;25
I: (U,G) G (C,G) A;I: (C,G) A (G,C) A;O=C(NCCCN=[N+]=[N-])CCCOC1=CC=CC(C2=NC(C=C3)=C(N2)C=C3C4=NC(C=C5)=C(N4)C=C5N6CCN(C)CC6)=C1;MI000000;25
I: (U,G) G (C,G) A;I: (C,G) A (G,C) A;N[C@H]1[C@H](O)[C@@H](O)[C@@H](O[C@H]2O[C@@H](C[C@@H](N)[C@@H](O[C@H]3[C@H](O)[C@@H](O)[C@H](N)C[C@@H]3N)O4)[C@H]4[C@@H](O)[C@@H]2NC)O[C@@H]1CN=[N+]=[N-];MI000000;25
I: (U,G) G (C,G) A;I: (U,A) A (U,A) A;O[C@H]1[C@H](O)[C@@H](O)[C@@H](O[C@H]2C(O)[C@@H](O[C@@H]3O[C@@H](CO)[C@H](O)C(N)[C@@H]3O)[C@H](N)C[C@@H]2N)O[C@@H]1CNC(CCCC#C)=O;MI000000;22
I: (U,G) G (C,G) A;I: (U,A) A (U,A) A;CN1CCN(C2=CC(NC(C3=CC(NC(C4=CC(C(C)(C)C)=C(OCCCC(NCCCN=[N+]=[N-])=O)C(C(C)(C)C)=C4)=N5)=C5C=C3)=N6)=C6C=C2)CC1;MI000000;22
I: (U,G) G (C,G) A;I: (U,A) A (U,A) A;OCC(C(O[C@@H]1O[C@@H](CN)[C@H](O)[C@@H](O)[C@@H]1N)C2O)OC2O[C@H]([C@@H](O)[C@H](N)C[C@@H]3N)[C@@H]3O[C@@H]4[C@H](N)[C@@H](O)[C@H](O)[C@@H](CN=[N+]=[N-])O4;MI000000;22
I: (U,G) G (C,G) A;I: (A,U) A (C,G) A;CN1CCN(C2=CC(NC(C3=CC(C(C)(C)C)=C(OCCCC(NCCCN=[N+]=[N-])=O)C(C(C)(C)C)=C3)=N4)=C4C=C2)CC1;MI000000;40
I: (U,G) G (C,G) A;I: (C,G) C (C,G) A;O[C@H]1[C@H](O)[C@@H](O)[C@@H](O[C@H]2C(O)[C@@H](O[C@@H]3O[C@@H](CO)[C@H](O)C(N)[C@@H]3O)[C@H](N)C[C@@H]2N)O[C@@H]1CNC(CCCC#C)=O;MI000000;51
I: (U,G) G (C,G) A;I: (C,G) C (U,A) A;O[C@H]1[C@H](O)[C@@H](O)[C@@H](O[C@H]2C(O)[C@@H](O[C@@H]3O[C@@H](CO)[C@H](O)C(N)[C@@H]3O)[C@H](N)C[C@@H]2N)O[C@@H]1CNC(CCCC#C)=O;MI000000;17
I: (U,G) G (C,G) A;I: (C,G) C (U,A) A;O=C(NCCCN=[N+]=[N-])CCCOC1=CC=CC(C2=NC(C=C3)=C(N2)C=C3C4=NC(C=C5)=C(N4)C=C5N6CCN(C)CC6)=C1;MI000000;17
I: (U,G) G (C,G) A;I: (G,C) G (C,G) A;N=C(N)NC[C@H]1O[C@H](O[C@H]2[C@H](O[C@@H]3O[C@H](CN=[N+]=[N-])[C@H](O[C@@H]4[C@H](NC(N)=N)[C@@H](O)[C@H](O)C(CNC(N)=N)O4)[C@@H]3O)[C@@H](O)[C@H](NC(N)=N)C[C@@H]2NC(N)=N)[C@H](NC(N)=N)[C@@H](O)[C@@H]1O;MI000000;75
I: (U,G) G (C,G) A;I: (U,G) G (U,A) G;O[C@H]1[C@H](O)[C@@H](N)[C@@H](O[C@H]2[C@H](OCCN=[N+]=[N-])[C@@H](O)[C@H](N)C[C@@H]2N)O[C@@H]1CN;MI000000;42
I: (U,G) G (C,G) A;I: (U,G) G (U,A) G;O[C@H]([C@@H](O)[C@H](N)C[C@@H]1N)[C@@H]1O[C@@H]2[C@H](N)[C@@H](O)[C@H](O)[C@@H](CNC(CCCC#C)=O)O2;MI000000;42
I: (U,G) G (C,G) A;I: (U,G) G (U,A) G;N=C(N)NC[C@H]1O[C@H](O[C@H]2[C@H](O[C@@H]3O[C@H](CN=[N+]=[N-])[C@H](O[C@@H]4[C@H](NC(N)=N)[C@@H](O)[C@H](O)C(CNC(N)=N)O4)[C@@H]3O)[C@@H](O)[C@H](NC(N)=N)C[C@@H]2NC(N)=N)[C@H](NC(N)=N)[C@@H](O)[C@@H]1O;MI000000;42
I: (U,G) G (C,G) A;I: (C,G) U (C,G) C;O[C@H]1[C@H](O)[C@@H](N)[C@@H](O[C@H]2[C@H](O[C@@H]3O[C@H](CN=[N+]=[N-])[C@@H](O[C@H]4O[C@H](CN)[C@@H](O)[C@H](O)[C@H]4N)[C@H]3O)[C@@H](O)[C@H](N)C[C@@H]2N)O[C@@H]1CN;MI000000;15
I: (U,G) G (C,G) A;I: (U,A) C (C,G) U;O[C@H]([C@@H](O)[C@H](N)C[C@@H]1N)[C@@H]1O[C@@H]2[C@H](N)[C@@H](O)[C@H](O)[C@@H](CNC(CCCC#C)=O)O2;MI000000;11
I: (U,G) G (C,G) A;I: (U,A) C (C,G) C;O[C@H]([C@@H](O)[C@H](N)C[C@@H]1N)[C@@H]1O[C@@H]2[C@H](N)[C@@H](O)[C@H](O)[C@@H](CNC(CCCC#C)=O)O2;MI000000;8
I: (U,G) G (C,G) A;I: (U,A) C (C,G) C;O[C@H]1[C@H](O)[C@@H](O)[C@@H](O[C@H]2C(O)[C@@H](O[C@@H]3O[C@@H](CN=[N+]=[N-])[C@H](O)C(NC(N)=N)[C@@H]3O)[C@H](NC(N)=N)C[C@@H]2NC(N)=N)O[C@@H]1CNC(N)=N;MI000000;8
I: (U,G) G (C,G) A;I: (G,C) C (G,C) A;O[C@H]1[C@H](O)[C@@H](O)[C@@H](O[C@H]2C(O)[C@@H](O[C@@H]3O[C@@H](CO)[C@H](O)C(N)[C@@H]3O)[C@H](N)C[C@@H]2N)O[C@@H]1CNC(CCCC#C)=O;MI000000;8
I: (U,G) G (C,G) A;I: (G,C) C (G,C) A;N=C(N)NC[C@H]1O[C@H](O[C@H]2[C@H](O[C@@H]3O[C@H](CN=[N+]=[N-])[C@H](O[C@@H]4[C@H](NC(N)=N)[C@@H](O)[C@H](O)C(CNC(N)=N)O4)[C@@H]3O)[C@@H](O)[C@H](NC(N)=N)C[C@@H]2NC(N)=N)[C@H](NC(N)=N)[C@@H](O)[C@@H]1O;MI000000;8
I: (U,G) G (C,G) A;I: (C,G) G (C,G) G;O=C(NCCCN=[N+]=[N-])CCCOC1=CC=CC(C2=NC(C=C3)=C(N2)C=C3C4=NC(C=C5)=C(N4)C=C5N6CCN(C)CC6)=C1;MI000000;48
I: (U,G) G (C,G) A;I: (U,G) G (U,G) G;O[C@H]([C@@H](O)[C@H](N)C[C@@H]1N)[C@@H]1O[C@@H]2[C@H](N)[C@@H](O)[C@H](O)[C@@H](CNC(CCCC#C)=O)O2;MI000000;27
I: (U,G) G (C,G) A;I: (U,G) G (U,G) G;OC1C(O[C@@H]2O[C@@H](CN)[C@H](O)[C@@H](O)[C@@H]2N)C(CN=[N+]=[N-])OC1O[C@H]([C@@H](O)[C@H](N)C[C@@H]3N)[C@@H]3O[C@@H]4[C@H](N)[C@@H](O)[C@H](O)[C@@H](CO)O4;MI000000;27
I: (U,G) G (C,G) A;I: (A,U) G (G,U) A;O=C(NCCCN=[N+]=[N-])CCCOC1=CC=CC(C2=NC(C=C3)=C(N2)C=C3C4=NC(C=C5)=C(N4)C=C5N6CCN(C)CC6)=C1;MI000000;10
I: (U,G) G (C,G) A;I: (C,G) A (C,G) C;O[C@H]1[C@H](O)[C@@H](O)[C@@H](O[C@H]2C(O)[C@@H](O[C@@H]3O[C@@H](CN=[N+]=[N-])[C@H](O)C(NC(N)=N)[C@@H]3O)[C@H](NC(N)=N)C[C@@H]2NC(N)=N)O[C@@H]1CNC(N)=N;MI000000;17
I: (U,G) G (C,G) A;I: (C,G) G (A,U) G;O[C@H]1[C@H](O)[C@@H](N)[C@@H](O[C@H]2[C@H](O[C@@H]3O[C@H](CN=[N+]=[N-])[C@@H](O[C@H]4O[C@H](CN)[C@@H](O)[C@H](O)[C@H]4N)[C@H]3O)[C@@H](O)[C@H](N)C[C@@H]2N)O[C@@H]1CN;MI000000;6
I: (U,G) G (C,G) A;I: (U,G) G (C,G) G;O[C@H]1[C@H](O)[C@@H](N)[C@@H](O[C@H]2[C@H](OCCN=[N+]=[N-])[C@@H](O)[C@H](N)C[C@@H]2N)O[C@@H]1CN;MI000000;76
I: (U,G) G (C,G) A;I: (U,A) C (U,A) A;O[C@H]1[C@H](O)[C@@H](O)[C@@H](O[C@H]2C(O)[C@@H](O[C@@H]3O[C@@H](CO)[C@H](O)C(N)[C@@H]3O)[C@H](N)C[C@@H]2N)O[C@@H]1CNC(CCCC#C)=O;MI000000;15
I: (U,G) G (C,G) A;I: (U,A) C (U,A) A;O[C@H]1[C@H](O)[C@@H](N)[C@@H](O[C@H]2[C@H](O[C@@H]3O[C@H](CN=[N+]=[N-])[C@@H](O[C@H]4O[C@H](CN)[C@@H](O)[C@H](O)[C@H]4N)[C@H]3O)[C@@H](O)[C@H](N)C[C@@H]2N)O[C@@H]1CN;MI000000;15
I: (U,G) G (C,G) A;I: (U,A) C (U,A) A;O[C@H]1[C@H](O)[C@@H](O)[C@@H](O[C@H]2C(O)[C@@H](O[C@@H]3O[C@@H](CN=[N+]=[N-])[C@H](O)C(NC(N)=N)[C@@H]3O)[C@H](NC(N)=N)C[C@@H]2NC(N)=N)O[C@@H]1CNC(N)=N;MI000000;15
I: (U,G) G (C,G) A;I: (U,A) C (U,A) A;CN1CCN(C2=CC(NC(C3=CC(C(C)(C)C)=C(OCCCC(NCCCN=[N+]=[N-])=O)C(C(C)(C)C)=C3)=N4)=C4C=C2)CC1;MI000000;15
I: (U,G) G (C,G) A;I: (U,A) C (U,A) A;NC[C@H]1O[C@H](OC2[C@H](OC3OC(CN=[N+]=[N-])C(O)C3O)[C@@H](O)[C@H](N)C[C@@H]2N)[C@H](N)[C@@H](O)[C@@H]1O;MI000000;15
I: (U,G) G (C,G) A;I: (U,G) C (U,A) C;O[C@H]([C@@H](O)[C@H](N)C[C@@H]1N)[C@@H]1O[C@@H]2[C@H](N)[C@@H](O)[C@H](O)[C@@H](CNC(CCCC#C)=O)O2;MI000000;4
I: (U,G) G (C,G) A;I: (U,G) C (U,A) C;NC[C@H]1O[C@H](OC2[C@H](OC3OC(CN=[N+]=[N-])C(O)C3O)[C@@H](O)[C@H](N)C[C@@H]2N)[C@H](N)[C@@H](O)[C@@H]1O;MI000000;4
I: (U,G) G (C,G) A;I: (U,A) C (G,C) A;O[C@H]1[C@H](O)[C@@H](O)[C@@H](O[C@H]2C(O)[C@@H](O[C@@H]3O[C@@H](CO)[C@H](O)C(N)[C@@H]3O)[C@H](N)C[C@@H]2N)O[C@@H]1CNC(CCCC#C)=O;MI000000;16
I: (U,G) G (C,G) A;I: (U,G) C (A,U) A;O[C@H]1[C@H](O)[C@@H](O)[C@@H](O[C@H]2C(O)[C@@H](O[C@@H]3O[C@@H](CO)[C@H](O)C(N)[C@@H]3O)[C@H](N)C[C@@H]2N)O[C@@H]1CNC(CCCC#C)=O;MI000000;37
I: (U,G) G (C,G) A;I: (U,A) G (C,G) A;O[C@H]([C@@H](O)[C@H](N)C[C@@H]1N)[C@@H]1O[C@@H]2[C@H](N)[C@@H](O)[C@H](O)[C@@H](CNC(CCCC#C)=O)O2;MI000000;83
I: (U,G) G (C,G) A;I: (A,U) A (C,G) G;O[C@H]([C@@H](O)[C@H](N)C[C@@H]1N)[C@@H]1O[C@@H]2[C@H](N)[C@@H](O)[C@H](O)[C@@H](CNC(CCCC#C)=O)O2;MI000000;3
I: (U,G) G (C,G) A;I: (U,G) G (U,A) A;O[C@H]1[C@H](O)[C@@H](N)[C@@H](O[C@H]2[C@H](O[C@@H]3O[C@H](CN=[N+]=[N-])[C@@H](O[C@H]4O[C@H](CN)[C@@H](O)[C@H](O)[C@H]4N)[C@H]3O)[C@@H](O)[C@H](N)C[C@@H]2N)O[C@@H]1CN;MI000000;79
I: (U,G) G (C,G) A;I: (U,A) C (A,U) A;O[C@H]1[C@H](O)[C@@H](O)[C@@H](O[C@H]2C(O)[C@@H](O[C@@H]3O[C@@H](CN=[N+]=[N-])[C@H](O)C(NC(N)=N)[C@@H]3O)[C@H](NC(N)=N)C[C@@H]2NC(N)=N)O[C@@H]1CNC(N)=N;MI000000;7
I: (U,G) G (C,G) A;I: (A,U) G (U,A) A;O[C@H]1[C@H](O)[C@@H](O)[C@@H](O[C@H]2C(O)[C@@H](O[C@@H]3O[C@@H](CN=[N+]=[N-])[C@H](O)C(N)[C@@H]3O)[C@H](N)C[C@@H]2N)O[C@@H]1CN;MI000000;33
I: (U,G) G (C,G) A;I: (U,G) U (U,A) C;O[C@H]([C@@H](O)[C@H](N)C[C@@H]1N)[C@@H]1O[C@@H]2[C@H](N)[C@@H](O)[C@H](O)[C@@H](CNC(CCCC#C)=O)O2;MI000000;9
I: (U,G) G (C,G) A;I: (U,A) U (C,G) C;O[C@H]1[C@H](O)[C@@H](N)[C@@H](O[C@H]2[C@H](O[C@@H]3O[C@H](CN=[N+]=[N-])[C@@H](O[C@H]4O[C@H](CN)[C@@H](O)[C@H](O)[C@H]4N)[C@H]3O)[C@@H](O)[C@H](N)C[C@@H]2N)O[C@@H]1CN;MI000000;13
I: (U,G) G (C,G) A;I: (U,A) U (C,G) C;O[C@H]([C@@H](O)[C@H](N)C[C@@H]1N)[C@@H]1O[C@@H]2[C@H](N)[C@@H](O)[C@H](O)[C@@H](CNC(CCCC#C)=O)O2;MI000000;13
I: (U,G) G (C,G) A;I: (C,G) C (U,G) A;O[C@H]1[C@H](O)[C@@H](O)[C@@H](O[C@H]2C(O)[C@@H](O[C@@H]3O[C@@H](CO)[C@H](O)C(N)[C@@H]3O)[C@H](N)C[C@@H]2N)O[C@@H]1CNC(CCCC#C)=O;MI000000;2
I: (U,G) G (C,G) A;I: (U,G) C (U,A) A;O[C@H]1C[C@@H](N)[C@@H](O[C@H]2C(O)[C@@H](O[C@@H]3O[C@@H](CN=[N+]=[N-])[C@H](O)C(N)[C@@H]3O)[C@H](N)C[C@@H]2N)O[C@@H]1CN;MI000000;45
I: (U,G) G (C,G) A;I: (U,G) C (U,A) A;O[C@H]1[C@H](O)[C@@H](O)[C@@H](O[C@H]2C(O)[C@@H](O[C@@H]3O[C@@H](CO)[C@H](O)C(N)[C@@H]3O)[C@H](N)C[C@@H]2N)O[C@@H]1CNC(CCCC#C)=O;MI000000;45
I: (U,G) G (C,G) A;I: (G,U) A (C,G) A;N[C@H]1[C@H](O)[C@@H](O)[C@@H](O[C@H]2O[C@@H](C[C@@H](N)[C@@H](O[C@H]3[C@H](O)[C@@H](O)[C@H](N)C[C@@H]3N)O4)[C@H]4[C@@H](O)[C@@H]2NC)O[C@@H]1CN=[N+]=[N-];MI000000;35
I: (U,G) G (C,G) A;I: (U,G) A (C,G) C;O[C@H]1[C@H](O)[C@@H](N)[C@@H](O[C@H]2[C@H](OCCN=[N+]=[N-])[C@@H](O)[C@H](N)C[C@@H]2N)O[C@@H]1CN;MI000000;45
I: (U,G) G (C,G) A;I: (U,A) A (G,C) A;O[C@H]([C@@H](O)[C@H](N)C[C@@H]1N)[C@@H]1O[C@@H]2[C@H](N)[C@@H](O)[C@H](O)[C@@H](CNC(CCCC#C)=O)O2;MI000000;23
I: (U,G) G (C,G) A;I: (C,G) G (C,G) A;NC[C@H]1O[C@H](OC2[C@H](OC3OC(CN=[N+]=[N-])C(O)C3O)[C@@H](O)[C@H](N)C[C@@H]2N)[C@H](N)[C@@H](O)[C@@H]1O;MI000000;85
I: (U,G) G (C,G) A;I: (U,G) A (U,A) C;NC(C=C1)=CC=C1C2=CC3=CC=C(C4=NCCN4)C=C3N2;MI000000;11
I: (U,G) G (C,G) A;I: (U,G) U (C,G) C;O[C@H]1[C@H](O)[C@@H](N)[C@@H](O[C@H]2[C@H](OCCN=[N+]=[N-])[C@@H](O)[C@H](N)C[C@@H]2N)O[C@@H]1CN;MI000000;43
I: (U,G) G (C,G) A;I: (U,U) G (U,A) A;O[C@H]1[C@H](O)[C@@H](O)[C@@H](O[C@H]2C(O)[C@@H](O[C@@H]3O[C@@H](CN=[N+]=[N-])[C@H](O)C(NC(N)=N)[C@@H]3O)[C@H](NC(N)=N)C[C@@H]2NC(N)=N)O[C@@H]1CNC(N)=N;MI000000;47
I: (U,G) G (C,G) A;I: (U,G) U (A,U) U;O[C@H]1[C@H](O)[C@@H](O)[C@@H](O[C@H]2C(O)[C@@H](O[C@@H]3O[C@@H](CN=[N+]=[N-])[C@H](O)C(N)[C@@H]3O)[C@H](N)C[C@@H]2N)O[C@@H]1CN;MI000000;4
