This file contains any messages produced by compilers while
running configure, to aid debugging if configure makes a mistake.

It was created by Infernal configure 0.81, which was
generated by GNU Autoconf 2.60.  Invocation command line was

  $ ./configure 

## --------- ##
## Platform. ##
## --------- ##

hostname = bioinfo.csie.ncu.edu.tw
uname -m = i686
uname -r = 2.4.20-8smp
uname -s = Linux
uname -v = #1 SMP Thu Mar 13 17:45:54 EST 2003

/usr/bin/uname -p = unknown
/bin/uname -X     = unknown

/bin/arch              = i686
/usr/bin/arch -k       = unknown
/usr/convex/getsysinfo = unknown
/usr/bin/hostinfo      = unknown
/bin/machine           = unknown
/usr/bin/oslevel       = unknown
/bin/universe          = unknown

PATH: /usr/java/jdk1.5.0_09/bin
PATH: /usr/kerberos/sbin
PATH: /usr/kerberos/bin
PATH: /usr/local/sbin
PATH: /usr/bin
PATH: /bin
PATH: /usr/sbin
PATH: /sbin
PATH: /usr/local/bin
PATH: /usr/X11R6/bin
PATH: /root/bin
PATH: /home/mooncat/TOOL/rnamotif-3.0.0/src
PATH: /home/mooncat/TOOL/mfold-3.1.2/bin


## ----------- ##
## Core tests. ##
## ----------- ##

configure:1708: Welcome. Configuring Infernal for your system.
configure:1749: This is a full source distribution - using full config
configure:1814: checking for g++
configure:1830: found /usr/bin/g++
configure:1841: result: g++
configure:1872: checking for C++ compiler version
configure:1879: g++ --version >&5
g++ (GCC) 3.2.2 20030222 (Red Hat Linux 3.2.2-5)
Copyright (C) 2002 Free Software Foundation, Inc.
This is free software; see the source for copying conditions.  There is NO
warranty; not even for MERCHANTABILITY or FITNESS FOR A PARTICULAR PURPOSE.

configure:1882: $? = 0
configure:1889: g++ -v >&5
Reading specs from /usr/lib/gcc-lib/i386-redhat-linux/3.2.2/specs
Configured with: ../configure --prefix=/usr --mandir=/usr/share/man --infodir=/usr/share/info --enable-shared --enable-threads=posix --disable-checking --with-system-zlib --enable-__cxa_atexit --host=i386-redhat-linux
Thread model: posix
gcc version 3.2.2 20030222 (Red Hat Linux 3.2.2-5)
configure:1892: $? = 0
configure:1899: g++ -V >&5
g++: argument to `-V' missing

configure:1902: $? = 1
configure:1925: checking for C++ compiler default output file name
configure:1952: g++    conftest.cpp  >&5
configure:1955: $? = 0
configure:2001: result: a.out
configure:2006: checking whether the C++ compiler works
configure:2016: ./a.out
configure:2019: $? = 0
configure:2036: result: yes
configure:2043: checking whether we are cross compiling
configure:2045: result: no
configure:2048: checking for suffix of executables
configure:2055: g++ -o conftest    conftest.cpp  >&5
configure:2058: $? = 0
configure:2082: result: 
configure:2088: checking for suffix of object files
configure:2114: g++ -c   conftest.cpp >&5
configure:2117: $? = 0
configure:2140: result: o
configure:2144: checking whether we are using the GNU C++ compiler
configure:2173: g++ -c   conftest.cpp >&5
configure:2179: $? = 0
configure:2186: test -z "$ac_cxx_werror_flag" || test ! -s conftest.err
configure:2189: $? = 0
configure:2196: test -s conftest.o
configure:2199: $? = 0
configure:2213: result: yes
configure:2218: checking whether g++ accepts -g
configure:2248: g++ -c -g  conftest.cpp >&5
configure:2254: $? = 0
configure:2261: test -z "$ac_cxx_werror_flag" || test ! -s conftest.err
configure:2264: $? = 0
configure:2271: test -s conftest.o
configure:2274: $? = 0
configure:2404: result: yes
configure:2470: checking for ranlib
configure:2486: found /usr/bin/ranlib
configure:2497: result: ranlib
configure:2525: checking for ar
configure:2544: found /usr/bin/ar
configure:2557: result: /usr/bin/ar
configure:2575: checking whether your make is GNU make
configure:2583: result: yes, it is.
configure:2852: checking for gcc
configure:2868: found /usr/bin/gcc
configure:2879: result: gcc
configure:3117: checking for C compiler version
configure:3124: gcc --version >&5
gcc (GCC) 3.2.2 20030222 (Red Hat Linux 3.2.2-5)
Copyright (C) 2002 Free Software Foundation, Inc.
This is free software; see the source for copying conditions.  There is NO
warranty; not even for MERCHANTABILITY or FITNESS FOR A PARTICULAR PURPOSE.

configure:3127: $? = 0
configure:3134: gcc -v >&5
Reading specs from /usr/lib/gcc-lib/i386-redhat-linux/3.2.2/specs
Configured with: ../configure --prefix=/usr --mandir=/usr/share/man --infodir=/usr/share/info --enable-shared --enable-threads=posix --disable-checking --with-system-zlib --enable-__cxa_atexit --host=i386-redhat-linux
Thread model: posix
gcc version 3.2.2 20030222 (Red Hat Linux 3.2.2-5)
configure:3137: $? = 0
configure:3144: gcc -V >&5
gcc: argument to `-V' is missing
configure:3147: $? = 1
configure:3150: checking whether we are using the GNU C compiler
configure:3179: gcc -c   conftest.c >&5
configure:3185: $? = 0
configure:3192: test -z "$ac_c_werror_flag" || test ! -s conftest.err
configure:3195: $? = 0
configure:3202: test -s conftest.o
configure:3205: $? = 0
configure:3219: result: yes
configure:3224: checking whether gcc accepts -g
configure:3254: gcc -c -g  conftest.c >&5
configure:3260: $? = 0
configure:3267: test -z "$ac_c_werror_flag" || test ! -s conftest.err
configure:3270: $? = 0
configure:3277: test -s conftest.o
configure:3280: $? = 0
configure:3410: result: yes
configure:3427: checking for gcc option to accept ISO C89
configure:3501: gcc  -c -g -O2  conftest.c >&5
configure:3507: $? = 0
configure:3514: test -z "$ac_c_werror_flag" || test ! -s conftest.err
configure:3517: $? = 0
configure:3524: test -s conftest.o
configure:3527: $? = 0
configure:3547: result: none needed
configure:4006: checking how to run the C preprocessor
configure:4046: gcc -E  conftest.c
configure:4052: $? = 0
configure:4090: gcc -E  conftest.c
conftest.c:11:28: ac_nonexistent.h: No such file or directory
configure:4096: $? = 1
configure: failed program was:
| /* confdefs.h.  */
| #define PACKAGE_NAME "Infernal"
| #define PACKAGE_TARNAME "infernal"
| #define PACKAGE_VERSION "0.81"
| #define PACKAGE_STRING "Infernal 0.81"
| #define PACKAGE_BUGREPORT "eddys@janelia.hhmi.org"
| #define PACKAGE_DATE "May 2007"
| #define PACKAGE_COPYRIGHT "Copyright (C) 2001-2007 HHMI Janelia Farm"
| #define PACKAGE_LICENSE "Freely distributed under the GNU General Public License (GPL)"
| /* end confdefs.h.  */
| #include <ac_nonexistent.h>
configure:4136: result: gcc -E
configure:4165: gcc -E  conftest.c
configure:4171: $? = 0
configure:4209: gcc -E  conftest.c
conftest.c:11:28: ac_nonexistent.h: No such file or directory
configure:4215: $? = 1
configure: failed program was:
| /* confdefs.h.  */
| #define PACKAGE_NAME "Infernal"
| #define PACKAGE_TARNAME "infernal"
| #define PACKAGE_VERSION "0.81"
| #define PACKAGE_STRING "Infernal 0.81"
| #define PACKAGE_BUGREPORT "eddys@janelia.hhmi.org"
| #define PACKAGE_DATE "May 2007"
| #define PACKAGE_COPYRIGHT "Copyright (C) 2001-2007 HHMI Janelia Farm"
| #define PACKAGE_LICENSE "Freely distributed under the GNU General Public License (GPL)"
| /* end confdefs.h.  */
| #include <ac_nonexistent.h>
configure:4260: checking for grep that handles long lines and -e
configure:4334: result: /bin/grep
configure:4339: checking for egrep
configure:4417: result: /bin/grep -E
configure:4422: checking for ANSI C header files
configure:4452: gcc -c -g -O2  conftest.c >&5
configure:4458: $? = 0
configure:4465: test -z "$ac_c_werror_flag" || test ! -s conftest.err
configure:4468: $? = 0
configure:4475: test -s conftest.o
configure:4478: $? = 0
configure:4571: gcc -o conftest -g -O2   conftest.c  >&5
configure:4574: $? = 0
configure:4580: ./conftest
configure:4583: $? = 0
configure:4600: result: yes
configure:4624: checking for sys/types.h
configure:4645: gcc -c -g -O2  conftest.c >&5
configure:4651: $? = 0
configure:4658: test -z "$ac_c_werror_flag" || test ! -s conftest.err
configure:4661: $? = 0
configure:4668: test -s conftest.o
configure:4671: $? = 0
configure:4684: result: yes
configure:4624: checking for sys/stat.h
configure:4645: gcc -c -g -O2  conftest.c >&5
configure:4651: $? = 0
configure:4658: test -z "$ac_c_werror_flag" || test ! -s conftest.err
configure:4661: $? = 0
configure:4668: test -s conftest.o
configure:4671: $? = 0
configure:4684: result: yes
configure:4624: checking for stdlib.h
configure:4645: gcc -c -g -O2  conftest.c >&5
configure:4651: $? = 0
configure:4658: test -z "$ac_c_werror_flag" || test ! -s conftest.err
configure:4661: $? = 0
configure:4668: test -s conftest.o
configure:4671: $? = 0
configure:4684: result: yes
configure:4624: checking for string.h
configure:4645: gcc -c -g -O2  conftest.c >&5
configure:4651: $? = 0
configure:4658: test -z "$ac_c_werror_flag" || test ! -s conftest.err
configure:4661: $? = 0
configure:4668: test -s conftest.o
configure:4671: $? = 0
configure:4684: result: yes
configure:4624: checking for memory.h
configure:4645: gcc -c -g -O2  conftest.c >&5
configure:4651: $? = 0
configure:4658: test -z "$ac_c_werror_flag" || test ! -s conftest.err
configure:4661: $? = 0
configure:4668: test -s conftest.o
configure:4671: $? = 0
configure:4684: result: yes
configure:4624: checking for strings.h
configure:4645: gcc -c -g -O2  conftest.c >&5
configure:4651: $? = 0
configure:4658: test -z "$ac_c_werror_flag" || test ! -s conftest.err
configure:4661: $? = 0
configure:4668: test -s conftest.o
configure:4671: $? = 0
configure:4684: result: yes
configure:4624: checking for inttypes.h
configure:4645: gcc -c -g -O2  conftest.c >&5
configure:4651: $? = 0
configure:4658: test -z "$ac_c_werror_flag" || test ! -s conftest.err
configure:4661: $? = 0
configure:4668: test -s conftest.o
configure:4671: $? = 0
configure:4684: result: yes
configure:4624: checking for stdint.h
configure:4645: gcc -c -g -O2  conftest.c >&5
configure:4651: $? = 0
configure:4658: test -z "$ac_c_werror_flag" || test ! -s conftest.err
configure:4661: $? = 0
configure:4668: test -s conftest.o
configure:4671: $? = 0
configure:4684: result: yes
configure:4624: checking for unistd.h
configure:4645: gcc -c -g -O2  conftest.c >&5
configure:4651: $? = 0
configure:4658: test -z "$ac_c_werror_flag" || test ! -s conftest.err
configure:4661: $? = 0
configure:4668: test -s conftest.o
configure:4671: $? = 0
configure:4684: result: yes
configure:4698: checking for working alloca.h
configure:4725: gcc -o conftest -g -O2   conftest.c  >&5
configure:4731: $? = 0
configure:4738: test -z "$ac_c_werror_flag" || test ! -s conftest.err
configure:4741: $? = 0
configure:4748: test -s conftest
configure:4751: $? = 0
configure:4764: result: yes
configure:4774: checking for alloca
configure:4821: gcc -o conftest -g -O2   conftest.c  >&5
configure:4827: $? = 0
configure:4834: test -z "$ac_c_werror_flag" || test ! -s conftest.err
configure:4837: $? = 0
configure:4844: test -s conftest
configure:4847: $? = 0
configure:4860: result: yes
configure:5105: checking for sqrt in -lm
configure:5140: gcc -o conftest -g -O2   conftest.c -lm   >&5
conftest.c:30: warning: conflicting types for built-in function `sqrt'
configure:5146: $? = 0
configure:5153: test -z "$ac_c_werror_flag" || test ! -s conftest.err
configure:5156: $? = 0
configure:5163: test -s conftest
configure:5166: $? = 0
configure:5180: result: yes
configure:5353: creating ./config.status

## ---------------------- ##
## Running config.status. ##
## ---------------------- ##

This file was extended by Infernal config.status 0.81, which was
generated by GNU Autoconf 2.60.  Invocation command line was

  CONFIG_FILES    = 
  CONFIG_HEADERS  = 
  CONFIG_LINKS    = 
  CONFIG_COMMANDS = 
  $ ./config.status 

on bioinfo.csie.ncu.edu.tw

config.status:600: creating src/Makefile
config.status:600: creating testsuite/Makefile
config.status:600: creating rigfilters/Makefile
config.status:600: creating rigfilters/cfsqp/Makefile
config.status:600: creating rigfilters/cm2hmm-1.0/Makefile
config.status:600: creating Makefile
config.status:600: creating src/config.h
configure:6410: === configuring in squid (/home/mooncat/public_html/program/RiboSW/infernal-0.81/squid)
configure:6513: running /bin/sh ./configure --prefix=/usr/local  --cache-file=/dev/null --srcdir=.
configure:6410: === configuring in easel (/home/mooncat/public_html/program/RiboSW/infernal-0.81/easel)
configure:6513: running /bin/sh ./configure --prefix=/usr/local  --cache-file=/dev/null --srcdir=.

## ---------------- ##
## Cache variables. ##
## ---------------- ##

ac_cv_c_compiler_gnu=yes
ac_cv_cxx_compiler_gnu=yes
ac_cv_env_CCC_set=
ac_cv_env_CCC_value=
ac_cv_env_CC_set=
ac_cv_env_CC_value=
ac_cv_env_CFLAGS_set=
ac_cv_env_CFLAGS_value=
ac_cv_env_CPPFLAGS_set=
ac_cv_env_CPPFLAGS_value=
ac_cv_env_CPP_set=
ac_cv_env_CPP_value=
ac_cv_env_CXXFLAGS_set=
ac_cv_env_CXXFLAGS_value=
ac_cv_env_CXX_set=
ac_cv_env_CXX_value=
ac_cv_env_LDFLAGS_set=
ac_cv_env_LDFLAGS_value=
ac_cv_env_MPICC_set=
ac_cv_env_MPICC_value=
ac_cv_env_build_alias_set=
ac_cv_env_build_alias_value=
ac_cv_env_host_alias_set=
ac_cv_env_host_alias_value=
ac_cv_env_target_alias_set=
ac_cv_env_target_alias_value=
ac_cv_func_alloca_works=yes
ac_cv_header_inttypes_h=yes
ac_cv_header_memory_h=yes
ac_cv_header_stdc=yes
ac_cv_header_stdint_h=yes
ac_cv_header_stdlib_h=yes
ac_cv_header_string_h=yes
ac_cv_header_strings_h=yes
ac_cv_header_sys_stat_h=yes
ac_cv_header_sys_types_h=yes
ac_cv_header_unistd_h=yes
ac_cv_lib_m_sqrt=yes
ac_cv_objext=o
ac_cv_path_AR=/usr/bin/ar
ac_cv_path_EGREP='/bin/grep -E'
ac_cv_path_GREP=/bin/grep
ac_cv_prog_CPP='gcc -E'
ac_cv_prog_ac_ct_CC=gcc
ac_cv_prog_ac_ct_CXX=g++
ac_cv_prog_ac_ct_RANLIB=ranlib
ac_cv_prog_cc_c89=
ac_cv_prog_cc_g=yes
ac_cv_prog_cxx_g=yes
ac_cv_working_alloca_h=yes

## ----------------- ##
## Output variables. ##
## ----------------- ##

ALLOCA=''
AR='/usr/bin/ar'
CC='gcc'
CFLAGS='-g -O2'
CPP='gcc -E'
CPPFLAGS=''
CXX='g++'
CXXFLAGS='-g -O2'
DEFS='-DHAVE_CONFIG_H'
ECHO_C=''
ECHO_N='-n'
ECHO_T=''
EGREP='/bin/grep -E'
EXEC_DEPENDENCY='%: %.o'
EXEEXT=''
GREP='/bin/grep'
LDFLAGS=''
LIBOBJS=''
LIBS=' -lm'
LTLIBOBJS=''
MPICC=''
MPILIBS=''
MPIPROGS=''
OBJEXT='o'
PACKAGE_BUGREPORT='eddys@janelia.hhmi.org'
PACKAGE_COPYRIGHT='Copyright (C) 2001-2007 HHMI Janelia Farm'
PACKAGE_DATE='May 2007'
PACKAGE_LICENSE='Freely distributed under the GNU General Public License (GPL)'
PACKAGE_LICENSETAG='gnu'
PACKAGE_NAME='Infernal'
PACKAGE_RELCODE='infernal0_81'
PACKAGE_STRING='Infernal 0.81'
PACKAGE_TARNAME='infernal'
PACKAGE_VERSION='0.81'
PATH_SEPARATOR=':'
RANLIB='ranlib'
RIGFILTERS='0'
SHELL='/bin/sh'
ac_ct_CC='gcc'
ac_ct_CXX='g++'
bindir='${exec_prefix}/bin'
build_alias=''
datadir='${datarootdir}'
datarootdir='${prefix}/share'
docdir='${datarootdir}/doc/${PACKAGE_TARNAME}'
dvidir='${docdir}'
exec_prefix='${prefix}'
host_alias=''
htmldir='${docdir}'
includedir='${prefix}/include'
infodir='${datarootdir}/info'
libdir='${exec_prefix}/lib'
libexecdir='${exec_prefix}/libexec'
localedir='${datarootdir}/locale'
localstatedir='${prefix}/var'
mandir='${datarootdir}/man'
oldincludedir='/usr/include'
pdfdir='${docdir}'
prefix='/usr/local'
program_transform_name='s,x,x,'
psdir='${docdir}'
sbindir='${exec_prefix}/sbin'
sharedstatedir='${prefix}/com'
subdirs=' squid easel'
sysconfdir='${prefix}/etc'
target_alias=''

## ----------- ##
## confdefs.h. ##
## ----------- ##

#define PACKAGE_NAME "Infernal"
#define PACKAGE_TARNAME "infernal"
#define PACKAGE_VERSION "0.81"
#define PACKAGE_STRING "Infernal 0.81"
#define PACKAGE_BUGREPORT "eddys@janelia.hhmi.org"
#define PACKAGE_DATE "May 2007"
#define PACKAGE_COPYRIGHT "Copyright (C) 2001-2007 HHMI Janelia Farm"
#define PACKAGE_LICENSE "Freely distributed under the GNU General Public License (GPL)"
#define STDC_HEADERS 1
#define HAVE_SYS_TYPES_H 1
#define HAVE_SYS_STAT_H 1
#define HAVE_STDLIB_H 1
#define HAVE_STRING_H 1
#define HAVE_MEMORY_H 1
#define HAVE_STRINGS_H 1
#define HAVE_INTTYPES_H 1
#define HAVE_STDINT_H 1
#define HAVE_UNISTD_H 1
#define HAVE_ALLOCA_H 1
#define HAVE_ALLOCA 1

configure: exit 0
