This file contains any messages produced by compilers while
running configure, to aid debugging if configure makes a mistake.

It was created by SQUID configure 1.9g, which was
generated by GNU Autoconf 2.60.  Invocation command line was

  $ ./configure --prefix=/usr/local --cache-file=/dev/null --srcdir=.

## --------- ##
## Platform. ##
## --------- ##

hostname = bioinfo.csie.ncu.edu.tw
uname -m = i686
uname -r = 2.4.20-8smp
uname -s = Linux
uname -v = #1 SMP Thu Mar 13 17:45:54 EST 2003

/usr/bin/uname -p = unknown
/bin/uname -X     = unknown

/bin/arch              = i686
/usr/bin/arch -k       = unknown
/usr/convex/getsysinfo = unknown
/usr/bin/hostinfo      = unknown
/bin/machine           = unknown
/usr/bin/oslevel       = unknown
/bin/universe          = unknown

PATH: /usr/java/jdk1.5.0_09/bin
PATH: /usr/kerberos/sbin
PATH: /usr/kerberos/bin
PATH: /usr/local/sbin
PATH: /usr/bin
PATH: /bin
PATH: /usr/sbin
PATH: /sbin
PATH: /usr/local/bin
PATH: /usr/X11R6/bin
PATH: /root/bin
PATH: /home/mooncat/TOOL/rnamotif-3.0.0/src
PATH: /home/mooncat/TOOL/mfold-3.1.2/bin


## ----------- ##
## Core tests. ##
## ----------- ##

configure:1691: configuring the SQUID library for your system.
configure:1778: checking for gcc
configure:1794: found /usr/bin/gcc
configure:1805: result: gcc
configure:2043: checking for C compiler version
configure:2050: gcc --version >&5
gcc (GCC) 3.2.2 20030222 (Red Hat Linux 3.2.2-5)
Copyright (C) 2002 Free Software Foundation, Inc.
This is free software; see the source for copying conditions.  There is NO
warranty; not even for MERCHANTABILITY or FITNESS FOR A PARTICULAR PURPOSE.

configure:2053: $? = 0
configure:2060: gcc -v >&5
Reading specs from /usr/lib/gcc-lib/i386-redhat-linux/3.2.2/specs
Configured with: ../configure --prefix=/usr --mandir=/usr/share/man --infodir=/usr/share/info --enable-shared --enable-threads=posix --disable-checking --with-system-zlib --enable-__cxa_atexit --host=i386-redhat-linux
Thread model: posix
gcc version 3.2.2 20030222 (Red Hat Linux 3.2.2-5)
configure:2063: $? = 0
configure:2070: gcc -V >&5
gcc: argument to `-V' is missing
configure:2073: $? = 1
configure:2096: checking for C compiler default output file name
configure:2123: gcc    conftest.c  >&5
configure:2126: $? = 0
configure:2172: result: a.out
configure:2177: checking whether the C compiler works
configure:2187: ./a.out
configure:2190: $? = 0
configure:2207: result: yes
configure:2214: checking whether we are cross compiling
configure:2216: result: no
configure:2219: checking for suffix of executables
configure:2226: gcc -o conftest    conftest.c  >&5
configure:2229: $? = 0
configure:2253: result: 
configure:2259: checking for suffix of object files
configure:2285: gcc -c   conftest.c >&5
configure:2288: $? = 0
configure:2311: result: o
configure:2315: checking whether we are using the GNU C compiler
configure:2344: gcc -c   conftest.c >&5
configure:2350: $? = 0
configure:2357: test -z "$ac_c_werror_flag" || test ! -s conftest.err
configure:2360: $? = 0
configure:2367: test -s conftest.o
configure:2370: $? = 0
configure:2384: result: yes
configure:2389: checking whether gcc accepts -g
configure:2419: gcc -c -g  conftest.c >&5
configure:2425: $? = 0
configure:2432: test -z "$ac_c_werror_flag" || test ! -s conftest.err
configure:2435: $? = 0
configure:2442: test -s conftest.o
configure:2445: $? = 0
configure:2575: result: yes
configure:2592: checking for gcc option to accept ISO C89
configure:2666: gcc  -c -g -O2  conftest.c >&5
configure:2672: $? = 0
configure:2679: test -z "$ac_c_werror_flag" || test ! -s conftest.err
configure:2682: $? = 0
configure:2689: test -s conftest.o
configure:2692: $? = 0
configure:2712: result: none needed
configure:2776: checking for ranlib
configure:2792: found /usr/bin/ranlib
configure:2803: result: ranlib
configure:2831: checking for ar
configure:2850: found /usr/bin/ar
configure:2863: result: /usr/bin/ar
configure:2892: checking whether your make is GNU make
configure:2900: result: yes, it is.
configure:2913: checking how to run the C preprocessor
configure:2953: gcc -E  conftest.c
configure:2959: $? = 0
configure:2997: gcc -E  conftest.c
conftest.c:12:28: ac_nonexistent.h: No such file or directory
configure:3003: $? = 1
configure: failed program was:
| /* confdefs.h.  */
| #define PACKAGE_NAME "SQUID"
| #define PACKAGE_TARNAME "squid"
| #define PACKAGE_VERSION "1.9g"
| #define PACKAGE_STRING "SQUID 1.9g"
| #define PACKAGE_BUGREPORT "eddy@genetics.wustl.edu"
| #define SQUID_DATE "January 2003"
| #define SQUID_COPYRIGHT "Copyright (C) 1992-2003 HHMI/Washington University School of Medicine"
| #define SQUID_LICENSE "Freely distributed under the GNU General Public License (GPL)"
| #define SQUID_VERSION "1.9g"
| /* end confdefs.h.  */
| #include <ac_nonexistent.h>
configure:3043: result: gcc -E
configure:3072: gcc -E  conftest.c
configure:3078: $? = 0
configure:3116: gcc -E  conftest.c
conftest.c:12:28: ac_nonexistent.h: No such file or directory
configure:3122: $? = 1
configure: failed program was:
| /* confdefs.h.  */
| #define PACKAGE_NAME "SQUID"
| #define PACKAGE_TARNAME "squid"
| #define PACKAGE_VERSION "1.9g"
| #define PACKAGE_STRING "SQUID 1.9g"
| #define PACKAGE_BUGREPORT "eddy@genetics.wustl.edu"
| #define SQUID_DATE "January 2003"
| #define SQUID_COPYRIGHT "Copyright (C) 1992-2003 HHMI/Washington University School of Medicine"
| #define SQUID_LICENSE "Freely distributed under the GNU General Public License (GPL)"
| #define SQUID_VERSION "1.9g"
| /* end confdefs.h.  */
| #include <ac_nonexistent.h>
configure:3167: checking for grep that handles long lines and -e
configure:3241: result: /bin/grep
configure:3246: checking for egrep
configure:3324: result: /bin/grep -E
configure:3329: checking for ANSI C header files
configure:3359: gcc -c -g -O2  conftest.c >&5
configure:3365: $? = 0
configure:3372: test -z "$ac_c_werror_flag" || test ! -s conftest.err
configure:3375: $? = 0
configure:3382: test -s conftest.o
configure:3385: $? = 0
configure:3478: gcc -o conftest -g -O2   conftest.c  >&5
configure:3481: $? = 0
configure:3487: ./conftest
configure:3490: $? = 0
configure:3507: result: yes
configure:3531: checking for sys/types.h
configure:3552: gcc -c -g -O2  conftest.c >&5
configure:3558: $? = 0
configure:3565: test -z "$ac_c_werror_flag" || test ! -s conftest.err
configure:3568: $? = 0
configure:3575: test -s conftest.o
configure:3578: $? = 0
configure:3591: result: yes
configure:3531: checking for sys/stat.h
configure:3552: gcc -c -g -O2  conftest.c >&5
configure:3558: $? = 0
configure:3565: test -z "$ac_c_werror_flag" || test ! -s conftest.err
configure:3568: $? = 0
configure:3575: test -s conftest.o
configure:3578: $? = 0
configure:3591: result: yes
configure:3531: checking for stdlib.h
configure:3552: gcc -c -g -O2  conftest.c >&5
configure:3558: $? = 0
configure:3565: test -z "$ac_c_werror_flag" || test ! -s conftest.err
configure:3568: $? = 0
configure:3575: test -s conftest.o
configure:3578: $? = 0
configure:3591: result: yes
configure:3531: checking for string.h
configure:3552: gcc -c -g -O2  conftest.c >&5
configure:3558: $? = 0
configure:3565: test -z "$ac_c_werror_flag" || test ! -s conftest.err
configure:3568: $? = 0
configure:3575: test -s conftest.o
configure:3578: $? = 0
configure:3591: result: yes
configure:3531: checking for memory.h
configure:3552: gcc -c -g -O2  conftest.c >&5
configure:3558: $? = 0
configure:3565: test -z "$ac_c_werror_flag" || test ! -s conftest.err
configure:3568: $? = 0
configure:3575: test -s conftest.o
configure:3578: $? = 0
configure:3591: result: yes
configure:3531: checking for strings.h
configure:3552: gcc -c -g -O2  conftest.c >&5
configure:3558: $? = 0
configure:3565: test -z "$ac_c_werror_flag" || test ! -s conftest.err
configure:3568: $? = 0
configure:3575: test -s conftest.o
configure:3578: $? = 0
configure:3591: result: yes
configure:3531: checking for inttypes.h
configure:3552: gcc -c -g -O2  conftest.c >&5
configure:3558: $? = 0
configure:3565: test -z "$ac_c_werror_flag" || test ! -s conftest.err
configure:3568: $? = 0
configure:3575: test -s conftest.o
configure:3578: $? = 0
configure:3591: result: yes
configure:3531: checking for stdint.h
configure:3552: gcc -c -g -O2  conftest.c >&5
configure:3558: $? = 0
configure:3565: test -z "$ac_c_werror_flag" || test ! -s conftest.err
configure:3568: $? = 0
configure:3575: test -s conftest.o
configure:3578: $? = 0
configure:3591: result: yes
configure:3531: checking for unistd.h
configure:3552: gcc -c -g -O2  conftest.c >&5
configure:3558: $? = 0
configure:3565: test -z "$ac_c_werror_flag" || test ! -s conftest.err
configure:3568: $? = 0
configure:3575: test -s conftest.o
configure:3578: $? = 0
configure:3591: result: yes
configure:3608: checking for unistd.h
configure:3614: result: yes
configure:3896: checking whether byte ordering is bigendian
configure:3928: gcc -c -g -O2  conftest.c >&5
configure:3934: $? = 0
configure:3941: test -z "$ac_c_werror_flag" || test ! -s conftest.err
configure:3944: $? = 0
configure:3951: test -s conftest.o
configure:3954: $? = 0
configure:3983: gcc -c -g -O2  conftest.c >&5
conftest.c: In function `main':
conftest.c:30: `not' undeclared (first use in this function)
conftest.c:30: (Each undeclared identifier is reported only once
conftest.c:30: for each function it appears in.)
conftest.c:30: parse error before "big"
configure:3989: $? = 1
configure: failed program was:
| /* confdefs.h.  */
| #define PACKAGE_NAME "SQUID"
| #define PACKAGE_TARNAME "squid"
| #define PACKAGE_VERSION "1.9g"
| #define PACKAGE_STRING "SQUID 1.9g"
| #define PACKAGE_BUGREPORT "eddy@genetics.wustl.edu"
| #define SQUID_DATE "January 2003"
| #define SQUID_COPYRIGHT "Copyright (C) 1992-2003 HHMI/Washington University School of Medicine"
| #define SQUID_LICENSE "Freely distributed under the GNU General Public License (GPL)"
| #define SQUID_VERSION "1.9g"
| #define STDC_HEADERS 1
| #define HAVE_SYS_TYPES_H 1
| #define HAVE_SYS_STAT_H 1
| #define HAVE_STDLIB_H 1
| #define HAVE_STRING_H 1
| #define HAVE_MEMORY_H 1
| #define HAVE_STRINGS_H 1
| #define HAVE_INTTYPES_H 1
| #define HAVE_STDINT_H 1
| #define HAVE_UNISTD_H 1
| #define HAVE_UNISTD_H 1
| /* end confdefs.h.  */
| #include <sys/types.h>
| #include <sys/param.h>
| 
| int
| main ()
| {
| #if BYTE_ORDER != BIG_ENDIAN
|  not big endian
| #endif
| 
|   ;
|   return 0;
| }
configure:4163: result: no
configure:4186: checking for ntohs
configure:4242: gcc -o conftest -g -O2   conftest.c  >&5
configure:4248: $? = 0
configure:4255: test -z "$ac_c_werror_flag" || test ! -s conftest.err
configure:4258: $? = 0
configure:4265: test -s conftest
configure:4268: $? = 0
configure:4282: result: yes
configure:4384: checking for ntohl
configure:4440: gcc -o conftest -g -O2   conftest.c  >&5
configure:4446: $? = 0
configure:4453: test -z "$ac_c_werror_flag" || test ! -s conftest.err
configure:4456: $? = 0
configure:4463: test -s conftest
configure:4466: $? = 0
configure:4480: result: yes
configure:4582: checking for htons
configure:4638: gcc -o conftest -g -O2   conftest.c  >&5
configure:4644: $? = 0
configure:4651: test -z "$ac_c_werror_flag" || test ! -s conftest.err
configure:4654: $? = 0
configure:4661: test -s conftest
configure:4664: $? = 0
configure:4678: result: yes
configure:4780: checking for htonl
configure:4836: gcc -o conftest -g -O2   conftest.c  >&5
configure:4842: $? = 0
configure:4849: test -z "$ac_c_werror_flag" || test ! -s conftest.err
configure:4852: $? = 0
configure:4859: test -s conftest
configure:4862: $? = 0
configure:4876: result: yes
configure:4975: checking for unsigned short
configure:5005: gcc -c -g -O2  conftest.c >&5
configure:5011: $? = 0
configure:5018: test -z "$ac_c_werror_flag" || test ! -s conftest.err
configure:5021: $? = 0
configure:5028: test -s conftest.o
configure:5031: $? = 0
configure:5043: result: yes
configure:5046: checking size of unsigned short
configure:5434: gcc -o conftest -g -O2   conftest.c  >&5
configure:5437: $? = 0
configure:5443: ./conftest
configure:5446: $? = 0
configure:5468: result: 2
configure:5475: checking for unsigned int
configure:5505: gcc -c -g -O2  conftest.c >&5
configure:5511: $? = 0
configure:5518: test -z "$ac_c_werror_flag" || test ! -s conftest.err
configure:5521: $? = 0
configure:5528: test -s conftest.o
configure:5531: $? = 0
configure:5543: result: yes
configure:5546: checking size of unsigned int
configure:5934: gcc -o conftest -g -O2   conftest.c  >&5
configure:5937: $? = 0
configure:5943: ./conftest
configure:5946: $? = 0
configure:5968: result: 4
configure:5975: checking for unsigned long
configure:6005: gcc -c -g -O2  conftest.c >&5
configure:6011: $? = 0
configure:6018: test -z "$ac_c_werror_flag" || test ! -s conftest.err
configure:6021: $? = 0
configure:6028: test -s conftest.o
configure:6031: $? = 0
configure:6043: result: yes
configure:6046: checking size of unsigned long
configure:6434: gcc -o conftest -g -O2   conftest.c  >&5
configure:6437: $? = 0
configure:6443: ./conftest
configure:6446: $? = 0
configure:6468: result: 4
configure:6475: checking for unsigned long long
configure:6505: gcc -c -g -O2  conftest.c >&5
configure:6511: $? = 0
configure:6518: test -z "$ac_c_werror_flag" || test ! -s conftest.err
configure:6521: $? = 0
configure:6528: test -s conftest.o
configure:6531: $? = 0
configure:6543: result: yes
configure:6546: checking size of unsigned long long
configure:6934: gcc -o conftest -g -O2   conftest.c  >&5
configure:6937: $? = 0
configure:6943: ./conftest
configure:6946: $? = 0
configure:6968: result: 8
configure:6980: checking for strtoul
configure:7036: gcc -o conftest -g -O2   conftest.c  >&5
configure:7042: $? = 0
configure:7049: test -z "$ac_c_werror_flag" || test ! -s conftest.err
configure:7052: $? = 0
configure:7059: test -s conftest
configure:7062: $? = 0
configure:7076: result: yes
configure:6980: checking for strtoull
configure:7036: gcc -o conftest -g -O2   conftest.c  >&5
configure:7042: $? = 0
configure:7049: test -z "$ac_c_werror_flag" || test ! -s conftest.err
configure:7052: $? = 0
configure:7059: test -s conftest
configure:7062: $? = 0
configure:7076: result: yes
configure:7131: checking whether fpos_t is an arithmetic datatype
configure:7155: gcc -c -g -O2  conftest.c >&5
conftest.c: In function `main':
conftest.c:37: invalid operands to binary ==
conftest.c:37: incompatible types in assignment
configure:7161: $? = 1
configure: failed program was:
| /* confdefs.h.  */
| #define PACKAGE_NAME "SQUID"
| #define PACKAGE_TARNAME "squid"
| #define PACKAGE_VERSION "1.9g"
| #define PACKAGE_STRING "SQUID 1.9g"
| #define PACKAGE_BUGREPORT "eddy@genetics.wustl.edu"
| #define SQUID_DATE "January 2003"
| #define SQUID_COPYRIGHT "Copyright (C) 1992-2003 HHMI/Washington University School of Medicine"
| #define SQUID_LICENSE "Freely distributed under the GNU General Public License (GPL)"
| #define SQUID_VERSION "1.9g"
| #define STDC_HEADERS 1
| #define HAVE_SYS_TYPES_H 1
| #define HAVE_SYS_STAT_H 1
| #define HAVE_STDLIB_H 1
| #define HAVE_STRING_H 1
| #define HAVE_MEMORY_H 1
| #define HAVE_STRINGS_H 1
| #define HAVE_INTTYPES_H 1
| #define HAVE_STDINT_H 1
| #define HAVE_UNISTD_H 1
| #define HAVE_UNISTD_H 1
| #define HAVE_NTOHS 1
| #define HAVE_NTOHL 1
| #define HAVE_HTONS 1
| #define HAVE_HTONL 1
| #define SIZEOF_UNSIGNED_SHORT 2
| #define SIZEOF_UNSIGNED_INT 4
| #define SIZEOF_UNSIGNED_LONG 4
| #define SIZEOF_UNSIGNED_LONG_LONG 8
| #define HAVE_STRTOUL 1
| #define HAVE_STRTOULL 1
| /* end confdefs.h.  */
| #include <stdio.h>
| int
| main ()
| {
| int main(void) { fpos_t f1, f2; if (f1 == f2) f1 = 0;}
|   ;
|   return 0;
| }
configure:7196: result: no.
configure:7217: checking for special C compiler options needed for large files
configure:7344: result: no
configure:7350: checking for _FILE_OFFSET_BITS value needed for large files
configure:7386: gcc -c -g -O2  conftest.c >&5
conftest.c:39: warning: left shift count >= width of type
conftest.c:39: warning: left shift count >= width of type
conftest.c:41: size of array `off_t_is_large' is negative
configure:7392: $? = 1
configure: failed program was:
| /* confdefs.h.  */
| #define PACKAGE_NAME "SQUID"
| #define PACKAGE_TARNAME "squid"
| #define PACKAGE_VERSION "1.9g"
| #define PACKAGE_STRING "SQUID 1.9g"
| #define PACKAGE_BUGREPORT "eddy@genetics.wustl.edu"
| #define SQUID_DATE "January 2003"
| #define SQUID_COPYRIGHT "Copyright (C) 1992-2003 HHMI/Washington University School of Medicine"
| #define SQUID_LICENSE "Freely distributed under the GNU General Public License (GPL)"
| #define SQUID_VERSION "1.9g"
| #define STDC_HEADERS 1
| #define HAVE_SYS_TYPES_H 1
| #define HAVE_SYS_STAT_H 1
| #define HAVE_STDLIB_H 1
| #define HAVE_STRING_H 1
| #define HAVE_MEMORY_H 1
| #define HAVE_STRINGS_H 1
| #define HAVE_INTTYPES_H 1
| #define HAVE_STDINT_H 1
| #define HAVE_UNISTD_H 1
| #define HAVE_UNISTD_H 1
| #define HAVE_NTOHS 1
| #define HAVE_NTOHL 1
| #define HAVE_HTONS 1
| #define HAVE_HTONL 1
| #define SIZEOF_UNSIGNED_SHORT 2
| #define SIZEOF_UNSIGNED_INT 4
| #define SIZEOF_UNSIGNED_LONG 4
| #define SIZEOF_UNSIGNED_LONG_LONG 8
| #define HAVE_STRTOUL 1
| #define HAVE_STRTOULL 1
| /* end confdefs.h.  */
| #include <sys/types.h>
|  /* Check that off_t can represent 2**63 - 1 correctly.
|     We can't simply define LARGE_OFF_T to be 9223372036854775807,
|     since some C++ compilers masquerading as C compilers
|     incorrectly reject 9223372036854775807.  */
| #define LARGE_OFF_T (((off_t) 1 << 62) - 1 + ((off_t) 1 << 62))
|   int off_t_is_large[(LARGE_OFF_T % 2147483629 == 721
| 		       && LARGE_OFF_T % 2147483647 == 1)
| 		      ? 1 : -1];
| int
| main ()
| {
| 
|   ;
|   return 0;
| }
configure:7453: gcc -c -g -O2  conftest.c >&5
configure:7459: $? = 0
configure:7466: test -z "$ac_c_werror_flag" || test ! -s conftest.err
configure:7469: $? = 0
configure:7476: test -s conftest.o
configure:7479: $? = 0
configure:7493: result: 64
configure:7503: checking for _LARGE_FILES value needed for large files
configure:7539: gcc -c -g -O2  conftest.c >&5
configure:7545: $? = 0
configure:7552: test -z "$ac_c_werror_flag" || test ! -s conftest.err
configure:7555: $? = 0
configure:7562: test -s conftest.o
configure:7565: $? = 0
configure:7646: result: no
configure:7658: checking for _LARGEFILE_SOURCE value needed for large files
configure:7686: gcc -c -g -O2  conftest.c >&5
conftest.c: In function `main':
conftest.c:38: `fseeko' undeclared (first use in this function)
conftest.c:38: (Each undeclared identifier is reported only once
conftest.c:38: for each function it appears in.)
configure:7692: $? = 1
configure: failed program was:
| /* confdefs.h.  */
| #define PACKAGE_NAME "SQUID"
| #define PACKAGE_TARNAME "squid"
| #define PACKAGE_VERSION "1.9g"
| #define PACKAGE_STRING "SQUID 1.9g"
| #define PACKAGE_BUGREPORT "eddy@genetics.wustl.edu"
| #define SQUID_DATE "January 2003"
| #define SQUID_COPYRIGHT "Copyright (C) 1992-2003 HHMI/Washington University School of Medicine"
| #define SQUID_LICENSE "Freely distributed under the GNU General Public License (GPL)"
| #define SQUID_VERSION "1.9g"
| #define STDC_HEADERS 1
| #define HAVE_SYS_TYPES_H 1
| #define HAVE_SYS_STAT_H 1
| #define HAVE_STDLIB_H 1
| #define HAVE_STRING_H 1
| #define HAVE_MEMORY_H 1
| #define HAVE_STRINGS_H 1
| #define HAVE_INTTYPES_H 1
| #define HAVE_STDINT_H 1
| #define HAVE_UNISTD_H 1
| #define HAVE_UNISTD_H 1
| #define HAVE_NTOHS 1
| #define HAVE_NTOHL 1
| #define HAVE_HTONS 1
| #define HAVE_HTONL 1
| #define SIZEOF_UNSIGNED_SHORT 2
| #define SIZEOF_UNSIGNED_INT 4
| #define SIZEOF_UNSIGNED_LONG 4
| #define SIZEOF_UNSIGNED_LONG_LONG 8
| #define HAVE_STRTOUL 1
| #define HAVE_STRTOULL 1
| #define _FILE_OFFSET_BITS 64
| /* end confdefs.h.  */
| #include <stdio.h>
| int
| main ()
| {
| return !fseeko;
|   ;
|   return 0;
| }
configure:7745: gcc -c -g -O2  conftest.c >&5
configure:7751: $? = 0
configure:7758: test -z "$ac_c_werror_flag" || test ! -s conftest.err
configure:7761: $? = 0
configure:7768: test -s conftest.o
configure:7771: $? = 0
configure:7785: result: 1
configure:7799: checking for fseeko
configure:7825: gcc -o conftest -g -O2   conftest.c  >&5
configure:7831: $? = 0
configure:7838: test -z "$ac_c_werror_flag" || test ! -s conftest.err
configure:7841: $? = 0
configure:7848: test -s conftest
configure:7851: $? = 0
configure:7864: result: yes
configure:7878: checking for strtoull
configure:7974: result: yes
configure:7988: checking for ftello
configure:8044: gcc -o conftest -g -O2   conftest.c  >&5
configure:8050: $? = 0
configure:8057: test -z "$ac_c_werror_flag" || test ! -s conftest.err
configure:8060: $? = 0
configure:8067: test -s conftest
configure:8070: $? = 0
configure:8084: result: yes
configure:8099: checking for ftello64
configure:8155: gcc -o conftest -g -O2   conftest.c  >&5
configure:8161: $? = 0
configure:8168: test -z "$ac_c_werror_flag" || test ! -s conftest.err
configure:8171: $? = 0
configure:8178: test -s conftest
configure:8181: $? = 0
configure:8195: result: yes
configure:8099: checking for fseeko64
configure:8155: gcc -o conftest -g -O2   conftest.c  >&5
configure:8161: $? = 0
configure:8168: test -z "$ac_c_werror_flag" || test ! -s conftest.err
configure:8171: $? = 0
configure:8178: test -s conftest
configure:8181: $? = 0
configure:8195: result: yes
configure:8210: checking for ftell64
configure:8266: gcc -o conftest -g -O2   conftest.c  >&5
/tmp/cciTnvHl.o(.text+0xa): In function `main':
/home/mooncat/public_html/program/RiboSW/infernal-0.81/squid/conftest.c:74: undefined reference to `ftell64'
collect2: ld returned 1 exit status
configure:8272: $? = 1
configure: failed program was:
| /* confdefs.h.  */
| #define PACKAGE_NAME "SQUID"
| #define PACKAGE_TARNAME "squid"
| #define PACKAGE_VERSION "1.9g"
| #define PACKAGE_STRING "SQUID 1.9g"
| #define PACKAGE_BUGREPORT "eddy@genetics.wustl.edu"
| #define SQUID_DATE "January 2003"
| #define SQUID_COPYRIGHT "Copyright (C) 1992-2003 HHMI/Washington University School of Medicine"
| #define SQUID_LICENSE "Freely distributed under the GNU General Public License (GPL)"
| #define SQUID_VERSION "1.9g"
| #define STDC_HEADERS 1
| #define HAVE_SYS_TYPES_H 1
| #define HAVE_SYS_STAT_H 1
| #define HAVE_STDLIB_H 1
| #define HAVE_STRING_H 1
| #define HAVE_MEMORY_H 1
| #define HAVE_STRINGS_H 1
| #define HAVE_INTTYPES_H 1
| #define HAVE_STDINT_H 1
| #define HAVE_UNISTD_H 1
| #define HAVE_UNISTD_H 1
| #define HAVE_NTOHS 1
| #define HAVE_NTOHL 1
| #define HAVE_HTONS 1
| #define HAVE_HTONL 1
| #define SIZEOF_UNSIGNED_SHORT 2
| #define SIZEOF_UNSIGNED_INT 4
| #define SIZEOF_UNSIGNED_LONG 4
| #define SIZEOF_UNSIGNED_LONG_LONG 8
| #define HAVE_STRTOUL 1
| #define HAVE_STRTOULL 1
| #define _FILE_OFFSET_BITS 64
| #define _LARGEFILE_SOURCE 1
| #define HAVE_FSEEKO 1
| #define HAVE_STRTOULL 1
| #define HAVE_FTELLO 1
| #define HAVE_FTELLO64 1
| #define HAVE_FSEEKO64 1
| /* end confdefs.h.  */
| /* Define ftell64 to an innocuous variant, in case <limits.h> declares ftell64.
|    For example, HP-UX 11i <limits.h> declares gettimeofday.  */
| #define ftell64 innocuous_ftell64
| 
| /* System header to define __stub macros and hopefully few prototypes,
|     which can conflict with char ftell64 (); below.
|     Prefer <limits.h> to <assert.h> if __STDC__ is defined, since
|     <limits.h> exists even on freestanding compilers.  */
| 
| #ifdef __STDC__
| # include <limits.h>
| #else
| # include <assert.h>
| #endif
| 
| #undef ftell64
| 
| /* Override any GCC internal prototype to avoid an error.
|    Use char because int might match the return type of a GCC
|    builtin and then its argument prototype would still apply.  */
| #ifdef __cplusplus
| extern "C"
| #endif
| char ftell64 ();
| /* The GNU C library defines this for functions which it implements
|     to always fail with ENOSYS.  Some functions are actually named
|     something starting with __ and the normal name is an alias.  */
| #if defined __stub_ftell64 || defined __stub___ftell64
| choke me
| #endif
| 
| int
| main ()
| {
| return ftell64 ();
|   ;
|   return 0;
| }
configure:8306: result: no
configure:8210: checking for fseek64
configure:8266: gcc -o conftest -g -O2   conftest.c  >&5
/tmp/cc7JDsAm.o(.text+0xa): In function `main':
/home/mooncat/public_html/program/RiboSW/infernal-0.81/squid/conftest.c:74: undefined reference to `fseek64'
collect2: ld returned 1 exit status
configure:8272: $? = 1
configure: failed program was:
| /* confdefs.h.  */
| #define PACKAGE_NAME "SQUID"
| #define PACKAGE_TARNAME "squid"
| #define PACKAGE_VERSION "1.9g"
| #define PACKAGE_STRING "SQUID 1.9g"
| #define PACKAGE_BUGREPORT "eddy@genetics.wustl.edu"
| #define SQUID_DATE "January 2003"
| #define SQUID_COPYRIGHT "Copyright (C) 1992-2003 HHMI/Washington University School of Medicine"
| #define SQUID_LICENSE "Freely distributed under the GNU General Public License (GPL)"
| #define SQUID_VERSION "1.9g"
| #define STDC_HEADERS 1
| #define HAVE_SYS_TYPES_H 1
| #define HAVE_SYS_STAT_H 1
| #define HAVE_STDLIB_H 1
| #define HAVE_STRING_H 1
| #define HAVE_MEMORY_H 1
| #define HAVE_STRINGS_H 1
| #define HAVE_INTTYPES_H 1
| #define HAVE_STDINT_H 1
| #define HAVE_UNISTD_H 1
| #define HAVE_UNISTD_H 1
| #define HAVE_NTOHS 1
| #define HAVE_NTOHL 1
| #define HAVE_HTONS 1
| #define HAVE_HTONL 1
| #define SIZEOF_UNSIGNED_SHORT 2
| #define SIZEOF_UNSIGNED_INT 4
| #define SIZEOF_UNSIGNED_LONG 4
| #define SIZEOF_UNSIGNED_LONG_LONG 8
| #define HAVE_STRTOUL 1
| #define HAVE_STRTOULL 1
| #define _FILE_OFFSET_BITS 64
| #define _LARGEFILE_SOURCE 1
| #define HAVE_FSEEKO 1
| #define HAVE_STRTOULL 1
| #define HAVE_FTELLO 1
| #define HAVE_FTELLO64 1
| #define HAVE_FSEEKO64 1
| /* end confdefs.h.  */
| /* Define fseek64 to an innocuous variant, in case <limits.h> declares fseek64.
|    For example, HP-UX 11i <limits.h> declares gettimeofday.  */
| #define fseek64 innocuous_fseek64
| 
| /* System header to define __stub macros and hopefully few prototypes,
|     which can conflict with char fseek64 (); below.
|     Prefer <limits.h> to <assert.h> if __STDC__ is defined, since
|     <limits.h> exists even on freestanding compilers.  */
| 
| #ifdef __STDC__
| # include <limits.h>
| #else
| # include <assert.h>
| #endif
| 
| #undef fseek64
| 
| /* Override any GCC internal prototype to avoid an error.
|    Use char because int might match the return type of a GCC
|    builtin and then its argument prototype would still apply.  */
| #ifdef __cplusplus
| extern "C"
| #endif
| char fseek64 ();
| /* The GNU C library defines this for functions which it implements
|     to always fail with ENOSYS.  Some functions are actually named
|     something starting with __ and the normal name is an alias.  */
| #if defined __stub_fseek64 || defined __stub___fseek64
| choke me
| #endif
| 
| int
| main ()
| {
| return fseek64 ();
|   ;
|   return 0;
| }
configure:8306: result: no
configure:8316: checking for stat64
configure:8372: gcc -o conftest -g -O2   conftest.c  >&5
configure:8378: $? = 0
configure:8385: test -z "$ac_c_werror_flag" || test ! -s conftest.err
configure:8388: $? = 0
configure:8395: test -s conftest
configure:8398: $? = 0
configure:8411: result: yes
configure:8414: checking for struct stat64
configure:8440: gcc -c -g -O2  conftest.c >&5
conftest.c: In function `main':
conftest.c:46: storage size of `s1' isn't known
configure:8446: $? = 1
configure: failed program was:
| /* confdefs.h.  */
| #define PACKAGE_NAME "SQUID"
| #define PACKAGE_TARNAME "squid"
| #define PACKAGE_VERSION "1.9g"
| #define PACKAGE_STRING "SQUID 1.9g"
| #define PACKAGE_BUGREPORT "eddy@genetics.wustl.edu"
| #define SQUID_DATE "January 2003"
| #define SQUID_COPYRIGHT "Copyright (C) 1992-2003 HHMI/Washington University School of Medicine"
| #define SQUID_LICENSE "Freely distributed under the GNU General Public License (GPL)"
| #define SQUID_VERSION "1.9g"
| #define STDC_HEADERS 1
| #define HAVE_SYS_TYPES_H 1
| #define HAVE_SYS_STAT_H 1
| #define HAVE_STDLIB_H 1
| #define HAVE_STRING_H 1
| #define HAVE_MEMORY_H 1
| #define HAVE_STRINGS_H 1
| #define HAVE_INTTYPES_H 1
| #define HAVE_STDINT_H 1
| #define HAVE_UNISTD_H 1
| #define HAVE_UNISTD_H 1
| #define HAVE_NTOHS 1
| #define HAVE_NTOHL 1
| #define HAVE_HTONS 1
| #define HAVE_HTONL 1
| #define SIZEOF_UNSIGNED_SHORT 2
| #define SIZEOF_UNSIGNED_INT 4
| #define SIZEOF_UNSIGNED_LONG 4
| #define SIZEOF_UNSIGNED_LONG_LONG 8
| #define HAVE_STRTOUL 1
| #define HAVE_STRTOULL 1
| #define _FILE_OFFSET_BITS 64
| #define _LARGEFILE_SOURCE 1
| #define HAVE_FSEEKO 1
| #define HAVE_STRTOULL 1
| #define HAVE_FTELLO 1
| #define HAVE_FTELLO64 1
| #define HAVE_FSEEKO64 1
| /* end confdefs.h.  */
| #include <sys/types.h>
|                     #include <sys/stat.h>
|                     #include <unistd.h>
| int
| main ()
| {
| int main(void) { struct stat64 s1;}
|   ;
|   return 0;
| }
configure:8481: result: no!
configure:8486: checking for off_t
configure:8516: gcc -c -g -O2  conftest.c >&5
configure:8522: $? = 0
configure:8529: test -z "$ac_c_werror_flag" || test ! -s conftest.err
configure:8532: $? = 0
configure:8539: test -s conftest.o
configure:8542: $? = 0
configure:8554: result: yes
configure:8557: checking size of off_t
configure:8945: gcc -o conftest -g -O2   conftest.c  >&5
configure:8948: $? = 0
configure:8954: ./conftest
configure:8957: $? = 0
configure:8979: result: 8
configure:8986: checking for off64_t
configure:9016: gcc -c -g -O2  conftest.c >&5
conftest.c:74: parse error before "ac__type_new_"
conftest.c:74: warning: data definition has no type or storage class
conftest.c: In function `main':
conftest.c:78: parse error before ')' token
configure:9022: $? = 1
configure: failed program was:
| /* confdefs.h.  */
| #define PACKAGE_NAME "SQUID"
| #define PACKAGE_TARNAME "squid"
| #define PACKAGE_VERSION "1.9g"
| #define PACKAGE_STRING "SQUID 1.9g"
| #define PACKAGE_BUGREPORT "eddy@genetics.wustl.edu"
| #define SQUID_DATE "January 2003"
| #define SQUID_COPYRIGHT "Copyright (C) 1992-2003 HHMI/Washington University School of Medicine"
| #define SQUID_LICENSE "Freely distributed under the GNU General Public License (GPL)"
| #define SQUID_VERSION "1.9g"
| #define STDC_HEADERS 1
| #define HAVE_SYS_TYPES_H 1
| #define HAVE_SYS_STAT_H 1
| #define HAVE_STDLIB_H 1
| #define HAVE_STRING_H 1
| #define HAVE_MEMORY_H 1
| #define HAVE_STRINGS_H 1
| #define HAVE_INTTYPES_H 1
| #define HAVE_STDINT_H 1
| #define HAVE_UNISTD_H 1
| #define HAVE_UNISTD_H 1
| #define HAVE_NTOHS 1
| #define HAVE_NTOHL 1
| #define HAVE_HTONS 1
| #define HAVE_HTONL 1
| #define SIZEOF_UNSIGNED_SHORT 2
| #define SIZEOF_UNSIGNED_INT 4
| #define SIZEOF_UNSIGNED_LONG 4
| #define SIZEOF_UNSIGNED_LONG_LONG 8
| #define HAVE_STRTOUL 1
| #define HAVE_STRTOULL 1
| #define _FILE_OFFSET_BITS 64
| #define _LARGEFILE_SOURCE 1
| #define HAVE_FSEEKO 1
| #define HAVE_STRTOULL 1
| #define HAVE_FTELLO 1
| #define HAVE_FTELLO64 1
| #define HAVE_FSEEKO64 1
| #define SIZEOF_OFF_T 8
| /* end confdefs.h.  */
| #include <stdio.h>
| #if HAVE_SYS_TYPES_H
| # include <sys/types.h>
| #endif
| #if HAVE_SYS_STAT_H
| # include <sys/stat.h>
| #endif
| #if STDC_HEADERS
| # include <stdlib.h>
| # include <stddef.h>
| #else
| # if HAVE_STDLIB_H
| #  include <stdlib.h>
| # endif
| #endif
| #if HAVE_STRING_H
| # if !STDC_HEADERS && HAVE_MEMORY_H
| #  include <memory.h>
| # endif
| # include <string.h>
| #endif
| #if HAVE_STRINGS_H
| # include <strings.h>
| #endif
| #if HAVE_INTTYPES_H
| # include <inttypes.h>
| #endif
| #if HAVE_STDINT_H
| # include <stdint.h>
| #endif
| #if HAVE_UNISTD_H
| # include <unistd.h>
| #endif
| typedef off64_t ac__type_new_;
| int
| main ()
| {
| if ((ac__type_new_ *) 0)
|   return 0;
| if (sizeof (ac__type_new_))
|   return 0;
|   ;
|   return 0;
| }
configure:9054: result: no
configure:9057: checking size of off64_t
configure:9479: result: 0
configure:9486: checking for fpos_t
configure:9516: gcc -c -g -O2  conftest.c >&5
configure:9522: $? = 0
configure:9529: test -z "$ac_c_werror_flag" || test ! -s conftest.err
configure:9532: $? = 0
configure:9539: test -s conftest.o
configure:9542: $? = 0
configure:9554: result: yes
configure:9557: checking size of fpos_t
configure:9945: gcc -o conftest -g -O2   conftest.c  >&5
configure:9948: $? = 0
configure:9954: ./conftest
configure:9957: $? = 0
configure:9979: result: 16
configure:9997: checking for popen
configure:10053: gcc -o conftest -g -O2   conftest.c  >&5
configure:10059: $? = 0
configure:10066: test -z "$ac_c_werror_flag" || test ! -s conftest.err
configure:10069: $? = 0
configure:10076: test -s conftest
configure:10079: $? = 0
configure:10093: result: yes
configure:10107: checking for times
configure:10163: gcc -o conftest -g -O2   conftest.c  >&5
configure:10169: $? = 0
configure:10176: test -z "$ac_c_werror_flag" || test ! -s conftest.err
configure:10179: $? = 0
configure:10186: test -s conftest
configure:10189: $? = 0
configure:10203: result: yes
configure:10329: creating ./config.status

## ---------------------- ##
## Running config.status. ##
## ---------------------- ##

This file was extended by SQUID config.status 1.9g, which was
generated by GNU Autoconf 2.60.  Invocation command line was

  CONFIG_FILES    = 
  CONFIG_HEADERS  = 
  CONFIG_LINKS    = 
  CONFIG_COMMANDS = 
  $ ./config.status 

on bioinfo.csie.ncu.edu.tw

config.status:595: creating Makefile
config.status:595: creating Testsuite/Makefile
config.status:595: creating squid.h
config.status:595: creating squidconf.h

## ---------------- ##
## Cache variables. ##
## ---------------- ##

ac_cv_c_bigendian=no
ac_cv_c_compiler_gnu=yes
ac_cv_env_CC_set=
ac_cv_env_CC_value=
ac_cv_env_CFLAGS_set=
ac_cv_env_CFLAGS_value=
ac_cv_env_CPPFLAGS_set=
ac_cv_env_CPPFLAGS_value=
ac_cv_env_CPP_set=
ac_cv_env_CPP_value=
ac_cv_env_LDFLAGS_set=
ac_cv_env_LDFLAGS_value=
ac_cv_env_build_alias_set=
ac_cv_env_build_alias_value=
ac_cv_env_host_alias_set=
ac_cv_env_host_alias_value=
ac_cv_env_target_alias_set=
ac_cv_env_target_alias_value=
ac_cv_func_fseek64=no
ac_cv_func_fseeko64=yes
ac_cv_func_fseeko=yes
ac_cv_func_ftell64=no
ac_cv_func_ftello64=yes
ac_cv_func_ftello=yes
ac_cv_func_htonl=yes
ac_cv_func_htons=yes
ac_cv_func_ntohl=yes
ac_cv_func_ntohs=yes
ac_cv_func_popen=yes
ac_cv_func_stat64=yes
ac_cv_func_strtoul=yes
ac_cv_func_strtoull=yes
ac_cv_func_times=yes
ac_cv_header_inttypes_h=yes
ac_cv_header_memory_h=yes
ac_cv_header_stdc=yes
ac_cv_header_stdint_h=yes
ac_cv_header_stdlib_h=yes
ac_cv_header_string_h=yes
ac_cv_header_strings_h=yes
ac_cv_header_sys_stat_h=yes
ac_cv_header_sys_types_h=yes
ac_cv_header_unistd_h=yes
ac_cv_objext=o
ac_cv_path_AR=/usr/bin/ar
ac_cv_path_EGREP='/bin/grep -E'
ac_cv_path_GREP=/bin/grep
ac_cv_prog_CPP='gcc -E'
ac_cv_prog_ac_ct_CC=gcc
ac_cv_prog_ac_ct_RANLIB=ranlib
ac_cv_prog_cc_c89=
ac_cv_prog_cc_g=yes
ac_cv_sizeof_fpos_t=16
ac_cv_sizeof_off64_t=0
ac_cv_sizeof_off_t=8
ac_cv_sizeof_unsigned_int=4
ac_cv_sizeof_unsigned_long=4
ac_cv_sizeof_unsigned_long_long=8
ac_cv_sizeof_unsigned_short=2
ac_cv_sys_file_offset_bits=64
ac_cv_sys_large_files=no
ac_cv_sys_largefile_CC=no
ac_cv_sys_largefile_source=1
ac_cv_type_fpos_t=yes
ac_cv_type_off64_t=no
ac_cv_type_off_t=yes
ac_cv_type_unsigned_int=yes
ac_cv_type_unsigned_long=yes
ac_cv_type_unsigned_long_long=yes
ac_cv_type_unsigned_short=yes

## ----------------- ##
## Output variables. ##
## ----------------- ##

AR='/usr/bin/ar'
CC='gcc'
CFLAGS='-g -O2'
CPP='gcc -E'
CPPFLAGS=''
DEFS='-DHAVE_CONFIG_H'
ECHO_C=''
ECHO_N='-n'
ECHO_T=''
EGREP='/bin/grep -E'
EXEC_DEPENDENCY='%: %_main.o'
EXEEXT=''
GREP='/bin/grep'
LDFLAGS=''
LIBOBJS=''
LIBS=''
LTLIBOBJS=''
OBJEXT='o'
PACKAGE_BUGREPORT='eddy@genetics.wustl.edu'
PACKAGE_NAME='SQUID'
PACKAGE_STRING='SQUID 1.9g'
PACKAGE_TARNAME='squid'
PACKAGE_VERSION='1.9g'
PATH_SEPARATOR=':'
PVMINCDIR=''
PVMLIBDIR=''
PVMLIBS=''
RANLIB='ranlib'
SHELL='/bin/sh'
SQD_UINT16='unsigned short    '
SQD_UINT32='unsigned int      '
SQD_UINT64='unsigned long long'
SQUID_COPYRIGHT='Copyright (C) 1992-2003 HHMI/Washington University School of Medicine'
SQUID_DATE='January 2003'
SQUID_LICENSE='Freely distributed under the GNU General Public License (GPL)'
SQUID_LICENSETAG='gnu'
SQUID_RELCODE='squid1_9g'
SQUID_VERSION='1.9g'
ac_ct_CC='gcc'
bindir='${exec_prefix}/bin'
build_alias=''
datadir='${datarootdir}'
datarootdir='${prefix}/share'
docdir='${datarootdir}/doc/${PACKAGE_TARNAME}'
dvidir='${docdir}'
exec_prefix='${prefix}'
host_alias=''
htmldir='${docdir}'
includedir='${prefix}/include'
infodir='${datarootdir}/info'
libdir='${exec_prefix}/lib'
libexecdir='${exec_prefix}/libexec'
localedir='${datarootdir}/locale'
localstatedir='${prefix}/var'
mandir='${datarootdir}/man'
oldincludedir='/usr/include'
pdfdir='${docdir}'
prefix='/usr/local'
program_transform_name='s,x,x,'
psdir='${docdir}'
sbindir='${exec_prefix}/sbin'
sharedstatedir='${prefix}/com'
sysconfdir='${prefix}/etc'
target_alias=''

## ----------- ##
## confdefs.h. ##
## ----------- ##

#define PACKAGE_NAME "SQUID"
#define PACKAGE_TARNAME "squid"
#define PACKAGE_VERSION "1.9g"
#define PACKAGE_STRING "SQUID 1.9g"
#define PACKAGE_BUGREPORT "eddy@genetics.wustl.edu"
#define SQUID_DATE "January 2003"
#define SQUID_COPYRIGHT "Copyright (C) 1992-2003 HHMI/Washington University School of Medicine"
#define SQUID_LICENSE "Freely distributed under the GNU General Public License (GPL)"
#define SQUID_VERSION "1.9g"
#define STDC_HEADERS 1
#define HAVE_SYS_TYPES_H 1
#define HAVE_SYS_STAT_H 1
#define HAVE_STDLIB_H 1
#define HAVE_STRING_H 1
#define HAVE_MEMORY_H 1
#define HAVE_STRINGS_H 1
#define HAVE_INTTYPES_H 1
#define HAVE_STDINT_H 1
#define HAVE_UNISTD_H 1
#define HAVE_UNISTD_H 1
#define HAVE_NTOHS 1
#define HAVE_NTOHL 1
#define HAVE_HTONS 1
#define HAVE_HTONL 1
#define SIZEOF_UNSIGNED_SHORT 2
#define SIZEOF_UNSIGNED_INT 4
#define SIZEOF_UNSIGNED_LONG 4
#define SIZEOF_UNSIGNED_LONG_LONG 8
#define HAVE_STRTOUL 1
#define HAVE_STRTOULL 1
#define _FILE_OFFSET_BITS 64
#define _LARGEFILE_SOURCE 1
#define HAVE_FSEEKO 1
#define HAVE_STRTOULL 1
#define HAVE_FTELLO 1
#define HAVE_FTELLO64 1
#define HAVE_FSEEKO64 1
#define SIZEOF_OFF_T 8
#define SIZEOF_OFF64_T 0
#define SIZEOF_FPOS_T 16
#define HAVE_POPEN 1
#define HAVE_TIMES 1

configure: exit 0
